
================================================================
======== txAdmin Starting - 12/25/2021, 5:01:42 AM              
================================================================

================================================================
======== Log Rotated - 12/25/2021, 5:01:42 AM                   
================================================================

================================================================
======== txAdmin Starting - 12/25/2021, 5:04:42 AM              
================================================================

================================================================
======== txAdmin Starting - 12/25/2021, 5:05:50 AM              
================================================================

================================================================
======== txAdmin Starting - 12/25/2021, 5:08:11 AM              
================================================================

================================================================
======== txAdmin Starting - 12/25/2021, 5:09:07 AM              
================================================================
[05:11:45] [arx_isox] logged in via in-game ui
[05:13:31] [arx_isox] logged in from 127.0.0.1 via password
[05:13:50] [arx_isox] stop "esx_customui"
[05:16:06] [arx_isox] logged in from via NUI iframe
[05:19:36] [arx_isox] stop "Seatbelt"

================================================================
======== txAdmin Starting - 12/25/2021, 9:43:37 AM              
================================================================

================================================================
======== txAdmin Starting - 12/25/2021, 9:43:59 AM              
================================================================

================================================================
======== txAdmin Starting - 12/25/2021, 9:44:08 AM              
================================================================
[09:47:35] [arx_isox] logged in via in-game ui

================================================================
======== txAdmin Starting - 12/25/2021, 10:06:28 AM             
================================================================
[10:07:09] [arx_isox] logged in via in-game ui
[10:08:10] [arx_isox] logged in from 127.0.0.1 via password
[10:08:21] [arx_isox] ensure "irrp_hud"
[10:10:57] [arx_isox] ensure "irrp_hud"

================================================================
======== txAdmin Starting - 12/25/2021, 11:02:00 AM             
================================================================
[11:03:25] [arx_isox] logged in via in-game ui

================================================================
======== txAdmin Starting - 12/25/2021, 11:15:39 AM             
================================================================
[11:16:39] [arx_isox] logged in via in-game ui

================================================================
======== txAdmin Starting - 12/25/2021, 12:04:52 PM             
================================================================
