
================================================================
======== txAdmin Starting - 12/28/2021, 2:39:15 AM              
================================================================

================================================================
======== Log Rotated - 12/28/2021, 2:39:15 AM                   
================================================================

================================================================
======== txAdmin Starting - 12/28/2021, 2:40:51 AM              
================================================================
[02:44:47] [arx_isox] logged in via in-game ui

================================================================
======== txAdmin Starting - 12/28/2021, 2:45:14 AM              
================================================================
[02:45:45] [arx_isox] logged in via in-game ui

================================================================
======== txAdmin Starting - 12/28/2021, 2:49:39 AM              
================================================================
[02:50:19] [arx_isox] logged in via in-game ui

================================================================
======== txAdmin Starting - 12/28/2021, 3:34:46 AM              
================================================================
[03:38:31] [arx_isox] logged in via in-game ui

================================================================
======== txAdmin Starting - 12/28/2021, 3:48:49 AM              
================================================================
[03:49:26] [arx_isox] logged in via in-game ui

================================================================
======== txAdmin Starting - 12/28/2021, 1:25:41 PM              
================================================================

================================================================
======== txAdmin Starting - 12/28/2021, 1:26:42 PM              
================================================================

================================================================
======== txAdmin Starting - 12/28/2021, 1:26:58 PM              
================================================================

================================================================
======== txAdmin Starting - 12/28/2021, 1:48:02 PM              
================================================================
[13:50:09] [arx_isox] logged in via in-game ui
[14:05:53] [arx_isox] logged in from 127.0.0.1 via password
[14:06:12] [arx_isox] ensure "esx-kr-vehicle-push"
[14:09:25] [arx_isox] ensure "esx-kr-vehicle-push"

================================================================
======== txAdmin Starting - 12/28/2021, 2:23:15 PM              
================================================================

================================================================
======== txAdmin Starting - 12/28/2021, 2:23:56 PM              
================================================================
[14:24:42] [arx_isox] logged in via in-game ui
[14:27:09] [arx_isox] logged in from 127.0.0.1 via password
[14:27:20] [arx_isox] ensure "esx-kr-vehicle-push"

================================================================
======== txAdmin Starting - 12/28/2021, 2:28:48 PM              
================================================================
[14:29:32] [arx_isox] logged in via in-game ui

================================================================
======== txAdmin Starting - 12/28/2021, 2:43:59 PM              
================================================================
[14:44:38] [arx_isox] logged in via in-game ui
[14:58:22] [arx_isox] logged in from 127.0.0.1 via password
[14:58:37] [arx_isox] ensure "toggleid"

================================================================
======== txAdmin Starting - 12/28/2021, 3:26:50 PM              
================================================================

================================================================
======== txAdmin Starting - 12/28/2021, 3:27:33 PM              
================================================================
[15:28:29] [arx_isox] logged in via in-game ui

================================================================
======== txAdmin Starting - 12/28/2021, 3:35:40 PM              
================================================================
[15:36:35] [arx_isox] logged in via in-game ui

================================================================
======== txAdmin Starting - 12/28/2021, 5:13:40 PM              
================================================================

================================================================
======== txAdmin Starting - 12/28/2021, 5:13:56 PM              
================================================================

================================================================
======== txAdmin Starting - 12/28/2021, 5:15:26 PM              
================================================================
[17:19:29] [arx_isox] logged in via in-game ui

================================================================
======== txAdmin Starting - 12/28/2021, 5:37:43 PM              
================================================================

================================================================
======== txAdmin Starting - 12/28/2021, 5:38:11 PM              
================================================================
[17:38:40] [arx_isox] logged in via in-game ui

================================================================
======== txAdmin Starting - 12/28/2021, 5:50:35 PM              
================================================================
[17:51:09] [arx_isox] logged in via in-game ui
[18:51:39] [arx_isox] logged in via in-game ui

================================================================
======== txAdmin Starting - 12/28/2021, 7:14:21 PM              
================================================================

================================================================
======== txAdmin Starting - 12/28/2021, 7:18:24 PM              
================================================================
[19:19:17] [arx_isox] logged in via in-game ui
