
================================================================
======== txAdmin Starting - 11/15/2021, 10:53:21 PM             
================================================================

================================================================
======== Log Rotated - 11/15/2021, 10:53:21 PM                  
================================================================

================================================================
======== txAdmin Starting - 11/15/2021, 10:55:59 PM             
================================================================
[22:56:16] [arx_isox] logged in from 127.0.0.1 via password

================================================================
======== txAdmin Starting - 11/15/2021, 11:01:21 PM             
================================================================
[23:01:40] [arx_isox] logged in from 127.0.0.1 via password

================================================================
======== txAdmin Starting - 11/15/2021, 11:02:55 PM             
================================================================
[23:03:51] [arx_isox] logged in from 127.0.0.1 via password

================================================================
======== txAdmin Starting - 11/15/2021, 11:04:06 PM             
================================================================
[23:04:24] [arx_isox] logged in from 127.0.0.1 via password

================================================================
======== txAdmin Starting - 11/15/2021, 11:05:12 PM             
================================================================
[23:05:23] [arx_isox] logged in from 127.0.0.1 via password
[23:05:30] [arx_isox] RESTART SERVER

================================================================
======== txAdmin Starting - 11/15/2021, 11:07:24 PM             
================================================================
[23:07:34] [arx_isox] logged in from 127.0.0.1 via password

================================================================
======== txAdmin Starting - 11/15/2021, 11:10:00 PM             
================================================================
[23:10:08] [arx_isox] logged in from 127.0.0.1 via password

================================================================
======== txAdmin Starting - 11/15/2021, 11:38:05 PM             
================================================================
[23:38:16] [arx_isox] logged in from 127.0.0.1 via password

================================================================
======== txAdmin Starting - 11/15/2021, 11:41:57 PM             
================================================================
[23:49:26] [arx_isox] logged in from 127.0.0.1 via password

================================================================
======== txAdmin Starting - 11/15/2021, 11:49:53 PM             
================================================================
[23:50:06] [arx_isox] logged in from 127.0.0.1 via password

================================================================
======== txAdmin Starting - 11/15/2021, 11:51:39 PM             
================================================================
[23:51:55] [arx_isox] logged in from 127.0.0.1 via password

================================================================
======== txAdmin Starting - 11/15/2021, 11:59:17 PM             
================================================================
