
================================================================
======== txAdmin Starting - 12/26/2021, 2:41:32 AM              
================================================================

================================================================
======== Log Rotated - 12/26/2021, 2:41:32 AM                   
================================================================

================================================================
======== txAdmin Starting - 12/26/2021, 2:43:19 AM              
================================================================

================================================================
======== txAdmin Starting - 12/26/2021, 2:43:55 AM              
================================================================

================================================================
======== txAdmin Starting - 12/26/2021, 2:45:45 AM              
================================================================

================================================================
======== txAdmin Starting - 12/26/2021, 2:46:54 AM              
================================================================

================================================================
======== txAdmin Starting - 12/26/2021, 3:03:06 AM              
================================================================
[03:07:22] [arx_isox] logged in via in-game ui
[03:11:29] [arx_isox] logged in from 127.0.0.1 via password
[03:11:45] [arx_isox] ensure "esx_clotheshop"
[03:12:42] [arx_isox] ensure "dpclothing"

================================================================
======== txAdmin Starting - 12/26/2021, 4:00:56 AM              
================================================================

================================================================
======== txAdmin Starting - 12/26/2021, 4:01:37 AM              
================================================================
[04:02:34] [arx_isox] logged in via in-game ui

================================================================
======== txAdmin Starting - 12/26/2021, 4:04:47 AM              
================================================================

================================================================
======== txAdmin Starting - 12/26/2021, 4:11:22 AM              
================================================================
[04:12:19] [arx_isox] logged in via in-game ui
[04:15:31] [arx_isox] logged in from via NUI iframe
[04:15:57] [arx_isox] stop "chat-theme-civlifechat"
[04:15:57] [arx_isox] stop "chat-theme-civlifechat"

================================================================
======== txAdmin Starting - 12/26/2021, 4:24:08 AM              
================================================================

================================================================
======== txAdmin Starting - 12/26/2021, 4:24:37 AM              
================================================================

================================================================
======== txAdmin Starting - 12/26/2021, 4:25:14 AM              
================================================================
[04:27:33] [arx_isox] logged in via in-game ui
[05:09:24] [arx_isox] logged in from 127.0.0.1 via password
[05:09:43] [arx_isox] ensure "esx_lscustom"

================================================================
======== txAdmin Starting - 12/26/2021, 5:11:28 AM              
================================================================
[05:12:14] [arx_isox] logged in via in-game ui
[05:27:11] [arx_isox] logged in from 127.0.0.1 via password
[05:27:26] [arx_isox] ensure "esx_lscustom"

================================================================
======== txAdmin Starting - 12/26/2021, 5:29:34 AM              
================================================================

================================================================
======== txAdmin Starting - 12/26/2021, 5:29:55 AM              
================================================================

================================================================
======== txAdmin Starting - 12/26/2021, 5:31:01 AM              
================================================================

================================================================
======== txAdmin Starting - 12/26/2021, 5:32:14 AM              
================================================================

================================================================
======== txAdmin Starting - 12/26/2021, 5:32:49 AM              
================================================================
[05:33:16] [arx_isox] logged in from 127.0.0.1 via password
[05:33:26] [arx_isox] ensure "irrp_hud"
[05:34:03] [arx_isox] ensure "esx_lscustom"
[05:34:41] [arx_isox] logged in via in-game ui

================================================================
======== txAdmin Starting - 12/26/2021, 5:46:15 AM              
================================================================
[05:47:30] [arx_isox] logged in via in-game ui
[05:49:01] [arx_isox] logged in from 127.0.0.1 via password
[05:49:10] [arx_isox] ensure "irrp_hud"
[05:50:17] [arx_isox] ensure "irrp_hud"
[05:51:24] [arx_isox] ensure "irrp_hud"

================================================================
======== txAdmin Starting - 12/26/2021, 6:20:58 AM              
================================================================
[06:24:49] [arx_isox] logged in via in-game ui

================================================================
======== txAdmin Starting - 12/26/2021, 6:43:18 AM              
================================================================

================================================================
======== txAdmin Starting - 12/26/2021, 6:43:43 AM              
================================================================
[06:44:37] [arx_isox] logged in via in-game ui

================================================================
======== txAdmin Starting - 12/26/2021, 6:58:34 AM              
================================================================

================================================================
======== txAdmin Starting - 12/26/2021, 7:00:41 AM              
================================================================
[07:01:22] [arx_isox] logged in via in-game ui
[07:04:48] [arx_isox] logged in from 127.0.0.1 via password
[07:05:37] [arx_isox] stop "esx_carhud"
[07:05:38] [arx_isox] stop "coloredmap"
[07:05:39] [arx_isox] stop "coloredhud"

================================================================
======== txAdmin Starting - 12/26/2021, 7:07:34 AM              
================================================================

================================================================
======== txAdmin Starting - 12/26/2021, 7:07:46 AM              
================================================================
[07:09:11] [arx_isox] logged in via in-game ui

================================================================
======== txAdmin Starting - 12/26/2021, 7:12:13 AM              
================================================================

================================================================
======== txAdmin Starting - 12/26/2021, 7:12:34 AM              
================================================================
[07:13:06] [arx_isox] logged in via in-game ui
[07:14:53] [arx_isox] logged in from 127.0.0.1 via password
[07:15:03] [arx_isox] ensure "coloredhud"

================================================================
======== txAdmin Starting - 12/26/2021, 7:15:36 AM              
================================================================
[07:16:12] [arx_isox] logged in via in-game ui

================================================================
======== txAdmin Starting - 12/26/2021, 7:26:17 AM              
================================================================

================================================================
======== txAdmin Starting - 12/26/2021, 7:26:30 AM              
================================================================

================================================================
======== txAdmin Starting - 12/26/2021, 7:26:59 AM              
================================================================
[07:31:48] [arx_isox] logged in via in-game ui

================================================================
======== txAdmin Starting - 12/26/2021, 7:41:51 AM              
================================================================

================================================================
======== txAdmin Starting - 12/26/2021, 7:42:17 AM              
================================================================

================================================================
======== txAdmin Starting - 12/26/2021, 7:42:50 AM              
================================================================
[07:43:48] [arx_isox] logged in via in-game ui
[07:56:04] [MONITOR] Restarting server (server close detected).

================================================================
======== txAdmin Starting - 12/26/2021, 1:15:32 PM              
================================================================

================================================================
======== txAdmin Starting - 12/26/2021, 1:15:52 PM              
================================================================
[13:17:15] [arx_isox] logged in via in-game ui
[13:27:37] [arx_isox] logged in from 127.0.0.1 via password
[13:28:07] [arx_isox] ensure "irrp_hud"
[13:32:10] [arx_isox] stop "Kl_HudV2"
[13:32:21] [arx_isox] ensure "irrp_hud"

================================================================
======== txAdmin Starting - 12/26/2021, 2:18:27 PM              
================================================================
[14:19:22] [arx_isox] logged in via in-game ui

================================================================
======== txAdmin Starting - 12/26/2021, 3:18:51 PM              
================================================================
[15:19:43] [arx_isox] logged in via in-game ui

================================================================
======== txAdmin Starting - 12/26/2021, 4:06:09 PM              
================================================================
[16:09:11] [arx_isox] logged in via in-game ui

================================================================
======== txAdmin Starting - 12/26/2021, 4:24:58 PM              
================================================================
[16:25:32] [arx_isox] logged in via in-game ui

================================================================
======== txAdmin Starting - 12/26/2021, 4:29:10 PM              
================================================================
[16:29:48] [arx_isox] logged in via in-game ui
[16:31:20] [arx_isox] logged in via in-game ui

================================================================
======== txAdmin Starting - 12/26/2021, 5:05:16 PM              
================================================================
[17:05:56] [arx_isox] logged in via in-game ui
[17:08:15] [arx_isox] logged in from 127.0.0.1 via password
[17:08:34] [arx_isox] ensure "esx_lscustom"
[17:12:37] [arx_isox] Changing menu settings.
[17:16:12] [arx_isox] logged in from 127.0.0.1 via password
[17:16:47] [arx_isox] ensure "esx_lscustom"

================================================================
======== txAdmin Starting - 12/26/2021, 5:16:59 PM              
================================================================
[17:17:29] [arx_isox] logged in via in-game ui
