
================================================================
======== txAdmin Starting - 1/22/2022, 6:08:36 PM               
================================================================

================================================================
======== Log Rotated - 1/22/2022, 6:08:37 PM                    
================================================================

================================================================
======== txAdmin Starting - 1/22/2022, 6:09:15 PM               
================================================================
[18:10:41] [arx_isox] logged in via in-game ui

================================================================
======== txAdmin Starting - 1/22/2022, 6:47:59 PM               
================================================================

================================================================
======== txAdmin Starting - 1/22/2022, 6:49:30 PM               
================================================================
[18:50:11] [arx_isox] logged in from 127.0.0.1 via password
[18:51:09] [MONITOR] Restarting server (server close detected).

================================================================
======== txAdmin Starting - 1/22/2022, 6:52:52 PM               
================================================================

================================================================
======== txAdmin Starting - 1/22/2022, 6:55:19 PM               
================================================================

================================================================
======== txAdmin Starting - 1/22/2022, 6:56:18 PM               
================================================================
[18:59:22] [arx_isox] logged in via in-game ui

================================================================
======== txAdmin Starting - 1/22/2022, 7:05:11 PM               
================================================================

================================================================
======== txAdmin Starting - 1/22/2022, 7:05:48 PM               
================================================================
[19:07:25] [arx_isox] logged in via in-game ui

================================================================
======== txAdmin Starting - 1/22/2022, 7:14:54 PM               
================================================================

================================================================
======== txAdmin Starting - 1/22/2022, 7:15:37 PM               
================================================================
[19:16:24] [arx_isox] logged in via in-game ui

================================================================
======== txAdmin Starting - 1/22/2022, 7:21:47 PM               
================================================================
[19:22:37] [arx_isox] logged in via in-game ui

================================================================
======== txAdmin Starting - 1/22/2022, 7:33:03 PM               
================================================================
[19:34:03] [arx_isox] logged in via in-game ui

================================================================
======== txAdmin Starting - 1/22/2022, 7:38:54 PM               
================================================================

================================================================
======== txAdmin Starting - 1/22/2022, 7:41:14 PM               
================================================================
[19:42:26] [arx_isox] logged in via in-game ui

================================================================
======== txAdmin Starting - 1/22/2022, 7:43:35 PM               
================================================================
[19:44:31] [arx_isox] logged in via in-game ui
[19:51:34] [arx_isox] logged in from 127.0.0.1 via password
[19:51:34] [arx_isox] logged in from 127.0.0.1 via password
[19:51:42] [arx_isox] ensure "esx_identity"
[19:52:00] [arx_isox] stop "esx_identity"

================================================================
======== txAdmin Starting - 1/22/2022, 8:04:08 PM               
================================================================
[20:04:58] [arx_isox] logged in via in-game ui

================================================================
======== txAdmin Starting - 1/22/2022, 8:10:17 PM               
================================================================

================================================================
======== txAdmin Starting - 1/22/2022, 8:27:20 PM               
================================================================
[20:29:37] [arx_isox] logged in via in-game ui

================================================================
======== txAdmin Starting - 1/22/2022, 8:31:29 PM               
================================================================
[20:32:39] [arx_isox] logged in via in-game ui
[20:36:53] [arx_isox] logged in from 127.0.0.1 via password
[20:37:02] [arx_isox] ensure "esx_property"

================================================================
======== txAdmin Starting - 1/22/2022, 9:38:01 PM               
================================================================
[21:40:37] [arx_isox] logged in via in-game ui
