
================================================================
======== txAdmin Starting - 12/24/2021, 12:07:05 AM             
================================================================

================================================================
======== Log Rotated - 12/24/2021, 12:07:05 AM                  
================================================================

================================================================
======== txAdmin Starting - 12/24/2021, 12:07:45 AM             
================================================================
[00:10:58] [arx_isox] logged in via in-game ui

================================================================
======== txAdmin Starting - 12/24/2021, 1:00:03 AM              
================================================================
[01:00:45] [arx_isox] logged in via in-game ui
[01:12:14] [arx_isox] logged in from 127.0.0.1 via password
[01:12:23] [arx_isox] ensure "esx_armyjob"
[01:13:01] [arx_isox] ensure "esx_armyjob"

================================================================
======== txAdmin Starting - 12/24/2021, 1:38:10 AM              
================================================================

================================================================
======== txAdmin Starting - 12/24/2021, 1:38:59 AM              
================================================================

================================================================
======== txAdmin Starting - 12/24/2021, 1:49:54 AM              
================================================================

================================================================
======== txAdmin Starting - 12/24/2021, 1:52:29 AM              
================================================================

================================================================
======== txAdmin Starting - 12/24/2021, 1:54:59 AM              
================================================================

================================================================
======== txAdmin Starting - 12/24/2021, 2:07:51 AM              
================================================================

================================================================
======== txAdmin Starting - 12/24/2021, 2:11:14 AM              
================================================================

================================================================
======== txAdmin Starting - 12/24/2021, 2:16:15 AM              
================================================================

================================================================
======== txAdmin Starting - 12/24/2021, 2:18:32 AM              
================================================================

================================================================
======== txAdmin Starting - 12/24/2021, 2:25:27 AM              
================================================================

================================================================
======== txAdmin Starting - 12/24/2021, 2:27:32 AM              
================================================================

================================================================
======== txAdmin Starting - 12/24/2021, 1:34:34 PM              
================================================================

================================================================
======== txAdmin Starting - 12/24/2021, 1:34:56 PM              
================================================================

================================================================
======== txAdmin Starting - 12/24/2021, 1:37:29 PM              
================================================================

================================================================
======== txAdmin Starting - 12/24/2021, 1:39:23 PM              
================================================================
[13:42:20] [arx_isox] logged in via in-game ui
[13:53:53] [arx_isox] logged in from 127.0.0.1 via password
[13:54:14] [arx_isox] ensure "gang"

================================================================
======== txAdmin Starting - 12/24/2021, 2:00:09 PM              
================================================================

================================================================
======== txAdmin Starting - 12/24/2021, 2:21:26 PM              
================================================================

================================================================
======== txAdmin Starting - 12/24/2021, 2:23:12 PM              
================================================================
[14:23:58] [arx_isox] logged in via in-game ui

================================================================
======== txAdmin Starting - 12/24/2021, 2:38:39 PM              
================================================================
[14:39:31] [arx_isox] logged in via in-game ui

================================================================
======== txAdmin Starting - 12/24/2021, 3:20:44 PM              
================================================================

================================================================
======== txAdmin Starting - 12/24/2021, 3:23:46 PM              
================================================================
[15:25:33] [arx_isox] logged in via in-game ui
[15:26:46] [arx_isox] logged in via in-game ui

================================================================
======== txAdmin Starting - 12/24/2021, 3:27:29 PM              
================================================================
[15:28:05] [arx_isox] logged in via in-game ui

================================================================
======== txAdmin Starting - 12/24/2021, 3:29:51 PM              
================================================================

================================================================
======== txAdmin Starting - 12/24/2021, 3:30:12 PM              
================================================================

================================================================
======== txAdmin Starting - 12/24/2021, 3:30:29 PM              
================================================================

================================================================
======== txAdmin Starting - 12/24/2021, 3:31:19 PM              
================================================================
[15:38:32] [arx_isox] logged in via in-game ui

================================================================
======== txAdmin Starting - 12/24/2021, 4:11:40 PM              
================================================================

================================================================
======== txAdmin Starting - 12/24/2021, 4:11:57 PM              
================================================================

================================================================
======== txAdmin Starting - 12/24/2021, 4:12:30 PM              
================================================================

================================================================
======== txAdmin Starting - 12/24/2021, 4:13:33 PM              
================================================================

================================================================
======== txAdmin Starting - 12/24/2021, 4:16:05 PM              
================================================================

================================================================
======== txAdmin Starting - 12/24/2021, 4:17:32 PM              
================================================================
[16:18:57] [arx_isox] logged in via in-game ui
[16:35:22] [arx_isox] logged in via in-game ui
[16:44:56] [arx_isox] logged in from 127.0.0.1 via password
[16:45:03] [arx_isox] ensure "esx_armyjob"
[16:48:10] [arx_isox] ensure "esx_armyjob"

================================================================
======== txAdmin Starting - 12/24/2021, 5:38:40 PM              
================================================================
[17:39:26] [arx_isox] logged in via in-game ui
[17:49:24] [arx_isox] logged in from 127.0.0.1 via password
[17:49:31] [arx_isox] ensure "esx_armyjob"
[17:50:41] [arx_isox] ensure "esx_armyjob"

================================================================
======== txAdmin Starting - 12/24/2021, 5:58:40 PM              
================================================================

================================================================
======== txAdmin Starting - 12/24/2021, 6:01:04 PM              
================================================================
[18:01:36] [arx_isox] logged in via in-game ui

================================================================
======== txAdmin Starting - 12/24/2021, 6:17:06 PM              
================================================================

================================================================
======== txAdmin Starting - 12/24/2021, 6:18:48 PM              
================================================================
[18:19:18] [arx_isox] logged in via in-game ui
[18:28:22] [arx_isox] logged in from 127.0.0.1 via password
[18:28:34] [arx_isox] ensure "esx_lscustom"
[18:28:34] [arx_isox] ensure "esx_mechanicjob"

================================================================
======== txAdmin Starting - 12/24/2021, 6:29:12 PM              
================================================================
[18:29:35] [arx_isox] logged in via in-game ui
[18:32:16] [arx_isox] logged in from 127.0.0.1 via password
[18:38:36] [arx_isox] ensure "esx_lscustom"

================================================================
======== txAdmin Starting - 12/24/2021, 6:57:19 PM              
================================================================
[18:58:35] [arx_isox] logged in via in-game ui
[19:06:48] [arx_isox] logged in from 127.0.0.1 via password
[19:06:59] [arx_isox] ensure "esx_lscustom"
[19:14:43] [arx_isox] ensure "esx_lscustom"
[19:17:36] [arx_isox] ensure "esx_lscustom"

================================================================
======== txAdmin Starting - 12/24/2021, 7:46:24 PM              
================================================================

================================================================
======== txAdmin Starting - 12/24/2021, 7:47:31 PM              
================================================================

================================================================
======== txAdmin Starting - 12/24/2021, 7:49:11 PM              
================================================================
[19:49:36] [arx_isox] logged in via in-game ui

================================================================
======== txAdmin Starting - 12/24/2021, 8:18:38 PM              
================================================================

================================================================
======== txAdmin Starting - 12/24/2021, 8:19:34 PM              
================================================================
[20:20:44] [arx_isox] logged in via in-game ui

================================================================
======== txAdmin Starting - 12/24/2021, 8:24:21 PM              
================================================================
[20:25:28] [arx_isox] logged in via in-game ui

================================================================
======== txAdmin Starting - 12/24/2021, 8:26:49 PM              
================================================================
[20:27:38] [arx_isox] logged in via in-game ui
[20:28:02] [arx_isox] logged in from 127.0.0.1 via password
[20:28:07] [arx_isox] stop "EasyAdmin"
[20:28:51] [arx_isox] ensure "esx_customui"
[20:37:20] [arx_isox] ensure "esx_customui"
[20:42:20] [arx_isox] ensure "esx_customui"
[20:46:10] [arx_isox] ensure "esx_customui"
[20:48:22] [arx_isox] ensure "esx_customui"
[21:00:05] [arx_isox] ensure "esx_customui"
[21:02:20] [arx_isox] ensure "esx_customui"

================================================================
======== txAdmin Starting - 12/24/2021, 9:08:50 PM              
================================================================
[21:09:28] [arx_isox] logged in via in-game ui
[21:14:44] [arx_isox] logged in via in-game ui
