
================================================================
======== txAdmin Starting - 11/16/2021, 12:07:44 AM             
================================================================

================================================================
======== Log Rotated - 11/16/2021, 12:07:44 AM                  
================================================================

================================================================
======== txAdmin Starting - 11/16/2021, 12:08:40 AM             
================================================================

================================================================
======== txAdmin Starting - 11/16/2021, 12:12:43 AM             
================================================================

================================================================
======== txAdmin Starting - 11/16/2021, 8:16:22 PM              
================================================================

================================================================
======== txAdmin Starting - 11/16/2021, 8:17:39 PM              
================================================================

================================================================
======== txAdmin Starting - 11/16/2021, 8:18:07 PM              
================================================================

================================================================
======== txAdmin Starting - 11/16/2021, 8:18:36 PM              
================================================================

================================================================
======== txAdmin Starting - 11/16/2021, 8:19:10 PM              
================================================================

================================================================
======== txAdmin Starting - 11/16/2021, 8:26:38 PM              
================================================================

================================================================
======== txAdmin Starting - 11/16/2021, 8:29:17 PM              
================================================================

================================================================
======== txAdmin Starting - 11/16/2021, 11:22:59 PM             
================================================================

================================================================
======== txAdmin Starting - 11/16/2021, 11:24:05 PM             
================================================================

================================================================
======== txAdmin Starting - 11/16/2021, 11:30:16 PM             
================================================================
[23:31:05] [arx_isox] logged in from 127.0.0.1 via password

================================================================
======== txAdmin Starting - 11/16/2021, 11:39:24 PM             
================================================================
[23:55:29] [arx_isox] logged in from 127.0.0.1 via password
