
================================================================
======== txAdmin Starting - 12/23/2021, 1:57:35 PM              
================================================================

================================================================
======== Log Rotated - 12/23/2021, 1:57:35 PM                   
================================================================
[14:01:20] [arx_isox] logged in via in-game ui
[14:04:05] [arx_isox] logged in from 127.0.0.1 via password
[14:04:36] [arx_isox] ensure "zoon"
[14:06:45] [arx_isox] ensure "zoon"
[14:09:01] [arx_isox] ensure "zoon"
[14:09:55] [arx_isox] ensure "zoon"

================================================================
======== txAdmin Starting - 12/23/2021, 2:29:50 PM              
================================================================
[14:30:59] [arx_isox] logged in via in-game ui
[14:32:16] [arx_isox] logged in from 127.0.0.1 via password
[14:32:24] [arx_isox] ensure "esx_fbi_job"
[14:51:49] [arx_isox] ensure "esx_armyjob"
[14:57:57] [arx_isox] ensure "esx_armyjob"
[15:02:30] [arx_isox] ensure "esx_armyjob"
[15:06:25] [arx_isox] ensure "esx_armyjob"
[15:20:19] [arx_isox] ensure "SmartTrafficLights"
[15:20:28] [arx_isox] ensure "esx_armyjob"

================================================================
======== txAdmin Starting - 12/23/2021, 6:22:53 PM              
================================================================
[18:26:36] [arx_isox] logged in via in-game ui
[18:39:20] [arx_isox] logged in from 127.0.0.1 via password
[18:39:49] [arx_isox] ensure "esx_armyjob"
[18:44:22] [arx_isox] ensure "esx_armyjob"
[18:45:09] [arx_isox] ensure "esx_armyjob"
[18:45:57] [arx_isox] ensure "esx_armyjob"
[18:47:23] [arx_isox] ensure "esx_armyjob"
[18:49:09] [arx_isox] ensure "esx_armyjob"
[18:50:49] [arx_isox] ensure "esx_armyjob"
