
================================================================
======== txAdmin Starting - 11/19/2021, 8:42:33 PM              
================================================================

================================================================
======== Log Rotated - 11/19/2021, 8:42:34 PM                   
================================================================
[20:42:45] [arx_isox] logged in from 127.0.0.1 via password

================================================================
======== txAdmin Starting - 11/19/2021, 8:45:34 PM              
================================================================

================================================================
======== txAdmin Starting - 11/19/2021, 8:47:20 PM              
================================================================

================================================================
======== txAdmin Starting - 11/19/2021, 8:48:53 PM              
================================================================

================================================================
======== txAdmin Starting - 11/19/2021, 8:52:46 PM              
================================================================
[20:53:05] [arx_isox] logged in from 127.0.0.1 via password
[20:53:20] [arx_isox] RESTART SERVER

================================================================
======== txAdmin Starting - 11/19/2021, 9:04:09 PM              
================================================================
