
================================================================
======== txAdmin Starting - 12/27/2021, 2:24:32 PM              
================================================================

================================================================
======== Log Rotated - 12/27/2021, 2:24:32 PM                   
================================================================

================================================================
======== txAdmin Starting - 12/27/2021, 2:24:37 PM              
================================================================

================================================================
======== txAdmin Starting - 12/27/2021, 2:24:57 PM              
================================================================
[14:26:05] [MONITOR] Restarting server (server failed to start within 300 seconds).
[14:27:16] [MONITOR] Restarting server (server failed to start within 300 seconds).

================================================================
======== txAdmin Starting - 12/27/2021, 2:33:32 PM              
================================================================

================================================================
======== txAdmin Starting - 12/27/2021, 2:46:44 PM              
================================================================

================================================================
======== txAdmin Starting - 12/27/2021, 2:47:04 PM              
================================================================

================================================================
======== txAdmin Starting - 12/27/2021, 5:25:35 PM              
================================================================

================================================================
======== txAdmin Starting - 12/27/2021, 5:31:19 PM              
================================================================
[17:33:09] [arx_isox] logged in via in-game ui

================================================================
======== txAdmin Starting - 12/27/2021, 11:39:36 PM             
================================================================
[23:41:16] [arx_isox] logged in via in-game ui
