
================================================================
======== txAdmin Starting - 1/1/2022, 12:37:42 PM               
================================================================

================================================================
======== Log Rotated - 1/1/2022, 12:37:42 PM                    
================================================================

================================================================
======== txAdmin Starting - 1/1/2022, 12:37:58 PM               
================================================================

================================================================
======== txAdmin Starting - 1/1/2022, 12:38:23 PM               
================================================================

================================================================
======== txAdmin Starting - 1/1/2022, 12:51:38 PM               
================================================================
[12:52:58] [arx_isox] logged in via in-game ui

================================================================
======== txAdmin Starting - 1/1/2022, 1:08:19 PM                
================================================================

================================================================
======== txAdmin Starting - 1/1/2022, 1:09:07 PM                
================================================================
[13:10:19] [arx_isox] logged in via in-game ui
[13:16:54] [arx_isox] logged in from 127.0.0.1 via password
[13:17:13] [arx_isox] Changing fxRunner settings.
[13:17:41] [arx_isox] logged in from 127.0.0.1 via password
[13:17:58] [arx_isox] ensure "esx_mechanicjob"
[13:21:01] [arx_isox] ensure "esx_mechanicjob"
