
================================================================
======== txAdmin Starting - 11/17/2021, 12:01:08 AM             
================================================================

================================================================
======== Log Rotated - 11/17/2021, 12:01:08 AM                  
================================================================
[00:01:15] [arx_isox] logged in from 127.0.0.1 via password

================================================================
======== txAdmin Starting - 11/17/2021, 12:03:39 AM             
================================================================

================================================================
======== txAdmin Starting - 11/17/2021, 12:03:58 AM             
================================================================
[00:05:12] [arx_isox] logged in from 127.0.0.1 via password

================================================================
======== txAdmin Starting - 11/17/2021, 12:07:53 AM             
================================================================
[00:08:00] [arx_isox] logged in from 127.0.0.1 via password

================================================================
======== txAdmin Starting - 11/17/2021, 1:57:28 PM              
================================================================

================================================================
======== txAdmin Starting - 11/17/2021, 2:25:59 PM              
================================================================
[14:27:11] [arx_isox] logged in from 127.0.0.1 via password
[14:30:41] [arx_isox] ensure "skinchanger"
[14:31:11] [arx_isox] ensure "esx_identity"
[14:31:29] [arx_isox] ensure "esx_fbi_job"
[14:31:31] [arx_isox] ensure "esx_barbershop"
[14:31:35] [arx_isox] ensure "esx_jobs"
[14:31:39] [arx_isox] ensure "esx_tattooshop"
[14:31:45] [arx_isox] ensure "esx_accessories"
[14:31:46] [arx_isox] ensure "esx_clotheshop"
[14:32:23] [arx_isox] stop "skinchanger"
[14:33:25] [arx_isox] ensure "skinchanger"
[14:33:26] [arx_isox] ensure "skinchanger"
[14:33:26] [arx_isox] ensure "esx_skin"
[14:33:26] [arx_isox] ensure "esx_skin"
[14:33:27] [arx_isox] ensure "esx_clotheshop"
[14:33:30] [arx_isox] ensure "esx_barbershop"
[14:33:35] [arx_isox] ensure "esx_jobs"
[14:33:37] [arx_isox] ensure "esx_accessories"
[14:33:42] [arx_isox] ensure "esx_tattooshop"
[14:42:13] [arx_isox] stop "new_banking"
[14:44:32] [arx_isox] ensure "streetLabel"
[14:49:31] [arx_isox] ensure "esx_identity"
[14:53:34] [arx_isox] Revoked WK79-KNMT
[14:53:36] [arx_isox] Revoked WH4M-P16P
[14:53:38] [arx_isox] Revoked WS9K-1QG6
[14:54:08] [arx_isox] Sending announcement: salam be in server khosh amadid
[15:01:34] [arx_isox] txaKickAll "a"

================================================================
======== txAdmin Starting - 11/17/2021, 3:03:57 PM              
================================================================
[15:04:10] [arx_isox] logged in from 127.0.0.1 via password

================================================================
======== txAdmin Starting - 11/17/2021, 3:04:42 PM              
================================================================
[15:04:46] [arx_isox] logged in from 127.0.0.1 via password
[15:08:12] [arx_isox] revive 1
[15:18:11] [arx_isox] stop "no-npc"
[15:18:45] [arx_isox] ensure "no-npc"
[15:26:41] [arx_isox] logged in from 127.0.0.1 via password

================================================================
======== txAdmin Starting - 11/17/2021, 4:10:51 PM              
================================================================
[16:19:21] [arx_isox] logged in from 127.0.0.1 via password

================================================================
======== txAdmin Starting - 11/17/2021, 8:13:50 PM              
================================================================

================================================================
======== txAdmin Starting - 11/17/2021, 8:14:17 PM              
================================================================
