
================================================================
======== txAdmin Starting - 10/30/2021, 10:34:27 AM             
================================================================

================================================================
======== Log Rotated - 10/30/2021, 10:34:27 AM                  
================================================================
[10:34:59] [arx_isox] logged in from 127.0.0.1 via password
[10:40:37] [arx_isox] RESTART SERVER

================================================================
======== txAdmin Starting - 10/30/2021, 10:42:03 AM             
================================================================

================================================================
======== txAdmin Starting - 10/30/2021, 10:50:10 AM             
================================================================

================================================================
======== txAdmin Starting - 10/30/2021, 11:02:43 AM             
================================================================

================================================================
======== txAdmin Starting - 10/30/2021, 12:01:32 PM             
================================================================
[12:02:03] [arx_isox] logged in from 127.0.0.1 via password
[12:04:33] [arx_isox] Changing discordBot settings.
[12:04:40] [arx_isox] Changing discordBot settings.

================================================================
======== txAdmin Starting - 10/30/2021, 1:02:36 PM              
================================================================

================================================================
======== txAdmin Starting - 10/30/2021, 1:05:41 PM              
================================================================
[13:05:52] [arx_isox] logged in from 127.0.0.1 via password

================================================================
======== txAdmin Starting - 10/30/2021, 1:08:58 PM              
================================================================

================================================================
======== txAdmin Starting - 10/30/2021, 1:12:31 PM              
================================================================
[13:14:41] [arx_isox] logged in from 127.0.0.1 via password
[13:15:44] [arx_isox] Changing fxRunner settings.

================================================================
======== txAdmin Starting - 10/30/2021, 1:15:57 PM              
================================================================

================================================================
======== txAdmin Starting - 10/30/2021, 1:17:36 PM              
================================================================

================================================================
======== txAdmin Starting - 10/30/2021, 1:20:08 PM              
================================================================

================================================================
======== txAdmin Starting - 10/30/2021, 1:21:32 PM              
================================================================

================================================================
======== txAdmin Starting - 10/30/2021, 1:24:05 PM              
================================================================

================================================================
======== txAdmin Starting - 10/30/2021, 1:29:25 PM              
================================================================

================================================================
======== txAdmin Starting - 10/30/2021, 1:29:52 PM              
================================================================

================================================================
======== txAdmin Starting - 10/30/2021, 1:30:38 PM              
================================================================

================================================================
======== txAdmin Starting - 10/30/2021, 1:35:33 PM              
================================================================

================================================================
======== txAdmin Starting - 10/30/2021, 1:39:53 PM              
================================================================

================================================================
======== txAdmin Starting - 10/30/2021, 1:42:06 PM              
================================================================

================================================================
======== txAdmin Starting - 10/30/2021, 11:01:15 PM             
================================================================

================================================================
======== txAdmin Starting - 10/30/2021, 11:01:56 PM             
================================================================
