
================================================================
======== txAdmin starting - 6/10/2021, 9:48:48 PM
================================================================

================================================================
======== txAdmin starting - 6/10/2021, 10:08:37 PM
================================================================

================================================================
======== txAdmin starting - 6/10/2021, 10:23:14 PM
================================================================

================================================================
======== txAdmin starting - 6/10/2021, 10:24:02 PM
================================================================

================================================================
======== txAdmin starting - 6/10/2021, 10:27:39 PM
================================================================

================================================================
======== txAdmin starting - 6/10/2021, 10:28:17 PM
================================================================

================================================================
======== txAdmin starting - 6/10/2021, 10:29:04 PM
================================================================

================================================================
======== txAdmin starting - 6/10/2021, 10:33:07 PM
================================================================

================================================================
======== txAdmin starting - 6/10/2021, 10:35:06 PM
================================================================

================================================================
======== txAdmin starting - 6/10/2021, 10:55:37 PM
================================================================

================================================================
======== txAdmin starting - 6/10/2021, 10:59:16 PM
================================================================

================================================================
======== txAdmin starting - 6/10/2021, 11:09:50 PM
================================================================

================================================================
======== txAdmin starting - 6/10/2021, 11:12:11 PM
================================================================

================================================================
======== txAdmin starting - 6/10/2021, 11:14:44 PM
================================================================

================================================================
======== txAdmin starting - 6/10/2021, 11:16:01 PM
================================================================

================================================================
======== txAdmin starting - 6/10/2021, 11:16:19 PM
================================================================

================================================================
======== txAdmin starting - 6/10/2021, 11:17:47 PM
================================================================
[23:22:23][127.0.0.1][arx_isox] Changing Player Controller settings.

================================================================
======== txAdmin starting - 6/10/2021, 11:25:18 PM
================================================================

================================================================
======== txAdmin starting - 6/10/2021, 11:28:17 PM
================================================================

================================================================
======== txAdmin starting - 6/11/2021, 2:18:52 AM
================================================================

================================================================
======== txAdmin starting - 6/11/2021, 2:20:44 AM
================================================================

================================================================
======== txAdmin starting - 6/11/2021, 2:21:08 AM
================================================================

================================================================
======== txAdmin starting - 6/11/2021, 2:31:13 AM
================================================================
[02:32:59][DISCORD][arx_isox] Whitelisted 1732760288d084491fad256f3cceed6f26b73262
[02:33:52][DISCORD][arx_isox] Whitelisted c409b034eaf88b24e8834295a91cc3c2c1e16711
[02:34:07][DISCORD][arx_isox] Whitelisted a8aad3bd2d2942a5db8eee6c39684c483deb820a

================================================================
======== txAdmin starting - 6/11/2021, 2:41:17 AM
================================================================

================================================================
======== txAdmin starting - 6/11/2021, 2:41:24 AM
================================================================

================================================================
======== txAdmin starting - 6/11/2021, 2:46:22 AM
================================================================

================================================================
======== txAdmin starting - 6/11/2021, 2:46:45 AM
================================================================

================================================================
======== txAdmin starting - 6/11/2021, 2:47:31 AM
================================================================

================================================================
======== txAdmin starting - 6/11/2021, 2:48:14 AM
================================================================

================================================================
======== txAdmin starting - 6/11/2021, 2:52:22 AM
================================================================

================================================================
======== txAdmin starting - 6/11/2021, 2:53:19 AM
================================================================
[02:53:31][127.0.0.1][arx_isox] Changing Player Controller settings.

================================================================
======== txAdmin starting - 6/11/2021, 2:54:56 AM
================================================================

================================================================
======== txAdmin starting - 6/11/2021, 2:57:51 AM
================================================================
[03:05:18][127.0.0.1][arx_isox] stop "relisoft_tag"
[03:05:41][127.0.0.1][arx_isox] stop "esx_doorlock"
[03:06:49][127.0.0.1][arx_isox] stop "MenuConfig"
[03:08:25][127.0.0.1][arx_isox] stop "vMenu"
[03:26:46][127.0.0.1][arx_isox] stop "EasyAdmin"
[03:28:30][127.0.0.1][arx_isox] ensure "EasyAdmin"
[03:55:00][127.0.0.1][arx_isox] ensure "esx_mechanicjob"
[03:55:10][127.0.0.1][arx_isox] ensure "esx_lscustom"
[03:57:38][127.0.0.1][arx_isox] ensure "esx_lscustom"
[03:57:39][127.0.0.1][arx_isox] ensure "esx_mechanicjob"
[03:59:04][127.0.0.1][arx_isox] ensure "esx_mechanicjob"

================================================================
======== txAdmin starting - 6/11/2021, 4:45:40 AM
================================================================

================================================================
======== txAdmin starting - 6/11/2021, 4:52:53 AM
================================================================

================================================================
======== txAdmin starting - 6/11/2021, 4:57:27 AM
================================================================
[05:04:07][127.0.0.1][arx_isox] stop "vSync"

================================================================
======== txAdmin starting - 6/11/2021, 5:15:12 AM
================================================================
[05:19:35][127.0.0.1][arx_isox] ensure "esx_lscustom"
[05:19:35][127.0.0.1][arx_isox] ensure "esx_mechanicjob"
[05:20:07][127.0.0.1][arx_isox] ensure "esx_lscustom"

================================================================
======== txAdmin starting - 6/11/2021, 10:48:48 PM
================================================================
[23:02:00][127.0.0.1][arx_isox] ensure "Kl_HudV2"
[23:05:30][127.0.0.1][arx_isox] ensure "Kl_HudV2"
[23:06:31][127.0.0.1][arx_isox] ensure "Kl_HudV2"
[23:06:54][127.0.0.1][arx_isox] RESTART SERVER
[23:07:11][127.0.0.1][arx_isox] Changing Player Controller settings.
[23:10:18][127.0.0.1][arx_isox] RESTART SERVER
[23:17:25][127.0.0.1][arx_isox] stop "EasyAdmin"
[23:17:25][127.0.0.1][arx_isox] stop "Kl_HudV2"
[23:17:26][127.0.0.1][arx_isox] stop "bob74_ipl"
[23:17:26][127.0.0.1][arx_isox] stop "gcphone"
[23:17:26][127.0.0.1][arx_isox] stop "instance"
[23:17:27][127.0.0.1][arx_isox] stop "mysql-async"
[23:18:26][127.0.0.1][arx_isox] stop "lux_vehcontrol"
[23:18:27][127.0.0.1][arx_isox] stop "simpledrift"
[23:18:28][127.0.0.1][arx_isox] stop "skinchanger"
[23:18:49][127.0.0.1][arx_isox] stop "cron"
[23:19:04][127.0.0.1][arx_isox] stop "async"

================================================================
======== txAdmin starting - 6/12/2021, 12:12:00 AM
================================================================
[00:19:42][127.0.0.1][arx_isox] ensure "rp-radio"
[00:22:38][127.0.0.1][arx_isox] ensure "rp-radio"
[00:23:39][127.0.0.1][arx_isox] ensure "rp-radio"
[00:25:15][127.0.0.1][arx_isox] ensure "rp-radio"
[00:27:27][127.0.0.1][arx_isox] ensure "rp-radio"
[00:28:46][127.0.0.1][arx_isox] ensure "rp-radio"

================================================================
======== txAdmin starting - 6/12/2021, 12:34:27 AM
================================================================

================================================================
======== txAdmin starting - 6/12/2021, 12:36:58 AM
================================================================
[00:42:21][127.0.0.1][arx_isox] ensure "rp-radio"
[00:47:00][127.0.0.1][arx_isox] ensure "rp-radio"
[00:56:24][127.0.0.1][arx_isox] ensure "rp-radio"

================================================================
======== txAdmin starting - 6/12/2021, 12:58:03 AM
================================================================

================================================================
======== txAdmin starting - 6/12/2021, 1:04:05 AM
================================================================

================================================================
======== txAdmin starting - 6/12/2021, 1:09:50 AM
================================================================

================================================================
======== txAdmin starting - 6/12/2021, 1:10:57 AM
================================================================
[01:15:46][127.0.0.1][arx_isox] ensure "rp-radio"
[01:16:42][127.0.0.1][arx_isox] ensure "rp-radio"
[01:23:02][127.0.0.1][arx_isox] ensure "rp-radio"

================================================================
======== txAdmin starting - 6/12/2021, 2:06:22 AM
================================================================

================================================================
======== txAdmin starting - 6/12/2021, 2:06:30 AM
================================================================

================================================================
======== txAdmin starting - 6/12/2021, 2:06:59 AM
================================================================

================================================================
======== txAdmin starting - 6/12/2021, 2:09:57 AM
================================================================
[02:26:33][127.0.0.1][arx_isox] ensure "rp-radio"
[02:29:22][127.0.0.1][arx_isox] ensure "rp-radio"
[02:30:55][127.0.0.1][arx_isox] ensure "rp-radio"
[02:34:50][127.0.0.1][arx_isox] ensure "vMenu"

================================================================
======== txAdmin starting - 6/12/2021, 10:54:36 AM
================================================================

================================================================
======== txAdmin starting - 6/12/2021, 4:23:03 PM
================================================================

================================================================
======== txAdmin starting - 6/12/2021, 4:23:34 PM
================================================================
[16:33:15][127.0.0.1][arx_isox] stop "paintball"
[16:36:45][127.0.0.1][arx_isox] ensure "streetLabel"
[16:57:09][127.0.0.1][arx_isox] ensure "paintball"
[16:58:23][127.0.0.1][arx_isox] stop "paintball"
[17:04:02][127.0.0.1][arx_isox] ensure "discord"
[17:04:51][127.0.0.1][arx_isox] stop "discord"
[17:07:15][127.0.0.1][arx_isox] RESTART SERVER

================================================================
======== txAdmin starting - 6/12/2021, 5:07:52 PM
================================================================
[17:42:09][127.0.0.1][arx_isox] ensure "vMenu"

================================================================
======== txAdmin starting - 6/12/2021, 8:14:48 PM
================================================================

================================================================
======== txAdmin starting - 6/12/2021, 8:15:41 PM
================================================================

================================================================
======== txAdmin starting - 6/12/2021, 8:18:21 PM
================================================================

================================================================
======== txAdmin starting - 6/12/2021, 8:19:47 PM
================================================================

================================================================
======== txAdmin starting - 6/12/2021, 9:58:30 PM
================================================================

================================================================
======== txAdmin starting - 6/12/2021, 9:58:50 PM
================================================================

================================================================
======== txAdmin starting - 6/12/2021, 10:01:39 PM
================================================================

================================================================
======== txAdmin starting - 6/12/2021, 10:02:14 PM
================================================================

================================================================
======== txAdmin starting - 6/12/2021, 10:03:23 PM
================================================================

================================================================
======== txAdmin starting - 6/12/2021, 10:04:49 PM
================================================================

================================================================
======== txAdmin starting - 6/12/2021, 10:06:16 PM
================================================================

================================================================
======== txAdmin starting - 6/12/2021, 10:08:07 PM
================================================================

================================================================
======== txAdmin starting - 6/12/2021, 10:08:53 PM
================================================================

================================================================
======== txAdmin starting - 6/12/2021, 10:12:19 PM
================================================================

================================================================
======== txAdmin starting - 6/13/2021, 1:41:25 AM
================================================================

================================================================
======== txAdmin starting - 6/13/2021, 1:43:09 AM
================================================================
[02:10:18][127.0.0.1][arx_isox] ensure "esx_lscustom"
[02:10:19][127.0.0.1][arx_isox] ensure "esx_mechanicjob"
[02:15:44][127.0.0.1][arx_isox] ensure "radialmenu"
[02:15:54][127.0.0.1][arx_isox] ensure "radialmenu"
[02:16:43][127.0.0.1][arx_isox] ensure "radialmenu"
[02:18:04][127.0.0.1][arx_isox] ensure "radialmenu"
[02:18:38][127.0.0.1][arx_isox] ensure "radialmenu"
[02:19:46][127.0.0.1][arx_isox] ensure "radialmenu"
[02:20:51][127.0.0.1][arx_isox] ensure "radialmenu"
[02:21:25][127.0.0.1][arx_isox] ensure "radialmenu"
[02:28:12][127.0.0.1][arx_isox] ensure "esx_carlock"
[02:59:46][127.0.0.1][arx_isox] ensure "esx_policejob"
[03:02:31][127.0.0.1][arx_isox] refresh
[03:02:36][127.0.0.1][arx_isox] ensure "joker_Impounds"
[03:12:47][127.0.0.1][arx_isox] refresh
[03:12:57][127.0.0.1][arx_isox] ensure "esx_policejob"

================================================================
======== txAdmin starting - 6/13/2021, 4:10:52 AM
================================================================
[04:17:14][127.0.0.1][arx_isox] ensure "esx_advancedgarage"

================================================================
======== txAdmin starting - 6/13/2021, 4:17:55 AM
================================================================

================================================================
======== txAdmin starting - 6/13/2021, 3:15:18 PM
================================================================

================================================================
======== txAdmin starting - 6/13/2021, 3:16:01 PM
================================================================
[15:24:39][127.0.0.1][arx_isox] ensure "esx_advancedgarage"

================================================================
======== txAdmin starting - 6/13/2021, 9:02:37 PM
================================================================
[21:07:17][127.0.0.1][arx_isox] ensure "streetLabel"
[21:37:22][127.0.0.1][arx_isox] ensure "esx_advancedgarage"
[21:40:48][127.0.0.1][arx_isox] ensure "esx_advancedgarage"
[21:46:49][127.0.0.1][arx_isox] ensure "esx_advancedgarage"

================================================================
======== txAdmin starting - 6/14/2021, 9:22:58 PM
================================================================

================================================================
======== txAdmin starting - 6/14/2021, 9:24:36 PM
================================================================

================================================================
======== txAdmin starting - 6/14/2021, 9:27:17 PM
================================================================

================================================================
======== txAdmin starting - 6/14/2021, 9:28:11 PM
================================================================

================================================================
======== txAdmin starting - 6/14/2021, 9:28:19 PM
================================================================
[21:37:31][127.0.0.1][arx_isox] ensure "esx_advancedgarage"
[21:40:37][127.0.0.1][arx_isox] ensure "esx_advancedgarage"
[21:42:11][127.0.0.1][arx_isox] ensure "esx_advancedgarage"
[21:46:28][127.0.0.1][arx_isox] ensure "streetLabel"
[21:49:32][127.0.0.1][arx_isox] ensure "esx_advancedgarage"
[21:51:58][127.0.0.1][arx_isox] ensure "esx_advancedgarage"
[21:53:33][127.0.0.1][arx_isox] ensure "esx_advancedgarage"
[22:00:23][127.0.0.1][arx_isox] ensure "esx_advancedgarage"
[22:09:36][127.0.0.1][arx_isox] ensure "esx_advancedgarage"
[22:35:41][127.0.0.1][arx_isox] ensure "esx_advancedgarage"

================================================================
======== txAdmin starting - 6/15/2021, 1:18:36 AM
================================================================

================================================================
======== txAdmin starting - 6/15/2021, 1:23:47 AM
================================================================
[01:51:18][127.0.0.1][arx_isox] refresh
[01:51:25][127.0.0.1][arx_isox] ensure "Seatbelt"
[01:51:45][127.0.0.1][arx_isox] refresh
[01:56:56][127.0.0.1][arx_isox] ensure "Seatbelt"
[01:58:07][127.0.0.1][arx_isox] ensure "Seatbelt"
[01:58:48][127.0.0.1][arx_isox] ensure "Seatbelt"
[02:01:38][127.0.0.1][arx_isox] ensure "Seatbelt"
[02:03:31][127.0.0.1][arx_isox] ensure "Seatbelt"
[02:05:33][127.0.0.1][arx_isox] ensure "Seatbelt"
[02:06:18][127.0.0.1][arx_isox] ensure "Seatbelt"
[02:08:36][127.0.0.1][arx_isox] ensure "Seatbelt"
[02:30:32][127.0.0.1][arx_isox] ensure "esx_playtime"
[02:32:38][127.0.0.1][arx_isox] ensure "relisoft_tag"
[02:33:30][127.0.0.1][arx_isox] ensure "relisoft_tag"
[02:38:34][127.0.0.1][arx_isox] ensure "MenuConfig"
[02:41:21][127.0.0.1][arx_isox] ensure "MenuConfig"

================================================================
======== txAdmin starting - 6/15/2021, 5:21:51 AM
================================================================

================================================================
======== txAdmin starting - 6/15/2021, 5:22:52 AM
================================================================
[05:40:09][127.0.0.1][arx_isox] ensure "esx_advancedgarage"

================================================================
======== txAdmin starting - 6/15/2021, 6:02:56 AM
================================================================
[06:11:39][127.0.0.1][arx_isox] ensure "radio"
[06:12:40][127.0.0.1][arx_isox] ensure "radio"
[06:14:24][127.0.0.1][arx_isox] ensure "radio"
[06:20:05][127.0.0.1][arx_isox] ensure "MenuConfig"
[06:22:22][127.0.0.1][arx_isox] ensure "MenuConfig"

================================================================
======== txAdmin starting - 6/15/2021, 12:14:52 PM
================================================================

================================================================
======== txAdmin starting - 6/15/2021, 12:15:08 PM
================================================================

================================================================
======== txAdmin starting - 6/15/2021, 12:15:27 PM
================================================================
[12:20:08][127.0.0.1][arx_isox] stop "radio"
[12:20:36][127.0.0.1][arx_isox] stop "MenuConfig"
[12:22:15][127.0.0.1][arx_isox] stop "weapons-on-back"
[12:27:29][127.0.0.1][arx_isox] refresh
[12:27:46][127.0.0.1][arx_isox] refresh
[12:27:53][127.0.0.1][arx_isox] ensure "magasindemask"
[12:34:43][127.0.0.1][arx_isox] refresh
[12:34:48][127.0.0.1][arx_isox] ensure "no-npc"

================================================================
======== txAdmin starting - 6/15/2021, 2:45:23 PM
================================================================
[15:02:17][127.0.0.1][arx_isox] stop "no-npc"
[15:03:55][127.0.0.1][arx_isox] stop "screenshot-basic"

================================================================
======== txAdmin starting - 6/15/2021, 3:14:54 PM
================================================================

================================================================
======== txAdmin starting - 6/15/2021, 3:35:40 PM
================================================================

================================================================
======== txAdmin starting - 6/15/2021, 3:36:03 PM
================================================================

================================================================
======== txAdmin starting - 6/15/2021, 4:51:51 PM
================================================================

================================================================
======== txAdmin starting - 6/15/2021, 4:56:09 PM
================================================================

================================================================
======== txAdmin starting - 6/15/2021, 4:58:35 PM
================================================================

================================================================
======== txAdmin starting - 6/15/2021, 5:09:37 PM
================================================================

================================================================
======== txAdmin starting - 6/15/2021, 5:31:15 PM
================================================================

================================================================
======== txAdmin starting - 6/15/2021, 5:57:09 PM
================================================================

================================================================
======== txAdmin starting - 6/15/2021, 6:19:52 PM
================================================================

================================================================
======== txAdmin starting - 6/15/2021, 6:23:10 PM
================================================================

================================================================
======== txAdmin starting - 6/15/2021, 6:45:00 PM
================================================================

================================================================
======== txAdmin starting - 6/15/2021, 8:45:50 PM
================================================================

================================================================
======== txAdmin starting - 6/15/2021, 8:47:21 PM
================================================================

================================================================
======== txAdmin starting - 6/15/2021, 8:47:52 PM
================================================================

================================================================
======== txAdmin starting - 6/15/2021, 11:12:20 PM
================================================================

================================================================
======== txAdmin starting - 6/15/2021, 11:14:15 PM
================================================================

================================================================
======== txAdmin starting - 6/15/2021, 11:31:04 PM
================================================================
[00:10:45][127.0.0.1][arx_isox] ensure "radio"

================================================================
======== txAdmin starting - 6/16/2021, 1:46:16 AM
================================================================
[01:53:49][127.0.0.1][arx_isox] ensure "esx_menu_default"
[01:56:58][127.0.0.1][arx_isox] ensure "esx_menu_default"
[01:59:09][127.0.0.1][arx_isox] ensure "esx_menu_default"
[02:00:01][127.0.0.1][arx_isox] ensure "esx_menu_default"
[02:01:16][127.0.0.1][arx_isox] ensure "esx_menu_default"
[02:01:53][127.0.0.1][arx_isox] ensure "esx_menu_default"
[02:06:11][127.0.0.1][arx_isox] ensure "esx_menu_default"
[02:07:11][127.0.0.1][arx_isox] ensure "esx_menu_default"
[02:09:07][127.0.0.1][arx_isox] ensure "esx_menu_default"

================================================================
======== txAdmin starting - 6/16/2021, 2:24:47 AM
================================================================

================================================================
======== txAdmin starting - 6/16/2021, 2:26:59 AM
================================================================

================================================================
======== txAdmin starting - 6/16/2021, 8:46:20 AM
================================================================

================================================================
======== txAdmin starting - 6/16/2021, 9:37:52 AM
================================================================

================================================================
======== txAdmin starting - 6/16/2021, 11:27:06 AM
================================================================

================================================================
======== txAdmin starting - 6/16/2021, 11:27:33 AM
================================================================

================================================================
======== txAdmin starting - 6/16/2021, 7:39:37 PM
================================================================

================================================================
======== txAdmin starting - 6/16/2021, 7:40:11 PM
================================================================

================================================================
======== txAdmin starting - 6/16/2021, 7:41:16 PM
================================================================

================================================================
======== txAdmin starting - 6/16/2021, 7:56:55 PM
================================================================
[20:01:05][127.0.0.1][arx_isox] ensure "sw-nitro"

================================================================
======== txAdmin starting - 6/16/2021, 8:05:01 PM
================================================================
[20:08:48][127.0.0.1][arx_isox] ensure "sw-nitro"

================================================================
======== txAdmin starting - 6/16/2021, 8:11:44 PM
================================================================

================================================================
======== txAdmin starting - 6/16/2021, 8:35:54 PM
================================================================

================================================================
======== txAdmin starting - 6/16/2021, 8:56:31 PM
================================================================

================================================================
======== txAdmin starting - 6/16/2021, 9:13:11 PM
================================================================

================================================================
======== txAdmin starting - 6/16/2021, 9:37:26 PM
================================================================

================================================================
======== txAdmin starting - 6/16/2021, 9:40:21 PM
================================================================

================================================================
======== txAdmin starting - 6/16/2021, 9:42:13 PM
================================================================

================================================================
======== txAdmin starting - 6/17/2021, 2:20:33 AM
================================================================

================================================================
======== txAdmin starting - 6/17/2021, 2:24:25 AM
================================================================

================================================================
======== txAdmin starting - 6/17/2021, 2:30:52 AM
================================================================

================================================================
======== txAdmin starting - 6/17/2021, 2:34:21 AM
================================================================

================================================================
======== txAdmin starting - 6/17/2021, 2:47:16 AM
================================================================

================================================================
======== txAdmin starting - 6/17/2021, 2:47:48 AM
================================================================

================================================================
======== txAdmin starting - 6/17/2021, 2:51:21 AM
================================================================

================================================================
======== txAdmin starting - 6/17/2021, 3:04:12 AM
================================================================

================================================================
======== txAdmin starting - 6/17/2021, 3:15:21 AM
================================================================
[03:17:41][127.0.0.1][arx_isox] Changing fxRunner settings.

================================================================
======== txAdmin starting - 6/17/2021, 3:17:57 AM
================================================================

================================================================
======== txAdmin starting - 6/17/2021, 3:26:03 AM
================================================================
[03:43:53][127.0.0.1][arx_isox] stop "new_banking"

================================================================
======== txAdmin starting - 6/17/2021, 3:46:34 AM
================================================================
[03:48:51][127.0.0.1][arx_isox] Changing fxRunner settings.

================================================================
======== txAdmin starting - 6/17/2021, 2:51:03 PM
================================================================

================================================================
======== txAdmin starting - 6/17/2021, 2:53:07 PM
================================================================

================================================================
======== txAdmin starting - 6/17/2021, 2:54:14 PM
================================================================

================================================================
======== txAdmin starting - 6/17/2021, 2:58:17 PM
================================================================

================================================================
======== txAdmin starting - 6/17/2021, 2:58:32 PM
================================================================

================================================================
======== txAdmin starting - 6/17/2021, 2:58:46 PM
================================================================

================================================================
======== txAdmin starting - 6/17/2021, 2:59:53 PM
================================================================

================================================================
======== txAdmin starting - 6/17/2021, 3:01:22 PM
================================================================

================================================================
======== txAdmin starting - 6/17/2021, 3:01:58 PM
================================================================

================================================================
======== txAdmin starting - 6/17/2021, 3:02:04 PM
================================================================

================================================================
======== txAdmin starting - 6/17/2021, 3:03:00 PM
================================================================

================================================================
======== txAdmin starting - 6/17/2021, 3:05:23 PM
================================================================

================================================================
======== txAdmin starting - 6/17/2021, 3:12:44 PM
================================================================

================================================================
======== txAdmin starting - 6/17/2021, 3:14:45 PM
================================================================

================================================================
======== txAdmin starting - 6/17/2021, 3:15:19 PM
================================================================

================================================================
======== txAdmin starting - 6/17/2021, 3:25:03 PM
================================================================

================================================================
======== txAdmin starting - 6/17/2021, 3:25:44 PM
================================================================

================================================================
======== txAdmin starting - 6/17/2021, 4:55:25 PM
================================================================

================================================================
======== txAdmin starting - 6/17/2021, 5:35:51 PM
================================================================

================================================================
======== txAdmin starting - 6/17/2021, 5:35:59 PM
================================================================

================================================================
======== txAdmin starting - 6/17/2021, 7:07:37 PM
================================================================

================================================================
======== txAdmin starting - 6/17/2021, 7:09:30 PM
================================================================

================================================================
======== txAdmin starting - 6/17/2021, 7:09:57 PM
================================================================
[19:14:09][127.0.0.1][arx_isox] ensure "utk_ornateprops"
[19:14:10][127.0.0.1][arx_isox] ensure "utk_ornateheist"

================================================================
======== txAdmin starting - 6/17/2021, 7:16:34 PM
================================================================

================================================================
======== txAdmin starting - 6/17/2021, 10:28:38 PM
================================================================

================================================================
======== txAdmin starting - 6/17/2021, 10:31:06 PM
================================================================

================================================================
======== txAdmin starting - 6/17/2021, 10:39:12 PM
================================================================

================================================================
======== txAdmin starting - 6/17/2021, 11:07:46 PM
================================================================

================================================================
======== txAdmin starting - 6/17/2021, 11:10:15 PM
================================================================
[23:12:17][127.0.0.1][arx_isox] Changing Player Controller settings.
[23:12:44][127.0.0.1][arx_isox] Changing fxRunner settings.

================================================================
======== txAdmin starting - 6/17/2021, 11:12:57 PM
================================================================

================================================================
======== txAdmin starting - 6/17/2021, 11:15:11 PM
================================================================

================================================================
======== txAdmin starting - 6/17/2021, 11:20:32 PM
================================================================

================================================================
======== txAdmin starting - 6/17/2021, 11:21:48 PM
================================================================
[23:27:33][127.0.0.1][arx_isox] Changing Player Controller settings.
[23:28:11][127.0.0.1][arx_isox] Changing fxRunner settings.

================================================================
======== txAdmin starting - 6/17/2021, 11:28:24 PM
================================================================

================================================================
======== txAdmin starting - 6/17/2021, 11:30:13 PM
================================================================
[23:30:44][127.0.0.1][arx_isox] Changing fxRunner settings.
[23:31:37][127.0.0.1][arx_isox] Editing server CFG File.
[23:33:33][127.0.0.1][arx_isox] Editing server CFG File.

================================================================
======== txAdmin starting - 6/17/2021, 11:33:54 PM
================================================================

================================================================
======== txAdmin starting - 6/18/2021, 12:38:45 AM
================================================================

================================================================
======== txAdmin starting - 6/18/2021, 1:47:16 AM
================================================================

================================================================
======== txAdmin starting - 6/18/2021, 2:50:48 AM
================================================================

================================================================
======== txAdmin starting - 6/18/2021, 2:58:29 AM
================================================================

================================================================
======== txAdmin starting - 6/18/2021, 3:45:35 AM
================================================================
[03:58:39][127.0.0.1][arx_isox] refresh
[03:58:44][127.0.0.1][arx_isox] ensure "VaultDoorSystem"

================================================================
======== txAdmin starting - 6/18/2021, 12:55:37 PM
================================================================

================================================================
======== txAdmin starting - 6/18/2021, 1:03:04 PM
================================================================

================================================================
======== txAdmin starting - 6/18/2021, 1:04:19 PM
================================================================

================================================================
======== txAdmin starting - 6/18/2021, 1:06:09 PM
================================================================

================================================================
======== txAdmin starting - 6/18/2021, 1:58:47 PM
================================================================

================================================================
======== txAdmin starting - 6/18/2021, 2:06:11 PM
================================================================

================================================================
======== txAdmin starting - 6/18/2021, 3:25:39 PM
================================================================

================================================================
======== txAdmin starting - 6/18/2021, 3:26:27 PM
================================================================

================================================================
======== txAdmin starting - 6/18/2021, 3:29:36 PM
================================================================

================================================================
======== txAdmin starting - 6/18/2021, 3:32:20 PM
================================================================

================================================================
======== txAdmin starting - 6/18/2021, 3:40:41 PM
================================================================

================================================================
======== txAdmin starting - 6/18/2021, 3:42:31 PM
================================================================

================================================================
======== txAdmin starting - 6/18/2021, 3:43:41 PM
================================================================

================================================================
======== txAdmin starting - 6/18/2021, 3:47:54 PM
================================================================

================================================================
======== txAdmin starting - 6/18/2021, 3:51:45 PM
================================================================

================================================================
======== txAdmin starting - 6/18/2021, 3:53:07 PM
================================================================

================================================================
======== txAdmin starting - 6/18/2021, 3:58:41 PM
================================================================

================================================================
======== txAdmin starting - 6/18/2021, 5:46:51 PM
================================================================

================================================================
======== txAdmin starting - 6/18/2021, 7:14:56 PM
================================================================

================================================================
======== txAdmin starting - 6/18/2021, 7:15:33 PM
================================================================

================================================================
======== txAdmin starting - 6/18/2021, 11:43:03 PM
================================================================

================================================================
======== txAdmin starting - 6/18/2021, 11:45:01 PM
================================================================

================================================================
======== txAdmin starting - 6/19/2021, 1:58:06 AM
================================================================

================================================================
======== txAdmin starting - 6/19/2021, 2:00:16 AM
================================================================

================================================================
======== txAdmin starting - 6/19/2021, 2:01:53 AM
================================================================

================================================================
======== txAdmin starting - 6/19/2021, 2:04:06 AM
================================================================

================================================================
======== txAdmin starting - 6/19/2021, 2:29:48 AM
================================================================

================================================================
======== txAdmin starting - 6/19/2021, 2:37:04 AM
================================================================

================================================================
======== txAdmin starting - 6/19/2021, 2:44:48 AM
================================================================

================================================================
======== txAdmin starting - 6/19/2021, 2:46:15 AM
================================================================

================================================================
======== txAdmin starting - 6/19/2021, 3:53:01 AM
================================================================

================================================================
======== txAdmin starting - 6/19/2021, 3:55:35 AM
================================================================

================================================================
======== txAdmin starting - 6/19/2021, 3:57:17 AM
================================================================

================================================================
======== txAdmin starting - 6/19/2021, 4:49:45 AM
================================================================

================================================================
======== txAdmin starting - 6/19/2021, 3:29:09 PM
================================================================

================================================================
======== txAdmin starting - 6/19/2021, 3:30:21 PM
================================================================

================================================================
======== txAdmin starting - 6/19/2021, 3:37:23 PM
================================================================

================================================================
======== txAdmin starting - 6/19/2021, 11:39:34 PM
================================================================
[23:45:12][127.0.0.1][arx_isox] Changing global settings.

================================================================
======== txAdmin starting - 6/19/2021, 11:56:30 PM
================================================================

================================================================
======== txAdmin starting - 6/19/2021, 11:57:50 PM
================================================================

================================================================
======== txAdmin starting - 6/20/2021, 4:18:05 AM
================================================================

================================================================
======== txAdmin starting - 6/20/2021, 4:26:04 AM
================================================================

================================================================
======== txAdmin starting - 6/20/2021, 4:26:54 AM
================================================================

================================================================
======== txAdmin starting - 6/20/2021, 4:43:05 AM
================================================================

================================================================
======== txAdmin starting - 6/20/2021, 4:52:50 AM
================================================================
[04:53:20][127.0.0.1][arx_isox] Changing global settings.
[04:53:35][127.0.0.1][arx_isox] Changing discordBot settings.

================================================================
======== txAdmin starting - 6/20/2021, 5:13:40 AM
================================================================

================================================================
======== txAdmin starting - 6/20/2021, 5:16:20 AM
================================================================

================================================================
======== txAdmin starting - 6/20/2021, 2:17:43 PM
================================================================

================================================================
======== txAdmin starting - 6/20/2021, 3:43:09 PM
================================================================

================================================================
======== txAdmin starting - 6/20/2021, 3:43:40 PM
================================================================

================================================================
======== txAdmin starting - 6/21/2021, 12:35:14 AM
================================================================

================================================================
======== txAdmin starting - 6/21/2021, 12:37:30 AM
================================================================

================================================================
======== txAdmin starting - 6/21/2021, 12:39:20 AM
================================================================

================================================================
======== txAdmin starting - 6/21/2021, 12:39:57 AM
================================================================

================================================================
======== txAdmin starting - 6/21/2021, 12:54:41 AM
================================================================

================================================================
======== txAdmin starting - 6/21/2021, 1:02:04 AM
================================================================

================================================================
======== txAdmin starting - 6/21/2021, 1:14:19 AM
================================================================

================================================================
======== txAdmin starting - 6/21/2021, 1:55:46 AM
================================================================

================================================================
======== txAdmin starting - 6/21/2021, 2:46:15 AM
================================================================

================================================================
======== txAdmin starting - 6/21/2021, 3:02:00 AM
================================================================

================================================================
======== txAdmin starting - 6/21/2021, 3:04:22 AM
================================================================

================================================================
======== txAdmin starting - 6/21/2021, 3:05:54 AM
================================================================

================================================================
======== txAdmin starting - 6/21/2021, 3:06:18 AM
================================================================

================================================================
======== txAdmin starting - 6/21/2021, 3:21:29 AM
================================================================

================================================================
======== txAdmin starting - 6/21/2021, 10:03:53 AM
================================================================

================================================================
======== txAdmin starting - 6/21/2021, 10:08:09 AM
================================================================

================================================================
======== txAdmin starting - 6/21/2021, 10:15:02 AM
================================================================

================================================================
======== txAdmin starting - 6/21/2021, 11:09:20 AM
================================================================

================================================================
======== txAdmin starting - 6/21/2021, 11:12:45 AM
================================================================

================================================================
======== txAdmin starting - 6/21/2021, 11:31:43 AM
================================================================

================================================================
======== txAdmin starting - 6/21/2021, 11:32:53 AM
================================================================

================================================================
======== txAdmin starting - 6/21/2021, 11:34:05 AM
================================================================
[11:39:22][127.0.0.1][arx_isox] Changing fxRunner settings.

================================================================
======== txAdmin starting - 6/21/2021, 11:39:34 AM
================================================================

================================================================
======== txAdmin starting - 6/21/2021, 11:39:47 AM
================================================================

================================================================
======== txAdmin starting - 6/21/2021, 11:45:50 AM
================================================================
[11:46:30][127.0.0.1][arx_isox] Changing fxRunner settings.
[11:46:33][127.0.0.1][arx_isox] Changing fxRunner settings.
[11:46:51][127.0.0.1][arx_isox] Changing fxRunner settings.

================================================================
======== txAdmin starting - 6/21/2021, 11:46:57 AM
================================================================

================================================================
======== txAdmin starting - 6/21/2021, 4:30:49 PM
================================================================

================================================================
======== txAdmin starting - 6/21/2021, 4:33:27 PM
================================================================

================================================================
======== txAdmin starting - 6/21/2021, 4:40:14 PM
================================================================
[16:42:47][127.0.0.1][arx_isox] Changing fxRunner settings.

================================================================
======== txAdmin starting - 6/21/2021, 4:42:56 PM
================================================================

================================================================
======== txAdmin starting - 6/21/2021, 4:43:06 PM
================================================================

================================================================
======== txAdmin starting - 6/21/2021, 4:55:23 PM
================================================================

================================================================
======== txAdmin starting - 6/21/2021, 9:09:44 PM
================================================================
[21:48:28][127.0.0.1][arx_isox] ensure "esx_drugs"
[21:49:46][127.0.0.1][arx_isox] ensure "esx_drugs"
[21:52:53][127.0.0.1][arx_isox] ensure "esx_drugs"

================================================================
======== txAdmin starting - 6/22/2021, 3:19:26 PM
================================================================

================================================================
======== txAdmin starting - 6/22/2021, 3:22:42 PM
================================================================

================================================================
======== txAdmin starting - 6/22/2021, 3:26:03 PM
================================================================
[15:36:31][127.0.0.1][arx_isox] restart esx_drugs
[15:44:33][127.0.0.1][arx_isox] restart esx_drugs
[15:57:37][127.0.0.1][arx_isox] restart esx_drugs

================================================================
======== txAdmin starting - 6/22/2021, 3:57:59 PM
================================================================
[16:02:01][127.0.0.1][arx_isox] restart esx_drugs
[16:02:07][127.0.0.1][arx_isox] start esx_drugs

================================================================
======== txAdmin starting - 6/22/2021, 4:02:19 PM
================================================================

================================================================
======== txAdmin starting - 6/22/2021, 4:02:57 PM
================================================================
[16:09:31][127.0.0.1][arx_isox] restart esx_drugs

================================================================
======== txAdmin starting - 6/22/2021, 6:47:47 PM
================================================================

================================================================
======== txAdmin starting - 6/22/2021, 6:52:37 PM
================================================================

================================================================
======== txAdmin starting - 6/22/2021, 6:56:18 PM
================================================================

================================================================
======== txAdmin starting - 6/22/2021, 6:56:53 PM
================================================================

================================================================
======== txAdmin starting - 6/22/2021, 7:02:09 PM
================================================================
[19:03:38][127.0.0.1][arx_isox] Changing Player Controller settings.

================================================================
======== txAdmin starting - 6/22/2021, 7:08:12 PM
================================================================

================================================================
======== txAdmin starting - 6/22/2021, 7:10:40 PM
================================================================

================================================================
======== txAdmin starting - 6/22/2021, 7:13:37 PM
================================================================

================================================================
======== txAdmin starting - 6/22/2021, 7:14:30 PM
================================================================

================================================================
======== txAdmin starting - 6/22/2021, 7:24:10 PM
================================================================

================================================================
======== txAdmin starting - 6/22/2021, 7:30:30 PM
================================================================

================================================================
======== txAdmin starting - 6/22/2021, 7:33:28 PM
================================================================

================================================================
======== txAdmin starting - 6/23/2021, 3:27:03 AM
================================================================
[03:40:22][127.0.0.1][arx_isox] ensure "esx_drugs"
[03:42:00][127.0.0.1][arx_isox] ensure "esx_drugs"
[03:44:42][127.0.0.1][arx_isox] ensure "esx_drugs"
[03:51:38][127.0.0.1][arx_isox] ensure "esx_drugs"
[03:51:51][127.0.0.1][arx_isox] ensure "esx_drugs"
[03:55:06][127.0.0.1][arx_isox] ensure "esx_drugs"
[03:55:57][127.0.0.1][arx_isox] ensure "esx_drugs"
[04:56:36][127.0.0.1][arx_isox] ensure "esx_drugs"

================================================================
======== txAdmin starting - 6/23/2021, 5:01:21 AM
================================================================
[05:04:47][127.0.0.1][arx_isox] restart esx_drugs
[05:05:06][127.0.0.1][arx_isox] restart esx_drugs

================================================================
======== txAdmin starting - 6/23/2021, 5:05:18 AM
================================================================
[05:06:35][127.0.0.1][arx_isox] restart esx_drugs
[05:10:23][127.0.0.1][arx_isox] restart esx_drugs

================================================================
======== txAdmin starting - 6/23/2021, 5:10:57 AM
================================================================

================================================================
======== txAdmin starting - 6/23/2021, 5:24:15 AM
================================================================

================================================================
======== txAdmin starting - 6/23/2021, 5:26:45 AM
================================================================

================================================================
======== txAdmin starting - 6/23/2021, 5:29:54 AM
================================================================
[05:36:56][127.0.0.1][arx_isox] restart esx_ambulancejob
[05:42:11][127.0.0.1][arx_isox] restart esx_ambulancejob
[05:44:53][127.0.0.1][arx_isox] restart esx_ambulancejob

================================================================
======== txAdmin starting - 6/23/2021, 6:28:35 AM
================================================================
[06:45:23][127.0.0.1][arx_isox] restart esx_ambulancejob

================================================================
======== txAdmin starting - 6/23/2021, 6:45:47 AM
================================================================

================================================================
======== txAdmin starting - 6/23/2021, 6:48:47 AM
================================================================
[06:57:18][127.0.0.1][arx_isox] ensure "esx_ambulancejob"
[06:58:54][127.0.0.1][arx_isox] ensure "esx_ambulancejob"
[07:04:35][127.0.0.1][arx_isox] ensure "esx_ambulancejob"
[07:06:18][127.0.0.1][arx_isox] ensure "esx_ambulancejob"

================================================================
======== txAdmin starting - 6/23/2021, 2:46:54 PM
================================================================
[14:53:39][127.0.0.1][arx_isox] restart esx_ambulancejob
[15:10:23][127.0.0.1][arx_isox] ensure "esx_ambulancejob"
[15:15:15][127.0.0.1][arx_isox] restart esx_ambulancejob
[15:16:06][127.0.0.1][arx_isox] restart esx_ambulancejob
[15:16:16][127.0.0.1][arx_isox] restart esx_ambulancejob
[15:17:46][127.0.0.1][arx_isox] restart esx_ambulancejob

================================================================
======== txAdmin starting - 6/23/2021, 3:59:51 PM
================================================================

================================================================
======== txAdmin starting - 6/23/2021, 4:01:33 PM
================================================================

================================================================
======== txAdmin starting - 6/23/2021, 4:03:31 PM
================================================================
[16:09:49][127.0.0.1][arx_isox] Editing server CFG File.

================================================================
======== txAdmin starting - 6/23/2021, 8:23:30 PM
================================================================

================================================================
======== txAdmin starting - 6/23/2021, 8:24:03 PM
================================================================
[20:36:57][127.0.0.1][arx_isox] restart gcphone

================================================================
======== txAdmin starting - 6/23/2021, 9:10:34 PM
================================================================
[21:15:53][127.0.0.1][arx_isox] restart esx_ambulancejob

================================================================
======== txAdmin starting - 6/24/2021, 2:37:47 AM
================================================================
[02:43:58][127.0.0.1][arx_isox] stop "esx_addons_gcphone"
[02:47:33][127.0.0.1][arx_isox] ensure "esx_ambulancejob"
[02:52:32][127.0.0.1][arx_isox] ensure "esx_ambulancejob"
[02:54:27][127.0.0.1][arx_isox] ensure "esx_ambulancejob"

================================================================
======== txAdmin starting - 6/25/2021, 12:47:06 AM
================================================================

================================================================
======== txAdmin starting - 6/25/2021, 12:49:04 AM
================================================================
[00:56:21][127.0.0.1][arx_isox] ensure "radialmenu"
[00:56:36][127.0.0.1][arx_isox] ensure "streetLabel"
[00:58:09][127.0.0.1][arx_isox] ensure "esx_tattooshop"

================================================================
======== txAdmin starting - 6/25/2021, 2:47:56 AM
================================================================

================================================================
======== txAdmin starting - 6/25/2021, 3:06:33 AM
================================================================
[03:17:50][127.0.0.1][arx_isox] ensure "radialmenu"
[03:18:00][127.0.0.1][arx_isox] ensure "vehicle-control"
[03:18:05][127.0.0.1][arx_isox] ensure "radialmenu"

================================================================
======== txAdmin starting - 6/25/2021, 3:35:44 AM
================================================================

================================================================
======== txAdmin starting - 6/25/2021, 3:40:25 AM
================================================================
[03:56:33][127.0.0.1][arx_isox] ensure "vehicle-control"
[03:59:45][127.0.0.1][arx_isox] ensure "vehicle-control"
[03:59:50][127.0.0.1][arx_isox] ensure "radialmenu"
[04:06:29][127.0.0.1][arx_isox] ensure "vehicle-control"
[04:20:27][127.0.0.1][arx_isox] ensure "radialmenu"
[04:20:34][127.0.0.1][arx_isox] ensure "vehicle-control"
[04:23:39][127.0.0.1][arx_isox] refresh
[04:23:49][127.0.0.1][arx_isox] ensure "vehcontrol-master"

================================================================
======== txAdmin starting - 6/25/2021, 4:29:01 AM
================================================================
[04:33:01][127.0.0.1][arx_isox] ensure "vehcontrol-master"

================================================================
======== txAdmin starting - 6/25/2021, 4:41:30 AM
================================================================

================================================================
======== txAdmin starting - 6/25/2021, 4:45:46 AM
================================================================
[04:50:32][127.0.0.1][arx_isox] stop "speedometer"
[04:50:57][127.0.0.1][arx_isox] ensure "vehcontrol-master"
[04:52:34][127.0.0.1][arx_isox] ensure "vehcontrol-master"

================================================================
======== txAdmin starting - 6/25/2021, 4:56:29 AM
================================================================

================================================================
======== txAdmin starting - 6/26/2021, 3:46:17 PM
================================================================

================================================================
======== txAdmin starting - 6/26/2021, 3:49:29 PM
================================================================
[15:58:30][127.0.0.1][arx_isox] refresh
[15:58:53][127.0.0.1][arx_isox] refresh
[15:58:58][127.0.0.1][arx_isox] ensure "RageUI"

================================================================
======== txAdmin starting - 6/26/2021, 4:03:47 PM
================================================================

================================================================
======== txAdmin starting - 6/26/2021, 5:10:16 PM
================================================================

================================================================
======== txAdmin starting - 6/26/2021, 5:31:08 PM
================================================================

================================================================
======== txAdmin starting - 6/26/2021, 7:50:28 PM
================================================================

================================================================
======== txAdmin starting - 6/26/2021, 7:52:37 PM
================================================================

================================================================
======== txAdmin starting - 6/26/2021, 9:02:49 PM
================================================================

================================================================
======== txAdmin starting - 7/9/2021, 5:30:07 PM
================================================================

================================================================
======== txAdmin starting - 7/9/2021, 5:31:54 PM
================================================================

================================================================
======== txAdmin starting - 7/9/2021, 5:32:22 PM
================================================================

================================================================
======== txAdmin starting - 7/9/2021, 5:34:27 PM
================================================================

================================================================
======== txAdmin starting - 7/9/2021, 5:44:07 PM
================================================================

================================================================
======== txAdmin starting - 7/9/2021, 5:46:44 PM
================================================================

================================================================
======== txAdmin starting - 7/21/2021, 3:39:54 PM
================================================================

================================================================
======== txAdmin starting - 7/21/2021, 3:41:37 PM
================================================================

================================================================
======== txAdmin starting - 7/21/2021, 3:44:28 PM
================================================================

================================================================
======== txAdmin starting - 7/21/2021, 3:45:30 PM
================================================================

================================================================
======== txAdmin starting - 7/21/2021, 3:46:37 PM
================================================================

================================================================
======== txAdmin starting - 7/21/2021, 3:57:33 PM
================================================================
