
================================================================
======== txAdmin Starting - 12/22/2021, 12:41:50 PM             
================================================================

================================================================
======== Log Rotated - 12/22/2021, 12:41:50 PM                  
================================================================
[12:42:13] [arx_isox] logged in from 127.0.0.1 via password

================================================================
======== txAdmin Starting - 12/22/2021, 12:42:32 PM             
================================================================
[12:42:36] [arx_isox] logged in from 127.0.0.1 via password

================================================================
======== txAdmin Starting - 12/22/2021, 12:43:25 PM             
================================================================
[12:43:30] [arx_isox] logged in from 127.0.0.1 via password

================================================================
======== txAdmin Starting - 12/22/2021, 1:11:56 PM              
================================================================
[13:11:58] [arx_isox] logged in from 127.0.0.1 via password
[13:16:05] [arx_isox] ensure "streetLabel"
[13:18:12] [arx_isox] ensure "streetLabel"
[13:22:07] [arx_isox] stop "streetLabel"
[13:22:21] [arx_isox] ensure "streetLabel"
[13:28:42] [arx_isox] ensure "new_banking"

================================================================
======== txAdmin Starting - 12/22/2021, 1:30:23 PM              
================================================================

================================================================
======== txAdmin Starting - 12/22/2021, 1:36:38 PM              
================================================================

================================================================
======== txAdmin Starting - 12/22/2021, 1:37:34 PM              
================================================================
[13:37:51] [arx_isox] logged in from 127.0.0.1 via password
[14:04:11] [arx_isox] logged in from 127.0.0.1 via password
[14:04:25] [arx_isox] ensure "esx_clotheshop"
[14:05:16] [arx_isox] stop "esx_clotheshop"
[14:05:31] [arx_isox] ensure "esx_clotheshop"

================================================================
======== txAdmin Starting - 12/22/2021, 2:06:17 PM              
================================================================
[14:14:01] [arx_isox] logged in from 127.0.0.1 via password
[14:14:17] [arx_isox] ensure "esx_tattooshop"
[14:14:58] [arx_isox] ensure "esx_tattooshop"
[14:15:33] [arx_isox] ensure "esx_tattooshop"
[14:15:33] [arx_isox] ensure "esx_tattooshop"
[14:16:03] [arx_isox] ensure "esx_tattooshop"
[14:16:42] [arx_isox] ensure "esx_tattooshop"

================================================================
======== txAdmin Starting - 12/22/2021, 2:22:56 PM              
================================================================

================================================================
======== txAdmin Starting - 12/22/2021, 2:29:35 PM              
================================================================
[14:38:37] [arx_isox] logged in from 127.0.0.1 via password

================================================================
======== txAdmin Starting - 12/22/2021, 3:32:43 PM              
================================================================

================================================================
======== txAdmin Starting - 12/22/2021, 3:32:53 PM              
================================================================

================================================================
======== txAdmin Starting - 12/22/2021, 4:46:51 PM              
================================================================

================================================================
======== txAdmin Starting - 12/22/2021, 4:52:40 PM              
================================================================

================================================================
======== txAdmin Starting - 12/22/2021, 4:58:04 PM              
================================================================

================================================================
======== txAdmin Starting - 12/22/2021, 4:58:26 PM              
================================================================

================================================================
======== txAdmin Starting - 12/22/2021, 5:00:24 PM              
================================================================

================================================================
======== txAdmin Starting - 12/22/2021, 5:01:33 PM              
================================================================

================================================================
======== txAdmin Starting - 12/22/2021, 5:50:44 PM              
================================================================

================================================================
======== txAdmin Starting - 12/22/2021, 5:54:14 PM              
================================================================

================================================================
======== txAdmin Starting - 12/22/2021, 5:54:29 PM              
================================================================

================================================================
======== txAdmin Starting - 12/22/2021, 5:54:58 PM              
================================================================

================================================================
======== txAdmin Starting - 12/22/2021, 7:23:06 PM              
================================================================

================================================================
======== txAdmin Starting - 12/22/2021, 7:23:38 PM              
================================================================
[19:24:39] [arx_isox] logged in from 127.0.0.1 via password

================================================================
======== txAdmin Starting - 12/22/2021, 7:26:16 PM              
================================================================

================================================================
======== txAdmin Starting - 12/22/2021, 7:28:40 PM              
================================================================

================================================================
======== txAdmin Starting - 12/22/2021, 7:30:00 PM              
================================================================
[19:34:05] [arx_isox] logged in via in-game ui
[19:47:31] [arx_isox] logged in from 127.0.0.1 via password
[19:47:35] [arx_isox] RESTART SERVER
[19:48:14] [arx_isox] logged in via in-game ui

================================================================
======== txAdmin Starting - 12/22/2021, 8:15:35 PM              
================================================================

================================================================
======== txAdmin Starting - 12/22/2021, 8:16:27 PM              
================================================================

================================================================
======== txAdmin Starting - 12/22/2021, 8:17:31 PM              
================================================================

================================================================
======== txAdmin Starting - 12/22/2021, 8:20:07 PM              
================================================================
[20:29:14] [arx_isox] logged in via in-game ui
[20:50:03] [arx_isox] logged in from 127.0.0.1 via password

================================================================
======== txAdmin Starting - 12/22/2021, 9:17:36 PM              
================================================================
[21:18:20] [arx_isox] logged in via in-game ui

================================================================
======== txAdmin Starting - 12/22/2021, 9:21:09 PM              
================================================================
[21:21:37] [arx_isox] logged in via in-game ui

================================================================
======== txAdmin Starting - 12/22/2021, 10:11:04 PM             
================================================================

================================================================
======== txAdmin Starting - 12/22/2021, 10:20:59 PM             
================================================================
