
================================================================
======== Log Rotated - 11/19/2021, 8:42:35 PM                   
================================================================

================================================================
======== FXServer Starting - 11/19/2021, 8:42:38 PM             
================================================================
[    c-scripting-core] Creating script environments for _cfx_internal
[ citizen-server-impl] Scanning resources.
[ citizen-server-impl] Found 128 resources.
[          svadhesive] Authenticating server license key...
[          svadhesive] Server license key authentication succeeded. Welcome!
[    c-scripting-core] Creating script environments for sessionmanager
[ citizen-server-impl] Started resource sessionmanager
[    c-scripting-core] Creating script environments for monitor
[      script:monitor] [txAdminClient] Version 4.8.0 starting...
[ citizen-server-impl] Started resource monitor
[    c-scripting-core] Creating script environments for mapmanager
[ citizen-server-impl] Started resource mapmanager
[    c-scripting-core] Creating script environments for yarn
[ citizen-server-impl] Started resource yarn
[    c-scripting-core] Creating script environments for webpack
[ citizen-server-impl] Started resource webpack
[    c-scripting-core] Creating script environments for chat
[ citizen-server-impl] Started resource chat
[ citizen-server-impl] Started resource spawnmanager
[    c-scripting-core] Creating script environments for hardcap
[ citizen-server-impl] [0mStarted resource hardcap
[    c-scripting-core] Creating script environments for mysql-async
[ citizen-server-impl] Started resource mysql-async
[    c-scripting-core] Creating script environments for cron
[ citizen-server-impl] Started resource cron
[    c-scripting-core] Creating script environments for instance
[ citizen-server-impl] Started resource instance
[ citizen-server-impl] Started resource skinchanger
[    c-scripting-core] Creating script environments for async
[ citizen-server-impl] Started resource async
[    c-scripting-core] Creating script environments for es_extended
[ citizen-server-impl] Started resource es_extended
[ citizen-server-impl] Started resource esx_menu_default
[ citizen-server-impl] Started resource esx_menu_dialog
[ citizen-server-impl] Started resource esx_menu_list
[    c-scripting-core] Creating script environments for esx_datastore
[ citizen-server-impl] Started resource esx_datastore
[    c-scripting-core] Creating script environments for esx_identity
[ citizen-server-impl] Started resource esx_identity
[    c-scripting-core] Creating script environments for esx_skin
[ citizen-server-impl] Started resource esx_skin
[    c-scripting-core] Creating script environments for esx_status
[ citizen-server-impl] Started resource esx_status
[    c-scripting-core] Creating script environments for esx_basicneeds
[ citizen-server-impl] Started resource esx_basicneeds
[    c-scripting-core] Creating script environments for esx_billing
[ citizen-server-impl] Started resource esx_billing
[    c-scripting-core] Creating script environments for esx_addoninventory
[ citizen-server-impl] Started resource esx_addoninventory
[    c-scripting-core] Creating script environments for esx_addonaccount
[ citizen-server-impl] Started resource esx_addonaccount
[    c-scripting-core] Creating script environments for esx_society
[ citizen-server-impl] Started resource esx_society
[    c-scripting-core] [97mCreating script environments for esx_license
[ citizen-server-impl] Started resource esx_license
[    c-scripting-core] Creating script environments for esx_service
[ citizen-server-impl] Started resource esx_service
[    c-scripting-core] Creating script environments for esx_jobs
[ citizen-server-impl] Started resource esx_jobs
[    c-scripting-core] Creating script environments for esx_joblisting
[ citizen-server-impl] Started resource esx_joblisting
[    c-scripting-core] Creating script environments for esx_vehicleshop
[ citizen-server-impl] Started resource esx_vehicleshop
[    c-scripting-core] Creating script environments for esx_policejob
[ citizen-server-impl] Started resource esx_policejob
[    c-scripting-core] Creating script environments for esx_ambulancejob
[ citizen-server-impl] Started resource esx_ambulancejob
[    c-scripting-core] Creating script environments for esx_taxijob
[ citizen-server-impl] Started resource esx_taxijob
[    c-scripting-core] Creating script environments for esx_weaponshop
[ citizen-server-impl] Started resource esx_weaponshop
[    c-scripting-core] Creating script environments for esx_barbershop
[ citizen-server-impl] Started resource esx_barbershop
[    c-scripting-core] Creating script environments for esx_holdup
[ citizen-server-impl] Started resource esx_holdup
[    c-scripting-core] Creating script environments for esx_lscustom
[ citizen-server-impl] Started resource esx_lscustom
[    c-scripting-core] Creating script environments for esx_mechanicjob
[ citizen-server-impl] Started resource esx_mechanicjob
[    c-scripting-core] Creating script environments for esx_scoreboard
[ citizen-server-impl] Started resource esx_scoreboard
[    c-scripting-core] Creating script environments for esx_inventoryhud
[ citizen-server-impl] Started resource esx_inventoryhud
[    c-scripting-core] Creating script environments for esx_inventoryhud_trunk
[ citizen-server-impl] Started resource esx_inventoryhud_trunk
[    c-scripting-core] Creating script environments for esx_clotheshop
[ citizen-server-impl] Started resource esx_clotheshop
[    c-scripting-core] Creating script environments for esx_property
[ citizen-server-impl] Started resource esx_property
[    c-scripting-core] Creating script environments for esx_advancedgarage
[ citizen-server-impl] Started resource esx_advancedgarage
[    c-scripting-core] Creating script environments for esx_dmvschool
[ citizen-server-impl] Started resource esx_dmvschool
[    c-scripting-core] Creating script environments for esx_licenseshop
[ citizen-server-impl] Started resource esx_licenseshop
[ citizen-server-impl] Started resource bob74_ipl
[    c-scripting-core] Creating script environments for esx_adminplus
[ citizen-server-impl] Started resource esx_adminplus
[    c-scripting-core] Creating script environments for gcphone
[ citizen-server-impl] Started resource gcphone
[    c-scripting-core] Creating script environments for Kl_HudV2
[ citizen-server-impl] Started resource Kl_HudV2
[ citizen-server-impl] Started resource simpledrift
[    c-scripting-core] Creating script environments for EasyAdmin
[    script:EasyAdmin] 
[    script:EasyAdmin]  _______ _______ _______ __   __ _______ ______  _______ _____ __   _
[    script:EasyAdmin]  |______ |_____| |______   \_/   |_____| |     \ |  |  |   |   | \  |
[    script:EasyAdmin]  |______ |     | ______|    |    |     | |_____/ |  |  | __|__ |  \_|
[    script:EasyAdmin]                            Version 6.34
[ citizen-server-impl] Started resource EasyAdmin
[    c-scripting-core] Creating script environments for legacyfuel
[ citizen-server-impl] Started resource legacyfuel
[ citizen-server-impl] Started resource speedometer
[    c-scripting-core] Creating script environments for screenshot-basic
[ citizen-server-impl] Started resource screenshot-basic
[ citizen-server-impl] Started resource pNotify
[ citizen-server-impl] Started resource mythic_progbar
[ citizen-server-impl] Started resource dpclothing
[    c-scripting-core] Creating script environments for dpemotes
[ citizen-server-impl] Started resource dpemotes
[    c-scripting-core] Creating script environments for fixclean
[ citizen-server-impl] Started resource fixclean
[ citizen-server-impl] Started resource handsup
[    c-scripting-core] Creating script environments for esx_vangelico_robbery
[ citizen-server-impl] Started resource esx_vangelico_robbery
[    c-scripting-core] Creating script environments for 99kr-shops
[ citizen-server-impl] Started resource 99kr-shops
[    c-scripting-core] Creating script environments for esx_clip
[ citizen-server-impl] Started resource esx_clip
[    c-scripting-core] Creating script environments for mumble-voip
[ citizen-server-impl] Started resource mumble-voip
[ citizen-server-impl] Started resource rp-radio
[ citizen-server-impl] Started resource streetLabel
[ citizen-server-impl] Started resource MenuConfig
[    c-scripting-core] Creating script environments for esx_doorlock
[ citizen-server-impl] Started resource esx_doorlock
[    c-scripting-core] Creating script environments for vMenu
[        script:vMenu] Instantiated instance of script vMenuServer.BanManager.
[        script:vMenu] Instantiated instance of script vMenuServer.MainServer.
[ citizen-server-impl] Started resource vMenu
[    c-scripting-core] Creating script environments for esx_carlock
[ citizen-server-impl] Started resource esx_carlock
[ citizen-server-impl] Started resource Seatbelt
[ citizen-server-impl] Started resource radio
[ citizen-server-impl] Started resource weapons-on-back
[ citizen-server-impl] Started resource no-npc
[ citizen-server-impl] Started resource default-blips
[ citizen-server-impl] Started resource ShowID
[    c-scripting-core] Creating script environments for new_banking
[ citizen-server-impl] Started resource new_banking
[    c-scripting-core] Creating script environments for relisoft_tag
[ citizen-server-impl] Started resource relisoft_tag
[    c-scripting-core] Creating script environments for 3dme
[ citizen-server-impl] Started resource 3dme
[    c-scripting-core] Creating script environments for esx_outlawalert
[ citizen-server-impl] Started resource esx_outlawalert
[    c-scripting-core] Creating script environments for wld-delallveh
[ citizen-server-impl] Started resource wld-delallveh
[    c-scripting-core] Creating script environments for pAnnounce
[ citizen-server-impl] Started resource pAnnounce
[    c-scripting-core] Creating script environments for carrypeople
[ citizen-server-impl] Started resource carrypeople
[ citizen-server-impl] Started resource crouchb
[ citizen-server-impl] Started resource utk_ornateprops
[    c-scripting-core] Creating script environments for utk_ornateheist
[ citizen-server-impl] Started resource utk_ornateheist
[ citizen-server-impl] Started resource progressBars
[ citizen-server-impl] Started resource mythic_notify
[    c-scripting-core] Creating script environments for esx_bankrobberies
[ citizen-server-impl] Started resource esx_bankrobberies
[    c-scripting-core] Creating script environments for mustache
[ citizen-server-impl] Started resource mustache
[    c-scripting-core] Creating script environments for esx_discord
[ citizen-server-impl] Started resource esx_discord
[    c-scripting-core] Creating script environments for esx_fbi_job
[      script:gcphone] = INFO = Registered number for fbi => Fbi alert
[ citizen-server-impl] Started resource esx_fbi_job
[    c-scripting-core] Creating script environments for esx_drugs
[ citizen-server-impl] Started resource esx_drugs
[    c-scripting-core] Creating script environments for nitro
[ citizen-server-impl] Started resource nitro
[    c-scripting-core] Creating script environments for esx_playtime
[ citizen-server-impl] Started resource esx_playtime
[    c-scripting-core] [0mCreating script environments for esx_duty
[ citizen-server-impl] Started resource esx_duty
[    c-scripting-core] Creating script environments for esx_accessories
[ citizen-server-impl] Started resource esx_accessories
[    c-scripting-core] Creating script environments for esx_jail
[ citizen-server-impl] Started resource esx_jail
[    c-scripting-core] Creating script environments for esx_tattooshop
[ citizen-server-impl] Started resource esx_tattooshop
[  script:mysql-async] [0m[mysql-async] [SUCCESS] Database server connection established.
[      script:monitor] [txAdminClient] Threads and commands set up. All Ready.
[  script:es_extended] [es_extended] [INFO] ESX developed by ESX-Org has been initialized
[ citizen-server-impl] server thread hitch warning: timer interval of 192 milliseconds
[ citizen-server-impl]         fff                          
[ citizen-server-impl]   cccc ff   xx  xx     rr rr    eee  
[ citizen-server-impl] cc     ffff   xx       rrr  r ee   e 
[ citizen-server-impl] cc     ff     xx   ... rr     eeeee  
[ citizen-server-impl]  ccccc ff   xx  xx ... rr      eeeee 
[ citizen-server-impl]                                      
[ citizen-server-impl] Authenticated with cfx.re Nucleus: https://arx-isox-3b9egb.users.cfx.re/
[     script:dpemotes] 
[     script:dpemotes] dp Emotes (dpemotes) is up to date. (173)
[ citizen-server-impl] -- [server notice: tebex_not_set]
[ citizen-server-impl] ================
[ citizen-server-impl] Monetize your server using Tebex! Visit https://tebex.io/fivem for more info.
[38;5;73m[ citizen-server-impl] ================
[ citizen-server-impl] 
[ citizen-server-impl] sync thread hitch warning: timer interval of 842 milliseconds

================================================================
======== FXServer Starting - 11/19/2021, 8:45:39 PM             
================================================================
[    c-scripting-core] Creating script environments for _cfx_internal
[ citizen-server-impl] Scanning resources.
[ citizen-server-impl] Found 128 resources.
[          svadhesive] Authenticating server license key...
[          svadhesive] Server license key authentication succeeded. Welcome!
[    c-scripting-core] Creating script environments for sessionmanager
[ citizen-server-impl] Started resource sessionmanager
[    c-scripting-core] Creating script environments for monitor
[      script:monitor] [txAdminClient][97m Version 4.8.0 starting...
[ citizen-server-impl] Started resource monitor
[    c-scripting-core] Creating script environments for mapmanager
[ citizen-server-impl] Started resource mapmanager
[    c-scripting-core] Creating script environments for yarn
[ citizen-server-impl] Started resource yarn
[    c-scripting-core] Creating script environments for webpack
[ citizen-server-impl] Started resource webpack
[    c-scripting-core] Creating script environments for chat
[ citizen-server-impl] Started resource chat
[ citizen-server-impl] Started resource spawnmanager
[    c-scripting-core] Creating script environments for hardcap
[ citizen-server-impl] Started resource hardcap
[    c-scripting-core] Creating script environments for mysql-async
[ citizen-server-impl] [97mStarted resource mysql-async
[    c-scripting-core] Creating script environments for cron
[ citizen-server-impl] Started resource cron
[    c-scripting-core] Creating script environments for instance
[ citizen-server-impl] Started resource instance
[ citizen-server-impl] Started resource skinchanger
[    c-scripting-core] Creating script environments for async
[ citizen-server-impl] Started resource async
[    c-scripting-core] Creating script environments for es_extended
[ citizen-server-impl] Started resource es_extended
[ citizen-server-impl] Started resource esx_menu_default
[ citizen-server-impl] Started resource esx_menu_dialog
[ citizen-server-impl] Started resource esx_menu_list
[    c-scripting-core] Creating script environments for esx_datastore
[ citizen-server-impl] Started resource esx_datastore
[    c-scripting-core] Creating script environments for esx_identity
[ citizen-server-impl] Started resource esx_identity
[    c-scripting-core] Creating script environments for esx_skin
[ citizen-server-impl] Started resource esx_skin
[    c-scripting-core] Creating script environments for esx_status
[ citizen-server-impl] Started resource esx_status
[    c-scripting-core] Creating script environments for esx_basicneeds
[ citizen-server-impl] Started resource esx_basicneeds
[    c-scripting-core] [97mCreating script environments for esx_billing
[ citizen-server-impl] Started resource esx_billing
[    c-scripting-core] Creating script environments for esx_addoninventory
[ citizen-server-impl] Started resource esx_addoninventory
[    c-scripting-core] [0mCreating script environments for esx_addonaccount
[ citizen-server-impl] Started resource esx_addonaccount
[    c-scripting-core] [97mCreating script environments for esx_society
[ citizen-server-impl] Started resource esx_society
[    c-scripting-core] Creating script environments for esx_license
[ citizen-server-impl] Started resource esx_license
[    c-scripting-core] Creating script environments for esx_service
[ citizen-server-impl] Started resource esx_service
[    c-scripting-core] Creating script environments for esx_jobs
[ citizen-server-impl] Started resource esx_jobs
[    c-scripting-core] Creating script environments for esx_joblisting
[ citizen-server-impl] Started resource esx_joblisting
[    c-scripting-core] Creating script environments for esx_vehicleshop
[ citizen-server-impl] Started resource esx_vehicleshop
[    c-scripting-core] Creating script environments for esx_policejob
[ citizen-server-impl] Started resource esx_policejob
[    c-scripting-core] Creating script environments for esx_ambulancejob
[ citizen-server-impl] Started resource esx_ambulancejob
[    c-scripting-core] Creating script environments for esx_taxijob
[ citizen-server-impl] Started resource esx_taxijob
[    c-scripting-core] Creating script environments for esx_weaponshop
[ citizen-server-impl] Started resource esx_weaponshop
[    c-scripting-core] Creating script environments for esx_barbershop
[ citizen-server-impl] Started resource esx_barbershop
[    c-scripting-core] Creating script environments for esx_holdup
[ citizen-server-impl] Started resource esx_holdup
[    c-scripting-core] Creating script environments for esx_lscustom
[ citizen-server-impl] Started resource esx_lscustom
[    c-scripting-core] [0mCreating script environments for esx_mechanicjob
[ citizen-server-impl] Started resource esx_mechanicjob
[    c-scripting-core] [97mCreating script environments for esx_scoreboard
[ citizen-server-impl] Started resource esx_scoreboard
[    c-scripting-core] Creating script environments for esx_inventoryhud
[ citizen-server-impl] Started resource esx_inventoryhud
[    c-scripting-core] Creating script environments for esx_inventoryhud_trunk
[ citizen-server-impl] Started resource esx_inventoryhud_trunk
[    c-scripting-core] Creating script environments for esx_clotheshop
[ citizen-server-impl] Started resource esx_clotheshop
[    c-scripting-core] Creating script environments for esx_property
[ citizen-server-impl] Started resource esx_property
[    c-scripting-core] Creating script environments for esx_advancedgarage
[ citizen-server-impl] Started resource esx_advancedgarage
[    c-scripting-core] [97mCreating script environments for esx_dmvschool
[ citizen-server-impl] Started resource esx_dmvschool
[    c-scripting-core] Creating script environments for esx_licenseshop
[ citizen-server-impl] Started resource esx_licenseshop
[ citizen-server-impl] Started resource bob74_ipl
[    c-scripting-core] Creating script environments for esx_adminplus
[ citizen-server-impl] Started resource esx_adminplus
[    c-scripting-core] Creating script environments for gcphone
[ citizen-server-impl] Started resource gcphone
[    c-scripting-core] Creating script environments for Kl_HudV2
[ citizen-server-impl] Started resource Kl_HudV2
[ citizen-server-impl] Started resource simpledrift
[    c-scripting-core] Creating script environments for EasyAdmin
[    script:EasyAdmin] 
[    script:EasyAdmin]  _______ _______ _______ __   __ _______ ______  _______ _____ __   _
[    script:EasyAdmin]  |______ |_____| |______   \_/   |_____| |     \ |  |  |   |   | \  |
[    script:EasyAdmin]  |______ |     | ______|    |    |     | |_____/ |  |  | __|__ |  \_|
[    script:EasyAdmin]                            Version 6.34
[ citizen-server-impl] Started resource EasyAdmin
[    c-scripting-core] Creating script environments for legacyfuel
[ citizen-server-impl] Started resource legacyfuel
[ citizen-server-impl] Started resource speedometer
[    c-scripting-core] Creating script environments for screenshot-basic
[ citizen-server-impl] Started resource screenshot-basic
[ citizen-server-impl] Started resource pNotify
[ citizen-server-impl] Started resource mythic_progbar
[ citizen-server-impl] Started resource dpclothing
[    c-scripting-core] Creating script environments for dpemotes
[ citizen-server-impl] Started resource dpemotes
[    c-scripting-core] Creating script environments for fixclean
[ citizen-server-impl] Started resource fixclean
[ citizen-server-impl] Started resource handsup
[    c-scripting-core] Creating script environments for esx_vangelico_robbery
[ citizen-server-impl] Started resource esx_vangelico_robbery
[    c-scripting-core] Creating script environments for 99kr-shops
[ citizen-server-impl] Started resource 99kr-shops
[    c-scripting-core] Creating script environments for esx_clip
[ citizen-server-impl] Started resource esx_clip
[    c-scripting-core] Creating script environments for mumble-voip
[ citizen-server-impl] Started resource mumble-voip
[ citizen-server-impl] Started resource rp-radio
[ citizen-server-impl] Started resource streetLabel
[ citizen-server-impl] Started resource MenuConfig
[    c-scripting-core] Creating script environments for esx_doorlock
[ citizen-server-impl] Started resource esx_doorlock
[    c-scripting-core] Creating script environments for vMenu
[        script:vMenu] Instantiated instance of script vMenuServer.BanManager.
[        script:vMenu] Instantiated instance of script vMenuServer.MainServer.
[ citizen-server-impl] Started resource vMenu
[    c-scripting-core] Creating script environments for esx_carlock
[ citizen-server-impl] Started resource esx_carlock
[ citizen-server-impl] Started resource Seatbelt
[ citizen-server-impl] Started resource radio
[ citizen-server-impl] Started resource weapons-on-back
[ citizen-server-impl] Started resource no-npc
[ citizen-server-impl] Started resource default-blips
[ citizen-server-impl] Started resource ShowID
[    c-scripting-core] [0mCreating script environments for new_banking
[ citizen-server-impl] Started resource new_banking
[    c-scripting-core] Creating script environments for relisoft_tag
[ citizen-server-impl] Started resource relisoft_tag
[    c-scripting-core] Creating script environments for 3dme
[ citizen-server-impl] Started resource 3dme
[    c-scripting-core] Creating script environments for esx_outlawalert
[ citizen-server-impl] Started resource esx_outlawalert
[    c-scripting-core] Creating script environments for wld-delallveh
[ citizen-server-impl] Started resource wld-delallveh
[    c-scripting-core] Creating script environments for pAnnounce
[ citizen-server-impl] Started resource pAnnounce
[    c-scripting-core] Creating script environments for carrypeople
[ citizen-server-impl] Started resource carrypeople
[ citizen-server-impl] Started resource crouchb
[ citizen-server-impl] Started resource utk_ornateprops
[    c-scripting-core] Creating script environments for utk_ornateheist
[ citizen-server-impl] Started resource utk_ornateheist
[ citizen-server-impl] Started resource progressBars
[ citizen-server-impl] Started resource mythic_notify
[    c-scripting-core] Creating script environments for esx_bankrobberies
[ citizen-server-impl] Started resource esx_bankrobberies
[    c-scripting-core] [0mCreating script environments for mustache
[ citizen-server-impl] Started resource mustache
[    c-scripting-core] Creating script environments for esx_discord
[ citizen-server-impl] Started resource esx_discord
[    c-scripting-core] Creating script environments for esx_fbi_job
[      script:gcphone] = INFO = Registered number for fbi => Fbi alert
[ citizen-server-impl] Started resource esx_fbi_job
[    c-scripting-core] Creating script environments for esx_drugs
[ citizen-server-impl] Started resource esx_drugs
[    c-scripting-core] Creating script environments for nitro
[ citizen-server-impl] Started resource nitro
[    c-scripting-core] Creating script environments for esx_playtime
[ citizen-server-impl] Started resource esx_playtime
[    c-scripting-core] Creating script environments for esx_duty
[ citizen-server-impl] Started resource esx_duty
[    c-scripting-core] Creating script environments for esx_accessories
[ citizen-server-impl] Started resource esx_accessories
[    c-scripting-core] Creating script environments for esx_jail
[ citizen-server-impl] Started resource esx_jail
[    c-scripting-core] Creating script environments for esx_tattooshop
[ citizen-server-impl] Started resource esx_tattooshop
[  script:mysql-async] [mysql-async] [ERROR] connect ETIMEDOUT
[      script:monitor] [txAdminClient] Threads and commands set up. All Ready.
[  script:es_extended] [es_extended] [INFO] ESX developed by ESX-Org has been initialized
[ citizen-server-impl]         fff                          
[ citizen-server-impl] [0m  cccc ff   xx  xx     rr rr    eee  
[ citizen-server-impl] cc     ffff   xx       rrr  r ee   e 
[ citizen-server-impl] cc     ff     xx   ... rr     eeeee  
[ citizen-server-impl]  ccccc ff   xx  xx ... rr      eeeee 
[ citizen-server-impl]                                      
[ citizen-server-impl] Authenticated with cfx.re Nucleus: https://arx-isox-3b9egb.users.cfx.re/
[ citizen-server-impl] -- [server notice: tebex_not_set]
[ citizen-server-impl] ================
[ citizen-server-impl] Monetize your server using Tebex! Visit https://tebex.io/fivem for more info.
[ citizen-server-impl] ================
[ citizen-server-impl] [0m
[     script:dpemotes] 
[     script:dpemotes] dp Emotes (dpemotes) is up to date. (173)

================================================================
======== FXServer Starting - 11/19/2021, 8:47:25 PM             
================================================================
[    c-scripting-core] Creating script environments for _cfx_internal
[38;5;73m[ citizen-server-impl] Scanning resources.
[ citizen-server-impl] Found 128 resources.
[          svadhesive] Authenticating server license key...
[          svadhesive] Server license key authentication succeeded. Welcome!
[    c-scripting-core] Creating script environments for sessionmanager
[ citizen-server-impl] Started resource sessionmanager
[    c-scripting-core] [0mCreating script environments for monitor
[      script:monitor] [txAdminClient] Version 4.8.0 starting...
[ citizen-server-impl] Started resource monitor
[    c-scripting-core] Creating script environments for mapmanager
[ citizen-server-impl] Started resource mapmanager
[    c-scripting-core] Creating script environments for yarn
[ citizen-server-impl] Started resource yarn
[    c-scripting-core] Creating script environments for webpack
[ citizen-server-impl] Started resource webpack
[    c-scripting-core] Creating script environments for chat
[ citizen-server-impl] Started resource chat
[ citizen-server-impl] Started resource spawnmanager
[    c-scripting-core] Creating script environments for hardcap
[ citizen-server-impl] Started resource hardcap
[    c-scripting-core] Creating script environments for mysql-async
[ citizen-server-impl] Started resource mysql-async
[    c-scripting-core] Creating script environments for cron
[ citizen-server-impl] Started resource cron
[    c-scripting-core] Creating script environments for instance
[ citizen-server-impl] Started resource instance
[ citizen-server-impl] Started resource skinchanger
[    c-scripting-core] Creating script environments for async
[ citizen-server-impl] Started resource async
[    c-scripting-core] Creating script environments for es_extended
[ citizen-server-impl] Started resource es_extended
[ citizen-server-impl] Started resource esx_menu_default
[ citizen-server-impl] Started resource esx_menu_dialog
[ citizen-server-impl] Started resource esx_menu_list
[    c-scripting-core] Creating script environments for esx_datastore
[ citizen-server-impl] Started resource esx_datastore
[    c-scripting-core] Creating script environments for esx_identity
[ citizen-server-impl] Started resource esx_identity
[    c-scripting-core] Creating script environments for esx_skin
[ citizen-server-impl] Started resource esx_skin
[    c-scripting-core] Creating script environments for esx_status
[ citizen-server-impl] Started resource esx_status
[    c-scripting-core] Creating script environments for esx_basicneeds
[ citizen-server-impl] Started resource esx_basicneeds
[    c-scripting-core] Creating script environments for esx_billing
[ citizen-server-impl] Started resource esx_billing
[    c-scripting-core] [0mCreating script environments for esx_addoninventory
[ citizen-server-impl] Started resource esx_addoninventory
[    c-scripting-core] Creating script environments for esx_addonaccount
[ citizen-server-impl] Started resource esx_addonaccount
[    c-scripting-core] Creating script environments for esx_society
[ citizen-server-impl] Started resource esx_society
[    c-scripting-core] Creating script environments for esx_license
[ citizen-server-impl] Started resource esx_license
[    c-scripting-core] Creating script environments for esx_service
[ citizen-server-impl] Started resource esx_service
[    c-scripting-core] Creating script environments for esx_jobs
[ citizen-server-impl] Started resource esx_jobs
[    c-scripting-core] Creating script environments for esx_joblisting
[ citizen-server-impl] Started resource esx_joblisting
[    c-scripting-core] Creating script environments for esx_vehicleshop
[ citizen-server-impl] Started resource esx_vehicleshop
[    c-scripting-core] Creating script environments for esx_policejob
[ citizen-server-impl] Started resource esx_policejob
[    c-scripting-core] Creating script environments for esx_ambulancejob
[ citizen-server-impl] Started resource esx_ambulancejob
[    c-scripting-core] Creating script environments for esx_taxijob
[ citizen-server-impl] Started resource esx_taxijob
[    c-scripting-core] Creating script environments for esx_weaponshop
[ citizen-server-impl] Started resource esx_weaponshop
[    c-scripting-core] Creating script environments for esx_barbershop
[ citizen-server-impl] Started resource esx_barbershop
[    c-scripting-core] Creating script environments for esx_holdup
[ citizen-server-impl] Started resource esx_holdup
[    c-scripting-core] Creating script environments for esx_lscustom
[ citizen-server-impl] Started resource esx_lscustom
[    c-scripting-core] Creating script environments for esx_mechanicjob
[ citizen-server-impl] Started resource esx_mechanicjob
[    c-scripting-core] Creating script environments for esx_scoreboard
[ citizen-server-impl] Started resource esx_scoreboard
[    c-scripting-core] Creating script environments for esx_inventoryhud
[ citizen-server-impl] Started resource esx_inventoryhud
[    c-scripting-core] Creating script environments for esx_inventoryhud_trunk
[ citizen-server-impl] Started resource esx_inventoryhud_trunk
[    c-scripting-core] Creating script environments for esx_clotheshop
[ citizen-server-impl] Started resource esx_clotheshop
[    c-scripting-core] [0mCreating script environments for esx_property
[ citizen-server-impl] Started resource esx_property
[    c-scripting-core] Creating script environments for esx_advancedgarage
[ citizen-server-impl] Started resource esx_advancedgarage
[    c-scripting-core] [97mCreating script environments for esx_dmvschool
[ citizen-server-impl] Started resource esx_dmvschool
[    c-scripting-core] Creating script environments for esx_licenseshop
[ citizen-server-impl] [97mStarted resource esx_licenseshop
[ citizen-server-impl] Started resource bob74_ipl
[    c-scripting-core] Creating script environments for esx_adminplus
[ citizen-server-impl] Started resource esx_adminplus
[    c-scripting-core] Creating script environments for gcphone
[ citizen-server-impl] Started resource gcphone
[    c-scripting-core] Creating script environments for Kl_HudV2
[ citizen-server-impl] Started resource Kl_HudV2
[ citizen-server-impl] Started resource simpledrift
[    c-scripting-core] Creating script environments for EasyAdmin
[    script:EasyAdmin] 
[    script:EasyAdmin]  _______ _______ _______ __   __ _______ ______  _______ _____ __   _
[    script:EasyAdmin]  |______ |_____| |______   \_/   |_____| |     \ |  |  |   |   | \  |
[    script:EasyAdmin]  |______ |     | ______|    |    |     | |_____/ |  |  | __|__ |  \_|
[    script:EasyAdmin]                            Version 6.34
[ citizen-server-impl] Started resource EasyAdmin
[    c-scripting-core] Creating script environments for legacyfuel
[ citizen-server-impl] Started resource legacyfuel
[ citizen-server-impl] Started resource speedometer
[    c-scripting-core] Creating script environments for screenshot-basic
[ citizen-server-impl] Started resource screenshot-basic
[ citizen-server-impl] Started resource pNotify
[ citizen-server-impl] [0mStarted resource mythic_progbar
[ citizen-server-impl] Started resource dpclothing
[    c-scripting-core] Creating script environments for dpemotes
[ citizen-server-impl] Started resource dpemotes
[    c-scripting-core] Creating script environments for fixclean
[ citizen-server-impl] Started resource fixclean
[ citizen-server-impl] Started resource handsup
[    c-scripting-core] Creating script environments for esx_vangelico_robbery
[ citizen-server-impl] [0mStarted resource esx_vangelico_robbery
[    c-scripting-core] Creating script environments for 99kr-shops
[ citizen-server-impl] [0mStarted resource 99kr-shops
[    c-scripting-core] Creating script environments for esx_clip
[ citizen-server-impl] Started resource esx_clip
[    c-scripting-core] Creating script environments for mumble-voip
[ citizen-server-impl] Started resource mumble-voip
[ citizen-server-impl] Started resource rp-radio
[ citizen-server-impl] Started resource streetLabel
[ citizen-server-impl] Started resource MenuConfig
[    c-scripting-core] Creating script environments for esx_doorlock
[ citizen-server-impl] Started resource esx_doorlock
[    c-scripting-core] Creating script environments for vMenu
[        script:vMenu] Instantiated instance of script vMenuServer.BanManager.
[        script:vMenu] Instantiated instance of script vMenuServer.MainServer.
[ citizen-server-impl] Started resource vMenu
[    c-scripting-core] Creating script environments for esx_carlock
[ citizen-server-impl] Started resource esx_carlock
[ citizen-server-impl] Started resource Seatbelt
[ citizen-server-impl] Started resource radio
[ citizen-server-impl] Started resource weapons-on-back
[ citizen-server-impl] Started resource no-npc
[ citizen-server-impl] Started resource default-blips
[ citizen-server-impl] Started resource ShowID
[    c-scripting-core] Creating script environments for new_banking
[ citizen-server-impl] Started resource new_banking
[    c-scripting-core] Creating script environments for relisoft_tag
[ citizen-server-impl] Started resource relisoft_tag
[    c-scripting-core] Creating script environments for 3dme
[ citizen-server-impl] Started resource 3dme
[    c-scripting-core] Creating script environments for esx_outlawalert
[ citizen-server-impl] Started resource esx_outlawalert
[    c-scripting-core] Creating script environments for wld-delallveh
[ citizen-server-impl] Started resource wld-delallveh
[    c-scripting-core] Creating script environments for pAnnounce
[ citizen-server-impl] Started resource pAnnounce
[    c-scripting-core] Creating script environments for carrypeople
[ citizen-server-impl] Started resource carrypeople
[ citizen-server-impl] Started resource crouchb
[ citizen-server-impl] Started resource utk_ornateprops
[    c-scripting-core] Creating script environments for utk_ornateheist
[ citizen-server-impl] Started resource utk_ornateheist
[ citizen-server-impl] Started resource progressBars
[ citizen-server-impl] Started resource mythic_notify
[    c-scripting-core] Creating script environments for esx_bankrobberies
[ citizen-server-impl] Started resource esx_bankrobberies
[    c-scripting-core] Creating script environments for mustache
[ citizen-server-impl] Started resource mustache
[    c-scripting-core] Creating script environments for esx_discord
[ citizen-server-impl] Started resource esx_discord
[    c-scripting-core] Creating script environments for esx_fbi_job
[      script:gcphone] = INFO = Registered number for fbi => Fbi alert
[ citizen-server-impl] Started resource esx_fbi_job
[    c-scripting-core] Creating script environments for esx_drugs
[ citizen-server-impl] Started resource esx_drugs
[    c-scripting-core] Creating script environments for nitro
[ citizen-server-impl] Started resource nitro
[    c-scripting-core] Creating script environments for esx_playtime
[ citizen-server-impl] Started resource esx_playtime
[    c-scripting-core] Creating script environments for esx_duty
[ citizen-server-impl] Started resource esx_duty
[    c-scripting-core] Creating script environments for esx_accessories
[ citizen-server-impl] Started resource esx_accessories
[    c-scripting-core] Creating script environments for esx_jail
[ citizen-server-impl] Started resource esx_jail
[    c-scripting-core] Creating script environments for esx_tattooshop
[ citizen-server-impl] Started resource esx_tattooshop
[  script:mysql-async] [mysql-async] [SUCCESS] Database server connection established.
[      script:monitor] [txAdminClient] Threads and commands set up. All Ready.
[  script:es_extended] [es_extended] [INFO] ESX developed by ESX-Org has been initialized
[     script:dpemotes] 
[     script:dpemotes] dp Emotes (dpemotes) is up to date. (173)
[ citizen-server-impl]         fff                          
[ citizen-server-impl]   cccc ff   xx  xx     rr rr    eee  
[ citizen-server-impl] cc     ffff   xx       rrr  r ee   e 
[ citizen-server-impl] cc     ff     xx   ... rr     eeeee  
[ citizen-server-impl]  ccccc ff   xx  xx ... rr      eeeee 
[ citizen-server-impl]                                      
[ citizen-server-impl] Authenticated with cfx.re Nucleus: https://arx-isox-3b9egb.users.cfx.re/
[ citizen-server-impl] -- [server notice: tebex_not_set]
[ citizen-server-impl] ================
[ citizen-server-impl] Monetize your server using Tebex! Visit https://tebex.io/fivem for more info.
[ citizen-server-impl] ================
[ citizen-server-impl] 

================================================================
======== FXServer Starting - 11/19/2021, 8:48:59 PM             
================================================================
[    c-scripting-core] Creating script environments for _cfx_internal
[ citizen-server-impl] Scanning resources.
[ citizen-server-impl] Found 128 resources.
[          svadhesive] Authenticating server license key...
[          svadhesive] Server license key authentication succeeded. Welcome!
[    c-scripting-core] Creating script environments for sessionmanager
[ citizen-server-impl] Started resource sessionmanager
[    c-scripting-core] Creating script environments for monitor
[      script:monitor] [txAdminClient] Version 4.8.0 starting...
[ citizen-server-impl] Started resource monitor
[    c-scripting-core] Creating script environments for mapmanager
[ citizen-server-impl] Started resource mapmanager
[    c-scripting-core] Creating script environments for yarn
[ citizen-server-impl] Started resource yarn
[    c-scripting-core] Creating script environments for webpack
[ citizen-server-impl] Started resource webpack
[    c-scripting-core] Creating script environments for chat
[ citizen-server-impl] Started resource chat
[ citizen-server-impl] Started resource spawnmanager
[    c-scripting-core] Creating script environments for hardcap
[ citizen-server-impl] Started resource hardcap
[    c-scripting-core] Creating script environments for mysql-async
[ citizen-server-impl] Started resource mysql-async
[    c-scripting-core] Creating script environments for cron
[ citizen-server-impl] Started resource cron
[    c-scripting-core] Creating script environments for instance
[ citizen-server-impl] Started resource instance
[ citizen-server-impl] Started resource skinchanger
[    c-scripting-core] Creating script environments for async
[ citizen-server-impl] Started resource async
[    c-scripting-core] Creating script environments for es_extended
[ citizen-server-impl] Started resource es_extended
[ citizen-server-impl] Started resource esx_menu_default
[ citizen-server-impl] Started resource esx_menu_dialog
[ citizen-server-impl] Started resource esx_menu_list
[    c-scripting-core] Creating script environments for esx_datastore
[ citizen-server-impl] Started resource esx_datastore
[    c-scripting-core] Creating script environments for esx_identity
[ citizen-server-impl] Started resource esx_identity
[    c-scripting-core] Creating script environments for esx_skin
[ citizen-server-impl] Started resource esx_skin
[    c-scripting-core] Creating script environments for esx_status
[ citizen-server-impl] Started resource esx_status
[    c-scripting-core] [0mCreating script environments for esx_basicneeds
[ citizen-server-impl] Started resource esx_basicneeds
[    c-scripting-core] Creating script environments for esx_billing
[ citizen-server-impl] Started resource esx_billing
[    c-scripting-core] Creating script environments for esx_addoninventory
[ citizen-server-impl] Started resource esx_addoninventory
[    c-scripting-core] Creating script environments for esx_addonaccount
[ citizen-server-impl] Started resource esx_addonaccount
[    c-scripting-core] Creating script environments for esx_society
[ citizen-server-impl] Started resource esx_society
[    c-scripting-core] Creating script environments for esx_license
[ citizen-server-impl] Started resource esx_license
[    c-scripting-core] Creating script environments for esx_service
[ citizen-server-impl] Started resource esx_service
[    c-scripting-core] Creating script environments for esx_jobs
[ citizen-server-impl] Started resource esx_jobs
[    c-scripting-core] Creating script environments for esx_joblisting
[ citizen-server-impl] Started resource esx_joblisting
[    c-scripting-core] Creating script environments for esx_vehicleshop
[ citizen-server-impl] Started resource esx_vehicleshop
[    c-scripting-core] Creating script environments for esx_policejob
[ citizen-server-impl] Started resource esx_policejob
[    c-scripting-core] Creating script environments for esx_ambulancejob
[ citizen-server-impl] Started resource esx_ambulancejob
[    c-scripting-core] Creating script environments for esx_taxijob
[ citizen-server-impl] Started resource esx_taxijob
[    c-scripting-core] Creating script environments for esx_weaponshop
[ citizen-server-impl] Started resource esx_weaponshop
[    c-scripting-core] [0mCreating script environments for esx_barbershop
[ citizen-server-impl] Started resource esx_barbershop
[    c-scripting-core] Creating script environments for esx_holdup
[ citizen-server-impl] Started resource esx_holdup
[    c-scripting-core] Creating script environments for esx_lscustom
[ citizen-server-impl] Started resource esx_lscustom
[    c-scripting-core] Creating script environments for esx_mechanicjob
[ citizen-server-impl] Started resource esx_mechanicjob
[    c-scripting-core] Creating script environments for esx_scoreboard
[ citizen-server-impl] Started resource esx_scoreboard
[    c-scripting-core] Creating script environments for esx_inventoryhud
[ citizen-server-impl] Started resource esx_inventoryhud
[    c-scripting-core] Creating script environments for esx_inventoryhud_trunk
[ citizen-server-impl] Started resource esx_inventoryhud_trunk
[    c-scripting-core] Creating script environments for esx_clotheshop
[ citizen-server-impl] Started resource esx_clotheshop
[    c-scripting-core] Creating script environments for esx_property
[ citizen-server-impl] Started resource esx_property
[    c-scripting-core] Creating script environments for esx_advancedgarage
[ citizen-server-impl] Started resource esx_advancedgarage
[    c-scripting-core] Creating script environments for esx_dmvschool
[ citizen-server-impl] Started resource esx_dmvschool
[    c-scripting-core] Creating script environments for esx_licenseshop
[ citizen-server-impl] Started resource esx_licenseshop
[ citizen-server-impl] Started resource bob74_ipl
[    c-scripting-core] Creating script environments for esx_adminplus
[ citizen-server-impl] Started resource esx_adminplus
[    c-scripting-core] Creating script environments for gcphone
[ citizen-server-impl] Started resource gcphone
[    c-scripting-core] Creating script environments for Kl_HudV2
[ citizen-server-impl] Started resource Kl_HudV2
[ citizen-server-impl] Started resource simpledrift
[    c-scripting-core] [0mCreating script environments for EasyAdmin
[    script:EasyAdmin] 
[    script:EasyAdmin]  _______ _______ _______ __   __ _______ ______  _______ _____ __   _
[    script:EasyAdmin]  |______ |_____| |______   \_/   |_____| |     \ |  |  |   |   | \  |
[    script:EasyAdmin]  |______ |     | ______|    |    |     | |_____/ |  |  | __|__ |  \_|
[    script:EasyAdmin]                            Version 6.34
[ citizen-server-impl] Started resource EasyAdmin
[    c-scripting-core] Creating script environments for legacyfuel
[ citizen-server-impl] Started resource legacyfuel
[ citizen-server-impl] Started resource speedometer
[    c-scripting-core] Creating script environments for screenshot-basic
[ citizen-server-impl] Started resource screenshot-basic
[ citizen-server-impl] Started resource pNotify
[ citizen-server-impl] Started resource mythic_progbar
[ citizen-server-impl] Started resource dpclothing
[    c-scripting-core] Creating script environments for dpemotes
[ citizen-server-impl] Started resource dpemotes
[    c-scripting-core] Creating script environments for fixclean
[ citizen-server-impl] Started resource fixclean
[ citizen-server-impl] Started resource handsup
[    c-scripting-core] Creating script environments for esx_vangelico_robbery
[ citizen-server-impl] Started resource esx_vangelico_robbery
[    c-scripting-core] Creating script environments for 99kr-shops
[ citizen-server-impl] Started resource 99kr-shops
[    c-scripting-core] Creating script environments for esx_clip
[ citizen-server-impl] Started resource esx_clip
[    c-scripting-core] Creating script environments for mumble-voip
[ citizen-server-impl] Started resource mumble-voip
[ citizen-server-impl] Started resource rp-radio
[ citizen-server-impl] Started resource streetLabel
[ citizen-server-impl] Started resource MenuConfig
[    c-scripting-core] Creating script environments for esx_doorlock
[ citizen-server-impl] Started resource esx_doorlock
[    c-scripting-core] Creating script environments for vMenu
[        script:vMenu] Instantiated instance of script vMenuServer.BanManager.
[        script:vMenu] Instantiated instance of script vMenuServer.MainServer.
[ citizen-server-impl] Started resource vMenu
[    c-scripting-core] [0mCreating script environments for esx_carlock
[ citizen-server-impl] Started resource esx_carlock
[ citizen-server-impl] Started resource Seatbelt
[ citizen-server-impl] Started resource radio
[ citizen-server-impl] Started resource weapons-on-back
[ citizen-server-impl] Started resource no-npc
[ citizen-server-impl] Started resource default-blips
[ citizen-server-impl] Started resource ShowID
[    c-scripting-core] [0mCreating script environments for new_banking
[ citizen-server-impl] Started resource new_banking
[    c-scripting-core] Creating script environments for relisoft_tag
[ citizen-server-impl] Started resource relisoft_tag
[    c-scripting-core] Creating script environments for 3dme
[ citizen-server-impl] Started resource 3dme
[    c-scripting-core] Creating script environments for esx_outlawalert
[ citizen-server-impl] Started resource esx_outlawalert
[    c-scripting-core] Creating script environments for wld-delallveh
[ citizen-server-impl] Started resource wld-delallveh
[    c-scripting-core] Creating script environments for pAnnounce
[ citizen-server-impl] [0mStarted resource pAnnounce
[    c-scripting-core] Creating script environments for carrypeople
[ citizen-server-impl] [0mStarted resource carrypeople
[ citizen-server-impl] Started resource crouchb
[ citizen-server-impl] Started resource utk_ornateprops
[    c-scripting-core] Creating script environments for utk_ornateheist
[ citizen-server-impl] Started resource utk_ornateheist
[ citizen-server-impl] Started resource progressBars
[ citizen-server-impl] Started resource mythic_notify
[    c-scripting-core] Creating script environments for esx_bankrobberies
[ citizen-server-impl] Started resource esx_bankrobberies
[    c-scripting-core] Creating script environments for mustache
[ citizen-server-impl] Started resource mustache
[    c-scripting-core] Creating script environments for esx_discord
[ citizen-server-impl] Started resource esx_discord
[    c-scripting-core] Creating script environments for esx_fbi_job
[      script:gcphone] = INFO = Registered number for fbi => Fbi alert
[ citizen-server-impl] Started resource esx_fbi_job
[    c-scripting-core] Creating script environments for esx_drugs
[ citizen-server-impl] Started resource esx_drugs
[    c-scripting-core] Creating script environments for nitro
[ citizen-server-impl] Started resource nitro
[    c-scripting-core] [0mCreating script environments for esx_playtime
[ citizen-server-impl] Started resource esx_playtime
[    c-scripting-core] Creating script environments for esx_duty
[ citizen-server-impl] Started resource esx_duty
[    c-scripting-core] Creating script environments for esx_accessories
[ citizen-server-impl] Started resource esx_accessories
[    c-scripting-core] Creating script environments for esx_jail
[ citizen-server-impl] Started resource esx_jail
[    c-scripting-core] Creating script environments for esx_tattooshop
[ citizen-server-impl] Started resource esx_tattooshop
[  script:mysql-async] [mysql-async] [SUCCESS] Database server connection established.
[      script:monitor] [txAdminClient] Threads and commands set up. All Ready.
[  script:es_extended] [es_extended] [INFO] ESX developed by ESX-Org has been initialized
[     script:dpemotes] 
[     script:dpemotes] dp Emotes (dpemotes) is up to date. (173)

================================================================
======== FXServer Starting - 11/19/2021, 8:52:51 PM             
================================================================
[    c-scripting-core] Creating script environments for _cfx_internal
[38;5;73m[ citizen-server-impl] Scanning resources.
[ citizen-server-impl] Found 128 resources.
[          svadhesive] Authenticating server license key...
[          svadhesive] Server license key authentication succeeded. Welcome!
[    c-scripting-core] Creating script environments for sessionmanager
[ citizen-server-impl] Started resource sessionmanager
[    c-scripting-core] Creating script environments for monitor
[      script:monitor] [txAdminClient][97m Version 4.8.0 starting...
[ citizen-server-impl] Started resource monitor
[    c-scripting-core] Creating script environments for mapmanager
[ citizen-server-impl] Started resource mapmanager
[    c-scripting-core] Creating script environments for yarn
[ citizen-server-impl] Started resource yarn
[    c-scripting-core] Creating script environments for webpack
[ citizen-server-impl] Started resource webpack
[    c-scripting-core] Creating script environments for chat
[ citizen-server-impl] Started resource chat
[ citizen-server-impl] Started resource spawnmanager
[    c-scripting-core] Creating script environments for hardcap
[ citizen-server-impl] Started resource hardcap
[    c-scripting-core] Creating script environments for mysql-async
[ citizen-server-impl] Started resource mysql-async
[    c-scripting-core] Creating script environments for cron
[ citizen-server-impl] Started resource cron
[    c-scripting-core] Creating script environments for instance
[ citizen-server-impl] Started resource instance
[ citizen-server-impl] Started resource skinchanger
[    c-scripting-core] Creating script environments for async
[ citizen-server-impl] Started resource async
[    c-scripting-core] Creating script environments for es_extended
[ citizen-server-impl] Started resource es_extended
[ citizen-server-impl] Started resource esx_menu_default
[ citizen-server-impl] Started resource esx_menu_dialog
[ citizen-server-impl] Started resource esx_menu_list
[    c-scripting-core] Creating script environments for esx_datastore
[ citizen-server-impl] Started resource esx_datastore
[    c-scripting-core] Creating script environments for esx_identity
[ citizen-server-impl] Started resource esx_identity
[    c-scripting-core] Creating script environments for esx_skin
[ citizen-server-impl] Started resource esx_skin
[    c-scripting-core] Creating script environments for esx_status
[ citizen-server-impl] Started resource esx_status
[    c-scripting-core] Creating script environments for esx_basicneeds
[ citizen-server-impl] Started resource esx_basicneeds
[    c-scripting-core] Creating script environments for esx_billing
[ citizen-server-impl] Started resource esx_billing
[    c-scripting-core] Creating script environments for esx_addoninventory
[ citizen-server-impl] Started resource esx_addoninventory
[    c-scripting-core] Creating script environments for esx_addonaccount
[ citizen-server-impl] Started resource esx_addonaccount
[    c-scripting-core] Creating script environments for esx_society
[ citizen-server-impl] Started resource esx_society
[    c-scripting-core] Creating script environments for esx_license
[ citizen-server-impl] Started resource esx_license
[    c-scripting-core] [97mCreating script environments for esx_service
[ citizen-server-impl] Started resource esx_service
[    c-scripting-core] Creating script environments for esx_jobs
[ citizen-server-impl] Started resource esx_jobs
[    c-scripting-core] Creating script environments for esx_joblisting
[ citizen-server-impl] Started resource esx_joblisting
[    c-scripting-core] Creating script environments for esx_vehicleshop
[ citizen-server-impl] Started resource esx_vehicleshop
[    c-scripting-core] Creating script environments for esx_policejob
[ citizen-server-impl] Started resource esx_policejob
[    c-scripting-core] Creating script environments for esx_ambulancejob
[ citizen-server-impl] Started resource esx_ambulancejob
[    c-scripting-core] Creating script environments for esx_taxijob
[ citizen-server-impl] Started resource esx_taxijob
[    c-scripting-core] Creating script environments for esx_weaponshop
[ citizen-server-impl] Started resource esx_weaponshop
[    c-scripting-core] Creating script environments for esx_barbershop
[ citizen-server-impl] Started resource esx_barbershop
[    c-scripting-core] Creating script environments for esx_holdup
[ citizen-server-impl] Started resource esx_holdup
[    c-scripting-core] Creating script environments for esx_lscustom
[ citizen-server-impl] Started resource esx_lscustom
[    c-scripting-core] Creating script environments for esx_mechanicjob
[ citizen-server-impl] Started resource esx_mechanicjob
[    c-scripting-core] Creating script environments for esx_scoreboard
[ citizen-server-impl] Started resource esx_scoreboard
[    c-scripting-core] Creating script environments for esx_inventoryhud
[ citizen-server-impl] Started resource esx_inventoryhud
[    c-scripting-core] Creating script environments for esx_inventoryhud_trunk
[ citizen-server-impl] Started resource esx_inventoryhud_trunk
[    c-scripting-core] Creating script environments for esx_clotheshop
[ citizen-server-impl] Started resource esx_clotheshop
[    c-scripting-core] Creating script environments for esx_property
[ citizen-server-impl] Started resource esx_property
[    c-scripting-core] Creating script environments for esx_advancedgarage
[ citizen-server-impl] [97mStarted resource esx_advancedgarage
[    c-scripting-core] Creating script environments for esx_dmvschool
[ citizen-server-impl] Started resource esx_dmvschool
[    c-scripting-core] Creating script environments for esx_licenseshop
[ citizen-server-impl] Started resource esx_licenseshop
[ citizen-server-impl] Started resource bob74_ipl
[    c-scripting-core] Creating script environments for esx_adminplus
[ citizen-server-impl] Started resource esx_adminplus
[    c-scripting-core] Creating script environments for gcphone
[ citizen-server-impl] Started resource gcphone
[    c-scripting-core] Creating script environments for Kl_HudV2
[ citizen-server-impl] Started resource Kl_HudV2
[ citizen-server-impl] Started resource simpledrift
[    c-scripting-core] Creating script environments for EasyAdmin
[    script:EasyAdmin] 
[    script:EasyAdmin]  _______ _______ _______ __   __ _______ ______  _______ _____ __   _
[    script:EasyAdmin]  |______ |_____| |______   \_/   |_____| |     \ |  |  |   |   | \  |
[    script:EasyAdmin]  |______ |     | ______|    |    |     | |_____/ |  |  | __|__ |  \_|
[    script:EasyAdmin]                            Version 6.34
[ citizen-server-impl] Started resource EasyAdmin
[    c-scripting-core] Creating script environments for legacyfuel
[ citizen-server-impl] Started resource legacyfuel
[ citizen-server-impl] Started resource speedometer
[    c-scripting-core] Creating script environments for screenshot-basic
[ citizen-server-impl] Started resource screenshot-basic
[ citizen-server-impl] Started resource pNotify
[ citizen-server-impl] Started resource mythic_progbar
[ citizen-server-impl] Started resource dpclothing
[    c-scripting-core] Creating script environments for dpemotes
[ citizen-server-impl] Started resource dpemotes
[    c-scripting-core] Creating script environments for fixclean
[ citizen-server-impl] Started resource fixclean
[ citizen-server-impl] Started resource handsup
[    c-scripting-core] Creating script environments for esx_vangelico_robbery
[ citizen-server-impl] Started resource esx_vangelico_robbery
[    c-scripting-core] Creating script environments for 99kr-shops
[ citizen-server-impl] Started resource 99kr-shops
[    c-scripting-core] Creating script environments for esx_clip
[ citizen-server-impl] Started resource esx_clip
[    c-scripting-core] Creating script environments for mumble-voip
[ citizen-server-impl] Started resource mumble-voip
[ citizen-server-impl] Started resource rp-radio
[ citizen-server-impl] Started resource streetLabel
[ citizen-server-impl] Started resource MenuConfig
[    c-scripting-core] Creating script environments for esx_doorlock
[ citizen-server-impl] Started resource esx_doorlock
[    c-scripting-core] Creating script environments for vMenu
[        script:vMenu] Instantiated instance of script vMenuServer.BanManager.
[        script:vMenu] Instantiated instance of script vMenuServer.MainServer.
[ citizen-server-impl] Started resource vMenu
[    c-scripting-core] Creating script environments for esx_carlock
[ citizen-server-impl] Started resource esx_carlock
[ citizen-server-impl] Started resource Seatbelt
[ citizen-server-impl] Started resource radio
[ citizen-server-impl] Started resource weapons-on-back
[ citizen-server-impl] Started resource no-npc
[ citizen-server-impl] Started resource default-blips
[ citizen-server-impl] Started resource ShowID
[    c-scripting-core] Creating script environments for new_banking
[ citizen-server-impl] Started resource new_banking
[    c-scripting-core] Creating script environments for relisoft_tag
[ citizen-server-impl] Started resource relisoft_tag
[    c-scripting-core] Creating script environments for 3dme
[ citizen-server-impl] Started resource 3dme
[    c-scripting-core] Creating script environments for esx_outlawalert
[ citizen-server-impl] Started resource esx_outlawalert
[    c-scripting-core] [0mCreating script environments for wld-delallveh
[ citizen-server-impl] Started resource wld-delallveh
[    c-scripting-core] Creating script environments for pAnnounce
[ citizen-server-impl] Started resource pAnnounce
[    c-scripting-core] [0mCreating script environments for carrypeople
[ citizen-server-impl] Started resource carrypeople
[ citizen-server-impl] Started resource crouchb
[ citizen-server-impl] Started resource utk_ornateprops
[    c-scripting-core] Creating script environments for utk_ornateheist
[ citizen-server-impl] Started resource utk_ornateheist
[ citizen-server-impl] Started resource progressBars
[ citizen-server-impl] Started resource mythic_notify
[    c-scripting-core] Creating script environments for esx_bankrobberies
[ citizen-server-impl] Started resource esx_bankrobberies
[    c-scripting-core] Creating script environments for mustache
[ citizen-server-impl] Started resource mustache
[    c-scripting-core] Creating script environments for esx_discord
[ citizen-server-impl] Started resource esx_discord
[    c-scripting-core] Creating script environments for esx_fbi_job
[      script:gcphone] = INFO = Registered number for fbi => Fbi alert
[ citizen-server-impl] Started resource esx_fbi_job
[    c-scripting-core] Creating script environments for esx_drugs
[ citizen-server-impl] Started resource esx_drugs
[    c-scripting-core] Creating script environments for nitro
[ citizen-server-impl] Started resource nitro
[    c-scripting-core] Creating script environments for esx_playtime
[ citizen-server-impl] Started resource esx_playtime
[    c-scripting-core] Creating script environments for esx_duty
[ citizen-server-impl] Started resource esx_duty
[    c-scripting-core] Creating script environments for esx_accessories
[ citizen-server-impl] Started resource esx_accessories
[    c-scripting-core] Creating script environments for esx_jail
[ citizen-server-impl] Started resource esx_jail
[    c-scripting-core] Creating script environments for esx_tattooshop
[ citizen-server-impl] Started resource esx_tattooshop
[  script:mysql-async] [mysql-async] [ERROR] connect ETIMEDOUT
[      script:monitor] [txAdminClient] Threads and commands set up. All Ready.
[  script:es_extended] [es_extended] [[32mINFO] ESX developed by ESX-Org has been initialized
[ citizen-server-impl] server thread hitch warning: timer interval of 201 milliseconds
[ citizen-server-impl]         fff                          
[ citizen-server-impl]   cccc ff   xx  xx     rr rr    eee  
[ citizen-server-impl] cc     ffff   xx       rrr  r ee   e 
[ citizen-server-impl] cc     ff     xx   ... rr     eeeee  
[ citizen-server-impl]  ccccc ff   xx  xx ... rr      eeeee 
[ citizen-server-impl]                                      
[ citizen-server-impl] Authenticated with cfx.re Nucleus: https://arx-isox-3b9egb.users.cfx.re/
[ citizen-server-impl] -- [server notice: tebex_not_set]
[ citizen-server-impl] ================
[38;5;73m[ citizen-server-impl] Monetize your server using Tebex! Visit https://tebex.io/fivem for more info.
[38;5;73m[ citizen-server-impl] ================
[ citizen-server-impl] 
[     script:dpemotes] 
[     script:dpemotes] dp Emotes (dpemotes) is up to date. (173)
> quit "Server restarting (arx_isox)."

================================================================
======== FXServer Starting - 11/19/2021, 8:53:22 PM             
================================================================
[    c-scripting-core] Creating script environments for _cfx_internal
[ citizen-server-impl] Scanning resources.
[ citizen-server-impl] Found 128 resources.
[          svadhesive] Authenticating server license key...
[          svadhesive] Server license key authentication succeeded. Welcome!
[    c-scripting-core] Creating script environments for sessionmanager
[ citizen-server-impl] Started resource sessionmanager
[    c-scripting-core] Creating script environments for monitor
[      script:monitor] [txAdminClient] Version 4.8.0 starting...
[ citizen-server-impl] Started resource monitor
[    c-scripting-core] Creating script environments for mapmanager
[ citizen-server-impl] Started resource mapmanager
[    c-scripting-core] Creating script environments for yarn
[ citizen-server-impl] Started resource yarn
[    c-scripting-core] Creating script environments for webpack
[ citizen-server-impl] Started resource webpack
[    c-scripting-core] Creating script environments for chat
[ citizen-server-impl] [0mStarted resource chat
[ citizen-server-impl] Started resource spawnmanager
[    c-scripting-core] Creating script environments for hardcap
[ citizen-server-impl] Started resource hardcap
[    c-scripting-core] Creating script environments for mysql-async
[ citizen-server-impl] Started resource mysql-async
[    c-scripting-core] [97mCreating script environments for cron
[ citizen-server-impl] Started resource cron
[    c-scripting-core] [97mCreating script environments for instance
[ citizen-server-impl] Started resource instance
[ citizen-server-impl] Started resource skinchanger
[    c-scripting-core] Creating script environments for async
[ citizen-server-impl] Started resource async
[    c-scripting-core] [0mCreating script environments for es_extended
[ citizen-server-impl] Started resource es_extended
[ citizen-server-impl] Started resource esx_menu_default
[ citizen-server-impl] Started resource esx_menu_dialog
[ citizen-server-impl] Started resource esx_menu_list
[    c-scripting-core] [0mCreating script environments for esx_datastore
[ citizen-server-impl] Started resource esx_datastore
[    c-scripting-core] Creating script environments for esx_identity
[ citizen-server-impl] Started resource esx_identity
[    c-scripting-core] Creating script environments for esx_skin
[ citizen-server-impl] Started resource esx_skin
[    c-scripting-core] Creating script environments for esx_status
[ citizen-server-impl] Started resource esx_status
[    c-scripting-core] Creating script environments for esx_basicneeds
[ citizen-server-impl] Started resource esx_basicneeds
[    c-scripting-core] Creating script environments for esx_billing
[ citizen-server-impl] [97mStarted resource esx_billing
[    c-scripting-core] Creating script environments for esx_addoninventory
[ citizen-server-impl] Started resource esx_addoninventory
[    c-scripting-core] Creating script environments for esx_addonaccount
[ citizen-server-impl] Started resource esx_addonaccount
[    c-scripting-core] Creating script environments for esx_society
[ citizen-server-impl] Started resource esx_society
[    c-scripting-core] Creating script environments for esx_license
[ citizen-server-impl] Started resource esx_license
[    c-scripting-core] Creating script environments for esx_service
[ citizen-server-impl] Started resource esx_service
[    c-scripting-core] Creating script environments for esx_jobs
[ citizen-server-impl] Started resource esx_jobs
[    c-scripting-core] Creating script environments for esx_joblisting
[ citizen-server-impl] Started resource esx_joblisting
[    c-scripting-core] Creating script environments for esx_vehicleshop
[ citizen-server-impl] Started resource esx_vehicleshop
[    c-scripting-core] Creating script environments for esx_policejob
[ citizen-server-impl] Started resource esx_policejob
[    c-scripting-core] Creating script environments for esx_ambulancejob
[ citizen-server-impl] Started resource esx_ambulancejob
[    c-scripting-core] [97mCreating script environments for esx_taxijob
[ citizen-server-impl] Started resource esx_taxijob
[    c-scripting-core] [97mCreating script environments for esx_weaponshop
[ citizen-server-impl] Started resource esx_weaponshop
[    c-scripting-core] Creating script environments for esx_barbershop
[ citizen-server-impl] [97mStarted resource esx_barbershop
[    c-scripting-core] Creating script environments for esx_holdup
[ citizen-server-impl] Started resource esx_holdup
[    c-scripting-core] Creating script environments for esx_lscustom
[ citizen-server-impl] Started resource esx_lscustom
[    c-scripting-core] Creating script environments for esx_mechanicjob
[ citizen-server-impl] Started resource esx_mechanicjob
[    c-scripting-core] Creating script environments for esx_scoreboard
[ citizen-server-impl] Started resource esx_scoreboard
[    c-scripting-core] [0mCreating script environments for esx_inventoryhud
[ citizen-server-impl] Started resource esx_inventoryhud
[    c-scripting-core] Creating script environments for esx_inventoryhud_trunk
[ citizen-server-impl] Started resource esx_inventoryhud_trunk
[    c-scripting-core] Creating script environments for esx_clotheshop
[ citizen-server-impl] Started resource esx_clotheshop
[    c-scripting-core] Creating script environments for esx_property
[ citizen-server-impl] Started resource esx_property
[    c-scripting-core] Creating script environments for esx_advancedgarage
[ citizen-server-impl] Started resource esx_advancedgarage
[    c-scripting-core] Creating script environments for esx_dmvschool
[ citizen-server-impl] Started resource esx_dmvschool
[    c-scripting-core] Creating script environments for esx_licenseshop
[ citizen-server-impl] Started resource esx_licenseshop
[ citizen-server-impl] Started resource bob74_ipl
[    c-scripting-core] Creating script environments for esx_adminplus
[ citizen-server-impl] Started resource esx_adminplus
[    c-scripting-core] Creating script environments for gcphone
[ citizen-server-impl] Started resource gcphone
[    c-scripting-core] Creating script environments for Kl_HudV2
[ citizen-server-impl] Started resource Kl_HudV2
[ citizen-server-impl] [97mStarted resource simpledrift
[    c-scripting-core] Creating script environments for EasyAdmin
[    script:EasyAdmin] 
[    script:EasyAdmin]  _______ _______ _______ __   __ _______ ______  _______ _____ __   _
[    script:EasyAdmin]  |______ |_____| |______   \_/   |_____| |     \ |  |  |   |   | \  |
[    script:EasyAdmin]  |______ |     | ______|    |    |     | |_____/ |  |  | __|__ |  \_|
[    script:EasyAdmin]                            Version 6.34
[ citizen-server-impl] [0mStarted resource EasyAdmin
[    c-scripting-core] Creating script environments for legacyfuel
[ citizen-server-impl] Started resource legacyfuel
[ citizen-server-impl] Started resource speedometer
[    c-scripting-core] Creating script environments for screenshot-basic
[ citizen-server-impl] Started resource screenshot-basic
[ citizen-server-impl] Started resource pNotify
[ citizen-server-impl] [0mStarted resource mythic_progbar
[ citizen-server-impl] Started resource dpclothing
[    c-scripting-core] Creating script environments for dpemotes
[ citizen-server-impl] Started resource dpemotes
[    c-scripting-core] Creating script environments for fixclean
[ citizen-server-impl] Started resource fixclean
[ citizen-server-impl] Started resource handsup
[    c-scripting-core] Creating script environments for esx_vangelico_robbery
[ citizen-server-impl] Started resource esx_vangelico_robbery
[    c-scripting-core] Creating script environments for 99kr-shops
[ citizen-server-impl] Started resource 99kr-shops
[    c-scripting-core] Creating script environments for esx_clip
[ citizen-server-impl] Started resource esx_clip
[    c-scripting-core] Creating script environments for mumble-voip
[ citizen-server-impl] Started resource mumble-voip
[ citizen-server-impl] Started resource rp-radio
[ citizen-server-impl] Started resource streetLabel
[ citizen-server-impl] Started resource MenuConfig
[    c-scripting-core] Creating script environments for esx_doorlock
[ citizen-server-impl] Started resource esx_doorlock
[    c-scripting-core] Creating script environments for vMenu
[        script:vMenu] Instantiated instance of script vMenuServer.BanManager.
[        script:vMenu] Instantiated instance of script vMenuServer.MainServer.
[ citizen-server-impl] Started resource vMenu
[    c-scripting-core] Creating script environments for esx_carlock
[ citizen-server-impl] Started resource esx_carlock
[ citizen-server-impl] Started resource Seatbelt
[ citizen-server-impl] Started resource radio
[ citizen-server-impl] Started resource weapons-on-back
[ citizen-server-impl] Started resource no-npc
[ citizen-server-impl] Started resource default-blips
[ citizen-server-impl] Started resource ShowID
[    c-scripting-core] Creating script environments for new_banking
[ citizen-server-impl] Started resource new_banking
[    c-scripting-core] Creating script environments for relisoft_tag
[ citizen-server-impl] Started resource relisoft_tag
[    c-scripting-core] Creating script environments for 3dme
[ citizen-server-impl] Started resource 3dme
[    c-scripting-core] Creating script environments for esx_outlawalert
[ citizen-server-impl] Started resource esx_outlawalert
[    c-scripting-core] [0mCreating script environments for wld-delallveh
[ citizen-server-impl] Started resource wld-delallveh
[    c-scripting-core] [0mCreating script environments for pAnnounce
[ citizen-server-impl] Started resource pAnnounce
[    c-scripting-core] Creating script environments for carrypeople
[ citizen-server-impl] Started resource carrypeople
[ citizen-server-impl] Started resource crouchb
[ citizen-server-impl] Started resource utk_ornateprops
[    c-scripting-core] Creating script environments for utk_ornateheist
[ citizen-server-impl] Started resource utk_ornateheist
[ citizen-server-impl] Started resource progressBars
[ citizen-server-impl] Started resource mythic_notify
[    c-scripting-core] Creating script environments for esx_bankrobberies
[ citizen-server-impl] [0mStarted resource esx_bankrobberies
[    c-scripting-core] [0mCreating script environments for mustache
[ citizen-server-impl] Started resource mustache
[    c-scripting-core] Creating script environments for esx_discord
[ citizen-server-impl] Started resource esx_discord
[    c-scripting-core] Creating script environments for esx_fbi_job
[      script:gcphone] = INFO = Registered number for fbi => Fbi alert
[ citizen-server-impl] Started resource esx_fbi_job
[    c-scripting-core] Creating script environments for esx_drugs
[ citizen-server-impl] Started resource esx_drugs
[    c-scripting-core] Creating script environments for nitro
[ citizen-server-impl] Started resource nitro
[    c-scripting-core] Creating script environments for esx_playtime
[ citizen-server-impl] Started resource esx_playtime
[    c-scripting-core] Creating script environments for esx_duty
[ citizen-server-impl] Started resource esx_duty
[    c-scripting-core] Creating script environments for esx_accessories
[ citizen-server-impl] Started resource esx_accessories
[    c-scripting-core] Creating script environments for esx_jail
[ citizen-server-impl] Started resource esx_jail
[    c-scripting-core] Creating script environments for esx_tattooshop
[ citizen-server-impl] Started resource esx_tattooshop
[  script:mysql-async] [mysql-async] [SUCCESS] Database server connection established.
[      script:monitor] [txAdminClient] Threads and commands set up. All Ready.
[  script:es_extended] [es_extended] [INFO] ESX developed by ESX-Org has been initialized
[ citizen-server-impl]         fff                          
[ citizen-server-impl]   cccc ff   xx  xx     rr rr    eee  
[ citizen-server-impl] cc     ffff   xx       rrr  r ee   e 
[ citizen-server-impl] cc     ff     xx   ... rr     eeeee  
[ citizen-server-impl]  ccccc ff   xx  xx ... rr      eeeee 
[ citizen-server-impl]                                      
[ citizen-server-impl] Authenticated with cfx.re Nucleus: https://arx-isox-3b9egb.users.cfx.re/
[ citizen-server-impl] -- [server notice: tebex_not_set]
[ citizen-server-impl] ================
[ citizen-server-impl] Monetize your server using Tebex! Visit https://tebex.io/fivem for more info.
[ citizen-server-impl] ================
[ citizen-server-impl] 
[     script:dpemotes] 
[38;5;133m[     script:dpemotes] dp Emotes (dpemotes) is up to date. (173)
[ citizen-server-impl] Server list query returned an error: System.Net.Sockets.SocketException: Connection refused <- System.Net.Http.HttpRequestException: Connection refused (148.251.160.254:30120)

================================================================
======== FXServer Starting - 11/19/2021, 9:04:15 PM             
================================================================
[    c-scripting-core] Creating script environments for _cfx_internal
[ citizen-server-impl] Scanning resources.
[ citizen-server-impl] Found 128 resources.[0m
[          svadhesive] Authenticating server license key...
[          svadhesive] Server license key authentication succeeded. Welcome!
[    c-scripting-core] Creating script environments for sessionmanager
[ citizen-server-impl] Started resource sessionmanager
[    c-scripting-core] Creating script environments for monitor
[      script:monitor] [txAdminClient] Version 4.8.0 starting...
[ citizen-server-impl] Started resource monitor
[    c-scripting-core] Creating script environments for mapmanager
[ citizen-server-impl] Started resource mapmanager
[    c-scripting-core] Creating script environments for yarn
[ citizen-server-impl] Started resource yarn
[    c-scripting-core] Creating script environments for webpack
[ citizen-server-impl] Started resource webpack
[    c-scripting-core] Creating script environments for chat
[ citizen-server-impl] Started resource chat
[ citizen-server-impl] Started resource spawnmanager
[    c-scripting-core] Creating script environments for hardcap
[ citizen-server-impl] Started resource hardcap
[    c-scripting-core] Creating script environments for mysql-async
[ citizen-server-impl] Started resource mysql-async
[    c-scripting-core] [97mCreating script environments for cron
[ citizen-server-impl] Started resource cron
[    c-scripting-core] Creating script environments for instance
[ citizen-server-impl] Started resource instance
[ citizen-server-impl] Started resource skinchanger
[    c-scripting-core] Creating script environments for async
[ citizen-server-impl] Started resource async
[    c-scripting-core] Creating script environments for es_extended
[ citizen-server-impl] Started resource es_extended
[ citizen-server-impl] Started resource esx_menu_default
[ citizen-server-impl] Started resource esx_menu_dialog
[ citizen-server-impl] Started resource esx_menu_list
[    c-scripting-core] Creating script environments for esx_datastore
[ citizen-server-impl] Started resource esx_datastore
[    c-scripting-core] Creating script environments for esx_identity
[ citizen-server-impl] Started resource esx_identity
[    c-scripting-core] Creating script environments for esx_skin
[ citizen-server-impl] Started resource esx_skin
[    c-scripting-core] [97mCreating script environments for esx_status
[ citizen-server-impl] Started resource esx_status
[    c-scripting-core] Creating script environments for esx_basicneeds
[ citizen-server-impl] Started resource esx_basicneeds
[    c-scripting-core] Creating script environments for esx_billing
[ citizen-server-impl] Started resource esx_billing
[    c-scripting-core] Creating script environments for esx_addoninventory
[ citizen-server-impl] Started resource esx_addoninventory
[    c-scripting-core] [0mCreating script environments for esx_addonaccount
[ citizen-server-impl] Started resource esx_addonaccount
[    c-scripting-core] Creating script environments for esx_society
[ citizen-server-impl] Started resource esx_society
[    c-scripting-core] Creating script environments for esx_license
[ citizen-server-impl] Started resource esx_license
[    c-scripting-core] Creating script environments for esx_service
[ citizen-server-impl] Started resource esx_service
[    c-scripting-core] Creating script environments for esx_jobs
[ citizen-server-impl] Started resource esx_jobs
[    c-scripting-core] Creating script environments for esx_joblisting
[ citizen-server-impl] Started resource esx_joblisting
[    c-scripting-core] Creating script environments for esx_vehicleshop
[ citizen-server-impl] Started resource esx_vehicleshop
[    c-scripting-core] [0mCreating script environments for esx_policejob
[ citizen-server-impl] Started resource esx_policejob
[    c-scripting-core] Creating script environments for esx_ambulancejob
[ citizen-server-impl] Started resource esx_ambulancejob
[    c-scripting-core] Creating script environments for esx_taxijob
[ citizen-server-impl] Started resource esx_taxijob
[    c-scripting-core] Creating script environments for esx_weaponshop
[ citizen-server-impl] Started resource esx_weaponshop
[    c-scripting-core] Creating script environments for esx_barbershop
[ citizen-server-impl] Started resource esx_barbershop
[    c-scripting-core] Creating script environments for esx_holdup
[ citizen-server-impl] Started resource esx_holdup
[    c-scripting-core] Creating script environments for esx_lscustom
[ citizen-server-impl] Started resource esx_lscustom
[    c-scripting-core] Creating script environments for esx_mechanicjob
[ citizen-server-impl] Started resource esx_mechanicjob
[    c-scripting-core] Creating script environments for esx_scoreboard
[ citizen-server-impl] Started resource esx_scoreboard
[    c-scripting-core] Creating script environments for esx_inventoryhud
[ citizen-server-impl] Started resource esx_inventoryhud
[    c-scripting-core] Creating script environments for esx_inventoryhud_trunk
[ citizen-server-impl] Started resource esx_inventoryhud_trunk
[    c-scripting-core] [97mCreating script environments for esx_clotheshop
[ citizen-server-impl] Started resource esx_clotheshop
[    c-scripting-core] Creating script environments for esx_property
[ citizen-server-impl] Started resource esx_property
[    c-scripting-core] Creating script environments for esx_advancedgarage
[ citizen-server-impl] Started resource esx_advancedgarage
[    c-scripting-core] Creating script environments for esx_dmvschool
[ citizen-server-impl] Started resource esx_dmvschool
[    c-scripting-core] Creating script environments for esx_licenseshop
[ citizen-server-impl] Started resource esx_licenseshop
[ citizen-server-impl] Started resource bob74_ipl
[    c-scripting-core] [0mCreating script environments for esx_adminplus
[ citizen-server-impl] Started resource esx_adminplus
[    c-scripting-core] Creating script environments for gcphone
[ citizen-server-impl] Started resource gcphone
[    c-scripting-core] Creating script environments for Kl_HudV2
[ citizen-server-impl] Started resource Kl_HudV2
[ citizen-server-impl] Started resource simpledrift
[    c-scripting-core] Creating script environments for EasyAdmin
[    script:EasyAdmin] 
[    script:EasyAdmin]  _______ _______ _______ __   __ _______ ______  _______ _____ __   _
[    script:EasyAdmin]  |______ |_____| |______   \_/   |_____| |     \ |  |  |   |   | \  |
[    script:EasyAdmin]  |______ |     | ______|    |    |     | |_____/ |  |  | __|__ |  \_|
[    script:EasyAdmin]                            Version 6.34
[ citizen-server-impl] Started resource EasyAdmin
[    c-scripting-core] Creating script environments for legacyfuel
[ citizen-server-impl] Started resource legacyfuel
[ citizen-server-impl] Started resource speedometer
[    c-scripting-core] Creating script environments for screenshot-basic
[ citizen-server-impl] Started resource screenshot-basic
[ citizen-server-impl] Started resource pNotify
[ citizen-server-impl] Started resource mythic_progbar
[ citizen-server-impl] Started resource dpclothing
[    c-scripting-core] Creating script environments for dpemotes
[ citizen-server-impl] Started resource dpemotes
[    c-scripting-core] Creating script environments for fixclean
[ citizen-server-impl] Started resource fixclean
[ citizen-server-impl] Started resource handsup
[    c-scripting-core] Creating script environments for esx_vangelico_robbery
[ citizen-server-impl] Started resource esx_vangelico_robbery
[    c-scripting-core] Creating script environments for 99kr-shops
[ citizen-server-impl] Started resource 99kr-shops
[    c-scripting-core] Creating script environments for esx_clip
[ citizen-server-impl] Started resource esx_clip
[    c-scripting-core] Creating script environments for mumble-voip
[ citizen-server-impl] Started resource mumble-voip
[ citizen-server-impl] Started resource rp-radio
[ citizen-server-impl] [0mStarted resource streetLabel
[ citizen-server-impl] Started resource MenuConfig
[    c-scripting-core] Creating script environments for esx_doorlock
[ citizen-server-impl] Started resource esx_doorlock
[    c-scripting-core] Creating script environments for vMenu
[        script:vMenu] Instantiated instance of script vMenuServer.BanManager.
[        script:vMenu] Instantiated instance of script vMenuServer.MainServer.
[ citizen-server-impl] Started resource vMenu
[    c-scripting-core] [0mCreating script environments for esx_carlock
[ citizen-server-impl] Started resource esx_carlock
[ citizen-server-impl] Started resource Seatbelt
[ citizen-server-impl] [0mStarted resource radio
[ citizen-server-impl] Started resource weapons-on-back
[ citizen-server-impl] Started resource no-npc
[ citizen-server-impl] Started resource default-blips
[ citizen-server-impl] Started resource ShowID
[    c-scripting-core] Creating script environments for new_banking
[ citizen-server-impl] Started resource new_banking
[    c-scripting-core] Creating script environments for relisoft_tag
[ citizen-server-impl] Started resource relisoft_tag
[    c-scripting-core] Creating script environments for 3dme
[ citizen-server-impl] Started resource 3dme
[    c-scripting-core] Creating script environments for esx_outlawalert
[ citizen-server-impl] Started resource esx_outlawalert
[    c-scripting-core] Creating script environments for wld-delallveh
[ citizen-server-impl] Started resource wld-delallveh
[    c-scripting-core] [0mCreating script environments for pAnnounce
[ citizen-server-impl] Started resource pAnnounce
[    c-scripting-core] Creating script environments for carrypeople
[ citizen-server-impl] Started resource carrypeople
[ citizen-server-impl] [0mStarted resource crouchb
[ citizen-server-impl] Started resource utk_ornateprops
[    c-scripting-core] Creating script environments for utk_ornateheist
[ citizen-server-impl] Started resource utk_ornateheist
[ citizen-server-impl] Started resource progressBars
[ citizen-server-impl] Started resource mythic_notify
[    c-scripting-core] Creating script environments for esx_bankrobberies
[ citizen-server-impl] Started resource esx_bankrobberies
[    c-scripting-core] Creating script environments for mustache
[ citizen-server-impl] Started resource mustache
[    c-scripting-core] [0mCreating script environments for esx_discord
[ citizen-server-impl] Started resource esx_discord
[    c-scripting-core] Creating script environments for esx_fbi_job
[      script:gcphone] = INFO = Registered number for fbi => Fbi alert
[ citizen-server-impl] [0mStarted resource esx_fbi_job
[    c-scripting-core] [0mCreating script environments for esx_drugs
[ citizen-server-impl] Started resource esx_drugs
[    c-scripting-core] Creating script environments for nitro
[ citizen-server-impl] Started resource nitro
[    c-scripting-core] Creating script environments for esx_playtime
[ citizen-server-impl] Started resource esx_playtime
[    c-scripting-core] Creating script environments for esx_duty
[ citizen-server-impl] Started resource esx_duty
[    c-scripting-core] Creating script environments for esx_accessories
[ citizen-server-impl] Started resource esx_accessories
[    c-scripting-core] Creating script environments for esx_jail
[ citizen-server-impl] Started resource esx_jail
[    c-scripting-core] Creating script environments for esx_tattooshop
[ citizen-server-impl] Started resource esx_tattooshop
[  script:mysql-async] [mysql-async] [SUCCESS] Database server connection established.
[      script:monitor] [txAdminClient] Threads and commands set up. All Ready.
[  script:es_extended] [es_extended] [INFO] ESX developed by ESX-Org has been initialized
[ citizen-server-impl]         fff                          
[ citizen-server-impl]   cccc ff   xx  xx     rr rr    eee  
[ citizen-server-impl] cc     ffff   xx       rrr  r ee   e 
[ citizen-server-impl] cc     ff     xx   ... rr     eeeee  
[ citizen-server-impl]  ccccc ff   xx  xx ... rr      eeeee 
[ citizen-server-impl]                                      
[ citizen-server-impl] Authenticated with cfx.re Nucleus: https://arx-isox-3b9egb.users.cfx.re/
[     script:dpemotes] [0m
[     script:dpemotes] dp Emotes (dpemotes) is up to date. (173)
[ citizen-server-impl] -- [server notice: tebex_not_set]
[ citizen-server-impl] ================
[ citizen-server-impl] Monetize your server using Tebex! Visit https://tebex.io/fivem for more info.
[38;5;73m[ citizen-server-impl] ================
[ citizen-server-impl] 
[ citizen-server-impl] Server list query returned an error: System.Threading.Tasks.TaskCanceledException: The operation was canceled. <- System.TimeoutException: The operation was canceled. <- System.Threading.Tasks.TaskCanceledException: The request was canceled due to the configured HttpClient.Timeout of 30 seconds elapsing.
[ citizen-server-impl] Server list query returned an error: System.Threading.Tasks.TaskCanceledException: The operation was canceled. <- System.TimeoutException: The operation was canceled. <- System.Threading.Tasks.TaskCanceledException: The request was canceled due to the configured HttpClient.Timeout of 30 seconds elapsing.
[ citizen-server-impl] Server list query returned an error: System.Threading.Tasks.TaskCanceledException: The operation was canceled. <- System.TimeoutException: The operation was canceled. <- System.Threading.Tasks.TaskCanceledException: The request was canceled due to the configured HttpClient.Timeout of 30 seconds elapsing.
[  script:es_extended] [0m[es_extended] [INFO] Saved 0 player(s)
[ citizen-server-impl] Server list query returned an error: System.Threading.Tasks.TaskCanceledException: The operation was canceled. <- System.TimeoutException: The operation was canceled. <- System.Threading.Tasks.TaskCanceledException: The request was canceled due to the configured HttpClient.Timeout of 30 seconds elapsing.
[ citizen-server-impl] Server list query returned an error: System.Threading.Tasks.TaskCanceledException: The operation was canceled. <- System.TimeoutException: The operation was canceled. <- System.Threading.Tasks.TaskCanceledException: The request was canceled due to the configured HttpClient.Timeout of 30 seconds elapsing.
[ citizen-server-impl] [0mServer list query returned an error: System.Threading.Tasks.TaskCanceledException: The operation was canceled. <- System.TimeoutException: The operation was canceled. <- System.Threading.Tasks.TaskCanceledException: The request was canceled due to the configured HttpClient.Timeout of 30 seconds elapsing.
[  script:es_extended] [es_extended] [INFO] Saved 0 player(s)
