
================================================================
======== Log Rotated - 1/9/2022, 7:48:56 PM                     
================================================================

================================================================
======== FXServer Starting - 1/9/2022, 7:49:06 PM               
================================================================
[    c-scripting-core] Creating script environments for _cfx_internal
[ citizen-server-impl] Scanning resources.
[ citizen-server-impl] Found 156 resources.
[ citizen-server-impl] Some resources have an outdated resource manifest:
[ citizen-server-impl]     - InteractSound
[ citizen-server-impl]     - SmartTrafficLights
[ citizen-server-impl]     - esx_gps
[ citizen-server-impl]     - esx_safezone
[ citizen-server-impl]     - esx_shuffle
[ citizen-server-impl]     - skincreator
[ citizen-server-impl]     - speed_limit
[ citizen-server-impl]     - toggleid
[ citizen-server-impl] 
[ citizen-server-impl] Please update these resources.
[          svadhesive] Authenticating server license key...
[          svadhesive] Server license key authentication succeeded. Welcome!
[    c-scripting-core] Creating script environments for sessionmanager
[ citizen-server-impl] Started resource sessionmanager
[    c-scripting-core] Creating script environments for monitor
[      script:monitor] [txAdminClient] Version 4.10.0 starting...
[ citizen-server-impl] Started resource monitor
[ citizen-server-impl] Started resource dpclothing
[    c-scripting-core] Creating script environments for dpemotes
[ citizen-server-impl] Started resource dpemotes
[    c-scripting-core] Creating script environments for fixclean
[ citizen-server-impl] Started resource fixclean
[ citizen-server-impl] Started resource handsup
[ citizen-server-impl] Started resource MenuConfig
[    c-scripting-core] Creating script environments for mysql-async
[ citizen-server-impl] Started resource mysql-async
[    c-scripting-core] Creating script environments for async
[ citizen-server-impl] Started resource async
[    c-scripting-core] Creating script environments for es_extended
[ citizen-server-impl] Started resource es_extended
[    c-scripting-core] Creating script environments for esx_doorlock
[ citizen-server-impl] Started resource esx_doorlock
[ citizen-server-impl] Started resource weapons-on-back
[ citizen-server-impl] Started resource default-blips
[    c-scripting-core] Creating script environments for relisoft_tag
[ citizen-server-impl] Started resource relisoft_tag
[    c-scripting-core] Creating script environments for 3dme
[ citizen-server-impl] Started resource 3dme
[    c-scripting-core] Creating script environments for wld-delallveh
[ citizen-server-impl] Started resource wld-delallveh
[    c-scripting-core] Creating script environments for pAnnounce
[ citizen-server-impl] Started resource pAnnounce
[    c-scripting-core] Creating script environments for carrypeople
[ citizen-server-impl] Started resource carrypeople
[ citizen-server-impl] Started resource crouchb
[    c-scripting-core] [0mCreating script environments for nitro
[ citizen-server-impl] Started resource nitro
[    c-scripting-core] Creating script environments for SmartTrafficLights
[ citizen-server-impl] Started resource SmartTrafficLights
[ citizen-server-impl] Started resource xloadingscreen
[    c-scripting-core] Creating script environments for esx_sit
[ citizen-server-impl] Started resource esx_sit
[ citizen-server-impl] Started resource toggleid
[ citizen-server-impl] Started resource esx_safezone
[    c-scripting-core] Creating script environments for connectqueue
[ citizen-server-impl] Started resource connectqueue
[    c-scripting-core] Creating script environments for heli
[ citizen-server-impl] Started resource heli
[ citizen-server-impl] Started resource esx_shuffle
[    c-scripting-core] [97mCreating script environments for esx_gps
[ citizen-server-impl] Started resource esx_gps
[ citizen-server-impl] Started resource speed_limit
[ citizen-server-impl] Started resource speedometer
[    c-scripting-core] [0mCreating script environments for skincreator
[ citizen-server-impl] Started resource skincreator
[    c-scripting-core] Creating script environments for mapmanager
[ citizen-server-impl] Started resource mapmanager
[    c-scripting-core] Creating script environments for yarn
[ citizen-server-impl] Started resource yarn
[    c-scripting-core] Creating script environments for webpack
[ citizen-server-impl] Started resource webpack
[    c-scripting-core] Creating script environments for chat
[ citizen-server-impl] Started resource chat
[ citizen-server-impl] Started resource spawnmanager
[    c-scripting-core] Creating script environments for hardcap
[ citizen-server-impl] Started resource hardcap
[    c-scripting-core] Creating script environments for cron
[ citizen-server-impl] Started resource cron
[    c-scripting-core] Creating script environments for instance
[ citizen-server-impl] Started resource instance
[ citizen-server-impl] Started resource skinchanger
[ citizen-server-impl] Started resource esx_menu_default
[ citizen-server-impl] Started resource esx_menu_dialog
[ citizen-server-impl] Started resource esx_menu_list
[ citizen-server-impl] Started resource streetLabel
[ citizen-server-impl] Started resource esx_hud
[    c-scripting-core] Creating script environments for legacyfuel
[ citizen-server-impl] Started resource legacyfuel
[    c-scripting-core] Creating script environments for esx_carlock
[ citizen-server-impl] Started resource esx_carlock
[ citizen-server-impl] Started resource radio
[ citizen-server-impl] Started resource Seatbelt
[    c-scripting-core] Creating script environments for esx_lscustom
[ citizen-server-impl] Started resource esx_lscustom
[    c-scripting-core] Creating script environments for esx_mechanicjob
[ citizen-server-impl] Started resource esx_mechanicjob
[ citizen-server-impl] Started resource radialmenu
[    c-scripting-core] Creating script environments for esx_mecanoad
[ citizen-server-impl] Started resource esx_mecanoad
[    c-scripting-core] Creating script environments for esx_duty
[ citizen-server-impl] Started resource esx_duty
[    c-scripting-core] Creating script environments for esx_addonaccount
[ citizen-server-impl] Started resource esx_addonaccount
[    c-scripting-core] Creating script environments for esx_skin
[ citizen-server-impl] Started resource esx_skin
[    c-scripting-core] Creating script environments for esx_jobs
[ citizen-server-impl] Started resource esx_jobs
[    c-scripting-core] Creating script environments for esx_joblisting
[ citizen-server-impl] Started resource esx_joblisting
[    c-scripting-core] Creating script environments for esx_billing
[ citizen-server-impl] Started resource esx_billing
[    c-scripting-core] Creating script environments for esx_identity
[ citizen-server-impl] Started resource esx_identity
[    c-scripting-core] Creating script environments for esx_license
[ citizen-server-impl] Started resource esx_license
[    c-scripting-core] Creating script environments for esx_service
[ citizen-server-impl] Started resource esx_service
[    c-scripting-core] Creating script environments for esx_fbijob
[ citizen-server-impl] Started resource esx_fbijob
[    c-scripting-core] Creating script environments for esx_vehicleshop
[ citizen-server-impl] Started resource esx_vehicleshop
[    c-scripting-core] Creating script environments for esx_policejob
[ citizen-server-impl] Started resource esx_policejob
[    c-scripting-core] Creating script environments for esx_ambulancejob
[ citizen-server-impl] Started resource esx_ambulancejob
[    c-scripting-core] Creating script environments for esx_taxijob
[ citizen-server-impl] Started resource esx_taxijob
[    c-scripting-core] Creating script environments for esx_armyjob
[ citizen-server-impl] Started resource esx_armyjob
[    c-scripting-core] Creating script environments for esx_sheriffjob
[ citizen-server-impl] Started resource esx_sheriffjob
[    c-scripting-core] [97mCreating script environments for new_banking
[ citizen-server-impl] Started resource new_banking
[ citizen-server-impl] Started resource utk_ornateprops
[    c-scripting-core] [97mCreating script environments for utk_ornateheist
[ citizen-server-impl] Started resource utk_ornateheist
[    c-scripting-core] Creating script environments for esx_bankrobberies
[ citizen-server-impl] Started resource esx_bankrobberies
[    c-scripting-core] Creating script environments for mustache
[ citizen-server-impl] Started resource mustache
[ citizen-server-impl] Started resource pNotify
[ citizen-server-impl] Started resource mythic_progbar
[ citizen-server-impl] Started resource progressBars
[ citizen-server-impl] Started resource mythic_notify
[ citizen-server-impl] Started resource bob74_ipl
[    c-scripting-core] Creating script environments for gcphone
[ citizen-server-impl] Started resource gcphone
[ citizen-server-impl] Started resource simpledrift
[    c-scripting-core] Creating script environments for gang
[ citizen-server-impl] Started resource gang
[    c-scripting-core] Creating script environments for vMenu
[        script:vMenu] Instantiated instance of script vMenuServer.BanManager.
[        script:vMenu] Instantiated instance of script vMenuServer.MainServer.
[ citizen-server-impl] Started resource vMenu
[    c-scripting-core] Creating script environments for esx_adminplus
[ citizen-server-impl] Started resource esx_adminplus
[    c-scripting-core] Creating script environments for EasyAdmin
[    script:EasyAdmin] 
[    script:EasyAdmin]  _______ _______ _______ __   __ _______ ______  _______ _____ __   _
[    script:EasyAdmin]  |______ |_____| |______   \_/   |_____| |     \ |  |  |   |   | \  |
[    script:EasyAdmin]  |______ |     | ______|    |    |     | |_____/ |  |  | __|__ |  \_|
[    script:EasyAdmin]                            Version 6.401
[ citizen-server-impl] Started resource EasyAdmin
[    c-scripting-core] Creating script environments for screenshot-basic
[ citizen-server-impl] Started resource screenshot-basic
[    c-scripting-core] Creating script environments for esx_weaponshop
[ citizen-server-impl] Started resource esx_weaponshop
[    c-scripting-core] Creating script environments for esx_barbershop
[ citizen-server-impl] Started resource esx_barbershop
[    c-scripting-core] Creating script environments for esx_clotheshop
[ citizen-server-impl] Started resource esx_clotheshop
[    c-scripting-core] Creating script environments for 99kr-shops
[ citizen-server-impl] Started resource 99kr-shops
[    c-scripting-core] Creating script environments for esx_datastore
[ citizen-server-impl] Started resource esx_datastore
[    c-scripting-core] Creating script environments for esx_status
[ citizen-server-impl] Started resource esx_status
[    c-scripting-core] Creating script environments for esx_basicneeds
[ citizen-server-impl] Started resource esx_basicneeds
[    c-scripting-core] Creating script environments for esx_addoninventory
[ citizen-server-impl] Started resource esx_addoninventory
[    c-scripting-core] Creating script environments for esx_society
[ citizen-server-impl] Started resource esx_society
[    c-scripting-core] Creating script environments for esx_holdup
[ citizen-server-impl] Started resource esx_holdup
[    c-scripting-core] Creating script environments for esx_scoreboard
[ citizen-server-impl] Started resource esx_scoreboard
[    c-scripting-core] Creating script environments for esx_inventoryhud
[ citizen-server-impl] Started resource esx_inventoryhud
[    c-scripting-core] [0mCreating script environments for esx_inventoryhud_trunk
[ citizen-server-impl] Started resource esx_inventoryhud_trunk
[    c-scripting-core] Creating script environments for esx_property
[ citizen-server-impl] Started resource esx_property
[    c-scripting-core] Creating script environments for esx_advancedgarage
[ citizen-server-impl] Started resource esx_advancedgarage
[    c-scripting-core] Creating script environments for esx_dmvschool
[ citizen-server-impl] Started resource esx_dmvschool
[    c-scripting-core] Creating script environments for esx_licenseshop
[ citizen-server-impl] Started resource esx_licenseshop
[    c-scripting-core] Creating script environments for esx_vangelico_robbery
[ citizen-server-impl] Started resource esx_vangelico_robbery
[    c-scripting-core] Creating script environments for esx_clip
[ citizen-server-impl] Started resource esx_clip
[    c-scripting-core] Creating script environments for esx_accessories
[ citizen-server-impl] Started resource esx_accessories
[    c-scripting-core] Creating script environments for esx_jail
[ citizen-server-impl] Started resource esx_jail
[    c-scripting-core] Creating script environments for esx_tattooshop
[ citizen-server-impl] Started resource esx_tattooshop
[    c-scripting-core] Creating script environments for esx_outlawalert
[ citizen-server-impl] Started resource esx_outlawalert
[    c-scripting-core] Creating script environments for esx_speedcamera
[ citizen-server-impl] Started resource esx_speedcamera
[ citizen-server-impl] Started resource esx-kr-vehicle-push
[    c-scripting-core] Creating script environments for esx_boat
[ citizen-server-impl] Started resource esx_boat
[    c-scripting-core] Creating script environments for esx_discord
[ citizen-server-impl] Started resource esx_discord
[    c-scripting-core] Creating script environments for esx_drugs
[ citizen-server-impl] Started resource esx_drugs
[    c-scripting-core] Creating script environments for mumble-voip
[ citizen-server-impl] Started resource mumble-voip
[ citizen-server-impl] Started resource rp-radio
[ citizen-server-impl] Started resource coloredhud
[ citizen-server-impl] Started resource coloredmap
[    c-scripting-core] Creating script environments for InteractSound
[ citizen-server-impl] Started resource InteractSound
[  script:mysql-async] [mysql-async] [ERROR] connect ETIMEDOUT
[      script:monitor] [txAdminClient] Threads and commands set up. All Ready.
[  script:es_extended] [es_extended] [INFO] ESX developed by ESX-Org has been initialized
[         script:gang] [gang] Started!
[         script:gang] [0m[gang] Performing version check...
[ citizen-server-main] -> Quitting: SIGHUP received

================================================================
======== FXServer Starting - 1/9/2022, 7:49:42 PM               
================================================================
[    c-scripting-core] Creating script environments for _cfx_internal
[38;5;73m[ citizen-server-impl] Scanning resources.
[ citizen-server-impl] Found 156 resources.
[ citizen-server-impl] Some resources have an outdated resource manifest:
[ citizen-server-impl]     - InteractSound
[ citizen-server-impl]     - SmartTrafficLights
[ citizen-server-impl]     - esx_gps
[ citizen-server-impl]     - esx_safezone
[ citizen-server-impl]     - esx_shuffle
[ citizen-server-impl] [0m    - skincreator
[ citizen-server-impl]     - speed_limit
[ citizen-server-impl]     - toggleid
[ citizen-server-impl] 
[ citizen-server-impl] Please update these resources.
[          svadhesive] Authenticating server license key...
[          svadhesive] Server license key authentication succeeded. Welcome!
[    c-scripting-core] Creating script environments for sessionmanager
[ citizen-server-impl] Started resource sessionmanager
[    c-scripting-core] Creating script environments for monitor
[      script:monitor] [txAdminClient] Version 4.10.0 starting...
[ citizen-server-impl] Started resource monitor
[ citizen-server-impl] Started resource dpclothing
[    c-scripting-core] Creating script environments for dpemotes
[ citizen-server-impl] Started resource dpemotes
[    c-scripting-core] [0mCreating script environments for fixclean
[ citizen-server-impl] Started resource fixclean
[ citizen-server-impl] Started resource handsup
[ citizen-server-impl] Started resource MenuConfig
[    c-scripting-core] [0mCreating script environments for mysql-async
[ citizen-server-impl] Started resource mysql-async
[    c-scripting-core] Creating script environments for async
[ citizen-server-impl] Started resource async
[    c-scripting-core] Creating script environments for es_extended
[ citizen-server-impl] Started resource es_extended
[    c-scripting-core] Creating script environments for esx_doorlock
[ citizen-server-impl] Started resource esx_doorlock
[ citizen-server-impl] Started resource weapons-on-back
[ citizen-server-impl] Started resource default-blips
[    c-scripting-core] [0mCreating script environments for relisoft_tag
[ citizen-server-impl] Started resource relisoft_tag
[    c-scripting-core] Creating script environments for 3dme
[ citizen-server-impl] Started resource 3dme
[    c-scripting-core] Creating script environments for wld-delallveh
[ citizen-server-impl] Started resource wld-delallveh
[    c-scripting-core] Creating script environments for pAnnounce
[ citizen-server-impl] Started resource pAnnounce
[    c-scripting-core] Creating script environments for carrypeople
[ citizen-server-impl] Started resource carrypeople
[ citizen-server-impl] Started resource crouchb
[    c-scripting-core] Creating script environments for nitro
[ citizen-server-impl] Started resource nitro
[    c-scripting-core] Creating script environments for SmartTrafficLights
[ citizen-server-impl] Started resource SmartTrafficLights
[ citizen-server-impl] Started resource xloadingscreen
[    c-scripting-core] Creating script environments for esx_sit
[ citizen-server-impl] Started resource esx_sit
[ citizen-server-impl] Started resource toggleid
[ citizen-server-impl] Started resource esx_safezone
[    c-scripting-core] Creating script environments for connectqueue
[ citizen-server-impl] Started resource connectqueue
[    c-scripting-core] [97mCreating script environments for heli
[ citizen-server-impl] Started resource heli
[ citizen-server-impl] Started resource esx_shuffle
[    c-scripting-core] Creating script environments for esx_gps
[ citizen-server-impl] Started resource esx_gps
[ citizen-server-impl] Started resource speed_limit
[ citizen-server-impl] Started resource speedometer
[    c-scripting-core] Creating script environments for skincreator
[ citizen-server-impl] [0mStarted resource skincreator
[    c-scripting-core] Creating script environments for mapmanager
[ citizen-server-impl] Started resource mapmanager
[    c-scripting-core] Creating script environments for yarn
[ citizen-server-impl] Started resource yarn
[    c-scripting-core] Creating script environments for webpack
[ citizen-server-impl] Started resource webpack
[    c-scripting-core] Creating script environments for chat
[ citizen-server-impl] Started resource chat
[ citizen-server-impl] Started resource spawnmanager
[    c-scripting-core] Creating script environments for hardcap
[ citizen-server-impl] Started resource hardcap
[    c-scripting-core] Creating script environments for cron
[ citizen-server-impl] Started resource cron
[    c-scripting-core] Creating script environments for instance
[ citizen-server-impl] Started resource instance
[ citizen-server-impl] Started resource skinchanger
[ citizen-server-impl] Started resource esx_menu_default
[ citizen-server-impl] Started resource esx_menu_dialog
[ citizen-server-impl] Started resource esx_menu_list
[ citizen-server-impl] [97mStarted resource streetLabel
[ citizen-server-impl] Started resource esx_hud
[    c-scripting-core] Creating script environments for legacyfuel
[ citizen-server-impl] Started resource legacyfuel
[    c-scripting-core] Creating script environments for esx_carlock
[ citizen-server-impl] Started resource esx_carlock
[ citizen-server-impl] Started resource radio
[ citizen-server-impl] Started resource Seatbelt
[    c-scripting-core] Creating script environments for esx_lscustom
[ citizen-server-impl] Started resource esx_lscustom
[    c-scripting-core] Creating script environments for esx_mechanicjob
[ citizen-server-impl] Started resource esx_mechanicjob
[ citizen-server-impl] Started resource radialmenu
[    c-scripting-core] Creating script environments for esx_mecanoad
[ citizen-server-impl] Started resource esx_mecanoad
[    c-scripting-core] Creating script environments for esx_duty
[ citizen-server-impl] Started resource esx_duty
[    c-scripting-core] Creating script environments for esx_addonaccount
[ citizen-server-impl] Started resource esx_addonaccount
[    c-scripting-core] Creating script environments for esx_skin
[ citizen-server-impl] Started resource esx_skin
[    c-scripting-core] Creating script environments for esx_jobs
[ citizen-server-impl] Started resource esx_jobs
[    c-scripting-core] Creating script environments for esx_joblisting
[ citizen-server-impl] Started resource esx_joblisting
[    c-scripting-core] Creating script environments for esx_billing
[ citizen-server-impl] Started resource esx_billing
[    c-scripting-core] Creating script environments for esx_identity
[ citizen-server-impl] Started resource esx_identity
[    c-scripting-core] Creating script environments for esx_license
[ citizen-server-impl] Started resource esx_license
[    c-scripting-core] Creating script environments for esx_service
[ citizen-server-impl] Started resource esx_service
[    c-scripting-core] Creating script environments for esx_fbijob
[ citizen-server-impl] Started resource esx_fbijob
[    c-scripting-core] Creating script environments for esx_vehicleshop
[ citizen-server-impl] Started resource esx_vehicleshop
[    c-scripting-core] Creating script environments for esx_policejob
[ citizen-server-impl] Started resource esx_policejob
[    c-scripting-core] Creating script environments for esx_ambulancejob
[ citizen-server-impl] Started resource esx_ambulancejob
[    c-scripting-core] Creating script environments for esx_taxijob
[ citizen-server-impl] Started resource esx_taxijob
[    c-scripting-core] Creating script environments for esx_armyjob
[ citizen-server-impl] Started resource esx_armyjob
[    c-scripting-core] Creating script environments for esx_sheriffjob
[ citizen-server-impl] Started resource esx_sheriffjob
[    c-scripting-core] Creating script environments for new_banking
[ citizen-server-impl] Started resource new_banking
[ citizen-server-impl] Started resource utk_ornateprops
[    c-scripting-core] Creating script environments for utk_ornateheist
[ citizen-server-impl] Started resource utk_ornateheist
[    c-scripting-core] Creating script environments for esx_bankrobberies
[ citizen-server-impl] Started resource esx_bankrobberies
[    c-scripting-core] [0mCreating script environments for mustache
[ citizen-server-impl] Started resource mustache
[ citizen-server-impl] Started resource pNotify
[ citizen-server-impl] Started resource mythic_progbar
[ citizen-server-impl] Started resource progressBars
[ citizen-server-impl] [97mStarted resource mythic_notify
[ citizen-server-impl] Started resource bob74_ipl
[    c-scripting-core] Creating script environments for gcphone
[ citizen-server-impl] Started resource gcphone
[ citizen-server-impl] Started resource simpledrift
[    c-scripting-core] [0mCreating script environments for gang
[ citizen-server-impl] Started resource gang
[    c-scripting-core] Creating script environments for vMenu
[        script:vMenu] Instantiated instance of script vMenuServer.BanManager.
[        script:vMenu] Instantiated instance of script vMenuServer.MainServer.
[ citizen-server-impl] Started resource vMenu
[    c-scripting-core] Creating script environments for esx_adminplus
[ citizen-server-impl] [0mStarted resource esx_adminplus
[    c-scripting-core] Creating script environments for EasyAdmin
[    script:EasyAdmin] 
[    script:EasyAdmin]  _______ _______ _______ __   __ _______ ______  _______ _____ __   _
[    script:EasyAdmin]  |______ |_____| |______   \_/   |_____| |     \ |  |  |   |   | \  |
[    script:EasyAdmin]  |______ |     | ______|    |    |     | |_____/ |  |  | __|__ |  \_|
[    script:EasyAdmin]                            Version 6.401
[ citizen-server-impl] Started resource EasyAdmin
[    c-scripting-core] Creating script environments for screenshot-basic
[ citizen-server-impl] Started resource screenshot-basic
[    c-scripting-core] Creating script environments for esx_weaponshop
[ citizen-server-impl] Started resource esx_weaponshop
[    c-scripting-core] Creating script environments for esx_barbershop
[ citizen-server-impl] Started resource esx_barbershop
[    c-scripting-core] Creating script environments for esx_clotheshop
[ citizen-server-impl] Started resource esx_clotheshop
[    c-scripting-core] Creating script environments for 99kr-shops
[ citizen-server-impl] Started resource 99kr-shops
[    c-scripting-core] Creating script environments for esx_datastore
[ citizen-server-impl] Started resource esx_datastore
[    c-scripting-core] Creating script environments for esx_status
[ citizen-server-impl] Started resource esx_status
[    c-scripting-core] Creating script environments for esx_basicneeds
[ citizen-server-impl] Started resource esx_basicneeds
[    c-scripting-core] Creating script environments for esx_addoninventory
[ citizen-server-impl] Started resource esx_addoninventory
[    c-scripting-core] Creating script environments for esx_society
[ citizen-server-impl] Started resource esx_society
[    c-scripting-core] Creating script environments for esx_holdup
[ citizen-server-impl] Started resource esx_holdup
[    c-scripting-core] Creating script environments for esx_scoreboard
[ citizen-server-impl] Started resource esx_scoreboard
[    c-scripting-core] Creating script environments for esx_inventoryhud
[ citizen-server-impl] Started resource esx_inventoryhud
[    c-scripting-core] Creating script environments for esx_inventoryhud_trunk
[ citizen-server-impl] Started resource esx_inventoryhud_trunk
[    c-scripting-core] Creating script environments for esx_property
[ citizen-server-impl] Started resource esx_property
[    c-scripting-core] Creating script environments for esx_advancedgarage
[ citizen-server-impl] Started resource esx_advancedgarage
[    c-scripting-core] Creating script environments for esx_dmvschool
[ citizen-server-impl] Started resource esx_dmvschool
[    c-scripting-core] Creating script environments for esx_licenseshop
[ citizen-server-impl] Started resource esx_licenseshop
[    c-scripting-core] Creating script environments for esx_vangelico_robbery
[ citizen-server-impl] Started resource esx_vangelico_robbery
[    c-scripting-core] Creating script environments for esx_clip
[ citizen-server-impl] Started resource esx_clip
[    c-scripting-core] Creating script environments for esx_accessories
[ citizen-server-impl] Started resource esx_accessories
[    c-scripting-core] Creating script environments for esx_jail
[ citizen-server-impl] Started resource esx_jail
[    c-scripting-core] Creating script environments for esx_tattooshop
[ citizen-server-impl] [0mStarted resource esx_tattooshop
[    c-scripting-core] Creating script environments for esx_outlawalert
[ citizen-server-impl] Started resource esx_outlawalert
[    c-scripting-core] Creating script environments for esx_speedcamera
[ citizen-server-impl] Started resource esx_speedcamera
[ citizen-server-impl] Started resource esx-kr-vehicle-push
[    c-scripting-core] Creating script environments for esx_boat
[ citizen-server-impl] Started resource esx_boat
[    c-scripting-core] Creating script environments for esx_discord
[ citizen-server-impl] Started resource esx_discord
[    c-scripting-core] Creating script environments for esx_drugs
[ citizen-server-impl] Started resource esx_drugs
[    c-scripting-core] Creating script environments for mumble-voip
[ citizen-server-impl] Started resource mumble-voip
[ citizen-server-impl] [0mStarted resource rp-radio
[ citizen-server-impl] Started resource coloredhud
[ citizen-server-impl] Started resource coloredmap
[    c-scripting-core] Creating script environments for InteractSound
[ citizen-server-impl] Started resource InteractSound
[  script:mysql-async] [mysql-async] [SUCCESS] Database server connection established.
[      script:monitor] [txAdminClient] Threads and commands set up. All Ready.
[  script:es_extended] [es_extended] [INFO] ESX developed by ESX-Org has been initialized
[         script:gang] [gang] Started!
[         script:gang] [gang] Performing version check...
[         script:gang] [gang] No updates found!
[ citizen-server-impl]         fff                          
[ citizen-server-impl]   cccc ff   xx  xx     rr rr    eee  
[ citizen-server-impl] cc     ffff   xx       rrr  r ee   e 
[ citizen-server-impl] cc     ff     xx   ... rr     eeeee  
[ citizen-server-impl]  ccccc ff   xx  xx ... rr      eeeee 
[ citizen-server-impl]                                      
[ citizen-server-impl] Authenticated with cfx.re Nucleus: https://nimaiso-3b9egb.users.cfx.re/
[ citizen-server-impl] -- [server notice: tebex_not_set]
[ citizen-server-impl] ================
[ citizen-server-impl] Monetize your server using Tebex! Visit https://tebex.io/fivem for more info.
[ citizen-server-impl] ================
[ citizen-server-impl] 
[    script:EasyAdmin] 
[    script:EasyAdmin] --------------------------------------------------------------------------
[    script:EasyAdmin] 
[    script:EasyAdmin] EasyAdmin (EasyAdmin) is outdated.
[    script:EasyAdmin] Newest Version: 6.402
[    script:EasyAdmin] Your Version: 6.401
[    script:EasyAdmin] Please update it from https://github.com/Blumlaut/EasyAdmin/releases/tag/6.402
[    script:EasyAdmin] 
[    script:EasyAdmin] --------------------------------------------------------------------------
[     script:dpemotes] SCRIPT ERROR: @dpemotes/Server/Updates.lua:21: attempt to compare number with nil
[     script:dpemotes] > userCallback (@dpemotes/Server/Updates.lua:21)
[ citizen-server-main] -> Quitting: SIGHUP received

================================================================
======== FXServer Starting - 1/9/2022, 7:50:58 PM               
================================================================
[    c-scripting-core] Creating script environments for _cfx_internal
[ citizen-server-impl] Scanning resources.
[ citizen-server-impl] Found 156 resources.
[ citizen-server-impl] Some resources have an outdated resource manifest:
[ citizen-server-impl]     - InteractSound
[ citizen-server-impl]     - SmartTrafficLights
[ citizen-server-impl]     - esx_gps
[ citizen-server-impl]     - esx_safezone
[ citizen-server-impl]     - esx_shuffle
[ citizen-server-impl]     - skincreator
[ citizen-server-impl]     - speed_limit
[ citizen-server-impl]     - toggleid
[ citizen-server-impl] [0m
[ citizen-server-impl] Please update these resources.
[          svadhesive] Authenticating server license key...
[          svadhesive] Server license key authentication succeeded. Welcome!
[    c-scripting-core] Creating script environments for sessionmanager
[ citizen-server-impl] Started resource sessionmanager
[    c-scripting-core] Creating script environments for monitor
[      script:monitor] [txAdminClient] Version 4.10.0 starting...
[ citizen-server-impl] Started resource monitor
[ citizen-server-impl] Started resource dpclothing
[    c-scripting-core] Creating script environments for dpemotes
[ citizen-server-impl] Started resource dpemotes
[    c-scripting-core] Creating script environments for fixclean
[ citizen-server-impl] Started resource fixclean
[ citizen-server-impl] Started resource handsup
[ citizen-server-impl] Started resource MenuConfig
[    c-scripting-core] [97mCreating script environments for mysql-async
[ citizen-server-impl] Started resource mysql-async
[    c-scripting-core] Creating script environments for async
[ citizen-server-impl] Started resource async
[    c-scripting-core] Creating script environments for es_extended
[ citizen-server-impl] Started resource es_extended
[    c-scripting-core] Creating script environments for esx_doorlock
[ citizen-server-impl] Started resource esx_doorlock
[ citizen-server-impl] Started resource weapons-on-back
[ citizen-server-impl] Started resource default-blips
[    c-scripting-core] Creating script environments for relisoft_tag
[ citizen-server-impl] Started resource relisoft_tag
[    c-scripting-core] Creating script environments for 3dme
[ citizen-server-impl] Started resource 3dme
[    c-scripting-core] Creating script environments for wld-delallveh
[ citizen-server-impl] Started resource wld-delallveh
[    c-scripting-core] Creating script environments for pAnnounce
[ citizen-server-impl] Started resource pAnnounce
[    c-scripting-core] Creating script environments for carrypeople
[ citizen-server-impl] Started resource carrypeople
[ citizen-server-impl] Started resource crouchb
[    c-scripting-core] Creating script environments for nitro
[ citizen-server-impl] Started resource nitro
[    c-scripting-core] Creating script environments for SmartTrafficLights
[ citizen-server-impl] Started resource SmartTrafficLights
[ citizen-server-impl] Started resource xloadingscreen
[    c-scripting-core] [0mCreating script environments for esx_sit
[ citizen-server-impl] Started resource esx_sit
[ citizen-server-impl] Started resource toggleid
[ citizen-server-impl] Started resource esx_safezone
[    c-scripting-core] [97mCreating script environments for connectqueue
[ citizen-server-impl] Started resource connectqueue
[    c-scripting-core] [0mCreating script environments for heli
[ citizen-server-impl] Started resource heli
[ citizen-server-impl] Started resource esx_shuffle
[    c-scripting-core] Creating script environments for esx_gps
[ citizen-server-impl] Started resource esx_gps
[ citizen-server-impl] Started resource speed_limit
[ citizen-server-impl] Started resource speedometer
[    c-scripting-core] [97mCreating script environments for skincreator
[ citizen-server-impl] Started resource skincreator
[    c-scripting-core] Creating script environments for mapmanager
[ citizen-server-impl] Started resource mapmanager
[    c-scripting-core] Creating script environments for yarn
[ citizen-server-impl] Started resource yarn
[    c-scripting-core] Creating script environments for webpack
[ citizen-server-impl] Started resource webpack
[    c-scripting-core] Creating script environments for chat
[ citizen-server-impl] Started resource chat
[ citizen-server-impl] [97mStarted resource spawnmanager
[    c-scripting-core] Creating script environments for hardcap
[ citizen-server-impl] Started resource hardcap
[    c-scripting-core] Creating script environments for cron
[ citizen-server-impl] Started resource cron
[    c-scripting-core] Creating script environments for instance
[ citizen-server-impl] [97mStarted resource instance
[ citizen-server-impl] Started resource skinchanger
[ citizen-server-impl] [97mStarted resource esx_menu_default
[ citizen-server-impl] [0mStarted resource esx_menu_dialog
[ citizen-server-impl] Started resource esx_menu_list
[ citizen-server-impl] Started resource streetLabel
[ citizen-server-impl] Started resource esx_hud
[    c-scripting-core] Creating script environments for legacyfuel
[ citizen-server-impl] Started resource legacyfuel
[    c-scripting-core] Creating script environments for esx_carlock
[ citizen-server-impl] Started resource esx_carlock
[ citizen-server-impl] Started resource radio
[ citizen-server-impl] Started resource Seatbelt
[    c-scripting-core] Creating script environments for esx_lscustom
[ citizen-server-impl] Started resource esx_lscustom
[    c-scripting-core] Creating script environments for esx_mechanicjob
[ citizen-server-impl] Started resource esx_mechanicjob
[ citizen-server-impl] Started resource radialmenu
[    c-scripting-core] [97mCreating script environments for esx_mecanoad
[ citizen-server-impl] Started resource esx_mecanoad
[    c-scripting-core] Creating script environments for esx_duty
[ citizen-server-impl] Started resource esx_duty
[    c-scripting-core] Creating script environments for esx_addonaccount
[ citizen-server-impl] Started resource esx_addonaccount
[    c-scripting-core] [97mCreating script environments for esx_skin
[ citizen-server-impl] Started resource esx_skin
[    c-scripting-core] Creating script environments for esx_jobs
[ citizen-server-impl] Started resource esx_jobs
[    c-scripting-core] Creating script environments for esx_joblisting
[ citizen-server-impl] Started resource esx_joblisting
[    c-scripting-core] Creating script environments for esx_billing
[ citizen-server-impl] Started resource esx_billing
[    c-scripting-core] Creating script environments for esx_identity
[ citizen-server-impl] Started resource esx_identity
[    c-scripting-core] Creating script environments for esx_license
[ citizen-server-impl] Started resource esx_license
[    c-scripting-core] Creating script environments for esx_service
[ citizen-server-impl] Started resource esx_service
[    c-scripting-core] [0mCreating script environments for esx_fbijob
[ citizen-server-impl] Started resource esx_fbijob
[    c-scripting-core] Creating script environments for esx_vehicleshop
[ citizen-server-impl] Started resource esx_vehicleshop
[    c-scripting-core] [0mCreating script environments for esx_policejob
[ citizen-server-impl] Started resource esx_policejob
[    c-scripting-core] Creating script environments for esx_ambulancejob
[ citizen-server-impl] Started resource esx_ambulancejob
[    c-scripting-core] Creating script environments for esx_taxijob
[ citizen-server-impl] Started resource esx_taxijob
[    c-scripting-core] Creating script environments for esx_armyjob
[ citizen-server-impl] Started resource esx_armyjob
[    c-scripting-core] Creating script environments for esx_sheriffjob
[ citizen-server-impl] Started resource esx_sheriffjob
[    c-scripting-core] Creating script environments for new_banking
[ citizen-server-impl] Started resource new_banking
[ citizen-server-impl] Started resource utk_ornateprops
[    c-scripting-core] Creating script environments for utk_ornateheist
[ citizen-server-impl] Started resource utk_ornateheist
[    c-scripting-core] Creating script environments for esx_bankrobberies
[ citizen-server-impl] Started resource esx_bankrobberies
[    c-scripting-core] Creating script environments for mustache
[ citizen-server-impl] Started resource mustache
[ citizen-server-impl] Started resource pNotify
[ citizen-server-impl] Started resource mythic_progbar
[ citizen-server-impl] Started resource progressBars
[ citizen-server-impl] Started resource mythic_notify
[ citizen-server-impl] Started resource bob74_ipl
[    c-scripting-core] Creating script environments for gcphone
[ citizen-server-impl] Started resource gcphone
[ citizen-server-impl] Started resource simpledrift
[    c-scripting-core] Creating script environments for gang
[ citizen-server-impl] Started resource gang
[    c-scripting-core] Creating script environments for vMenu
[        script:vMenu] Instantiated instance of script vMenuServer.BanManager.
[        script:vMenu] Instantiated instance of script vMenuServer.MainServer.
[ citizen-server-impl] Started resource vMenu
[    c-scripting-core] Creating script environments for esx_adminplus
[ citizen-server-impl] Started resource esx_adminplus
[    c-scripting-core] [0mCreating script environments for EasyAdmin
[    script:EasyAdmin] 
[    script:EasyAdmin]  _______ _______ _______ __   __ _______ ______  _______ _____ __   _
[    script:EasyAdmin]  |______ |_____| |______   \_/   |_____| |     \ |  |  |   |   | \  |
[    script:EasyAdmin]  |______ |     | ______|    |    |     | |_____/ |  |  | __|__ |  \_|
[    script:EasyAdmin]                            Version 6.401
[ citizen-server-impl] Started resource EasyAdmin
[    c-scripting-core] Creating script environments for screenshot-basic
[ citizen-server-impl] Started resource screenshot-basic
[    c-scripting-core] Creating script environments for esx_weaponshop
[ citizen-server-impl] Started resource esx_weaponshop
[    c-scripting-core] [0mCreating script environments for esx_barbershop
[ citizen-server-impl] Started resource esx_barbershop
[    c-scripting-core] Creating script environments for esx_clotheshop
[ citizen-server-impl] Started resource esx_clotheshop
[    c-scripting-core] Creating script environments for 99kr-shops
[ citizen-server-impl] Started resource 99kr-shops
[    c-scripting-core] Creating script environments for esx_datastore
[ citizen-server-impl] [0mStarted resource esx_datastore
[    c-scripting-core] Creating script environments for esx_status
[ citizen-server-impl] Started resource esx_status
[    c-scripting-core] Creating script environments for esx_basicneeds
[ citizen-server-impl] Started resource esx_basicneeds
[    c-scripting-core] Creating script environments for esx_addoninventory
[ citizen-server-impl] Started resource esx_addoninventory
[    c-scripting-core] Creating script environments for esx_society
[ citizen-server-impl] Started resource esx_society
[    c-scripting-core] Creating script environments for esx_holdup
[ citizen-server-impl] Started resource esx_holdup
[    c-scripting-core] [0mCreating script environments for esx_scoreboard
[ citizen-server-impl] Started resource esx_scoreboard
[    c-scripting-core] Creating script environments for esx_inventoryhud
[ citizen-server-impl] Started resource esx_inventoryhud
[    c-scripting-core] [0mCreating script environments for esx_inventoryhud_trunk
[ citizen-server-impl] Started resource esx_inventoryhud_trunk
[    c-scripting-core] Creating script environments for esx_property
[ citizen-server-impl] Started resource esx_property
[    c-scripting-core] Creating script environments for esx_advancedgarage
[ citizen-server-impl] Started resource esx_advancedgarage
[    c-scripting-core] Creating script environments for esx_dmvschool
[ citizen-server-impl] Started resource esx_dmvschool
[    c-scripting-core] Creating script environments for esx_licenseshop
[ citizen-server-impl] Started resource esx_licenseshop
[    c-scripting-core] Creating script environments for esx_vangelico_robbery
[ citizen-server-impl] Started resource esx_vangelico_robbery
[    c-scripting-core] Creating script environments for esx_clip
[ citizen-server-impl] Started resource esx_clip
[    c-scripting-core] Creating script environments for esx_accessories
[ citizen-server-impl] Started resource esx_accessories
[    c-scripting-core] Creating script environments for esx_jail
[ citizen-server-impl] Started resource esx_jail
[    c-scripting-core] Creating script environments for esx_tattooshop
[ citizen-server-impl] Started resource esx_tattooshop
[    c-scripting-core] Creating script environments for esx_outlawalert
[ citizen-server-impl] Started resource esx_outlawalert
[    c-scripting-core] Creating script environments for esx_speedcamera
[ citizen-server-impl] Started resource esx_speedcamera
[ citizen-server-impl] Started resource esx-kr-vehicle-push
[    c-scripting-core] [0mCreating script environments for esx_boat
[ citizen-server-impl] Started resource esx_boat
[    c-scripting-core] Creating script environments for esx_discord
[ citizen-server-impl] [0mStarted resource esx_discord
[    c-scripting-core] Creating script environments for esx_drugs
[ citizen-server-impl] Started resource esx_drugs
[    c-scripting-core] Creating script environments for mumble-voip
[ citizen-server-impl] Started resource mumble-voip
[ citizen-server-impl] Started resource rp-radio
[ citizen-server-impl] Started resource coloredhud
[ citizen-server-impl] Started resource coloredmap
[    c-scripting-core] Creating script environments for InteractSound
[ citizen-server-impl] Started resource InteractSound
[  script:mysql-async] [mysql-async] [SUCCESS] Database server connection established.
[      script:monitor] [txAdminClient] Threads and commands set up. All Ready.
[  script:es_extended] [es_extended] [INFO] ESX developed by ESX-Org has been initialized
[         script:gang] [gang] Started!
[         script:gang] [gang] Performing version check...
[         script:gang] [gang] No updates found!
[    script:EasyAdmin] 
[    script:EasyAdmin] --------------------------------------------------------------------------
[    script:EasyAdmin] 
[    script:EasyAdmin] EasyAdmin (EasyAdmin) is outdated.
[    script:EasyAdmin] Newest Version: 6.402
[    script:EasyAdmin] Your Version: 6.401
[    script:EasyAdmin] Please update it from https://github.com/Blumlaut/EasyAdmin/releases/tag/6.402
[    script:EasyAdmin] 
[    script:EasyAdmin] --------------------------------------------------------------------------
[     script:dpemotes] SCRIPT ERROR: @dpemotes/Server/Updates.lua:21: attempt to compare number with nil
[     script:dpemotes] > userCallback ([36m@dpemotes/Server/Updates.lua:21)
[ citizen-server-impl]         fff                          
[ citizen-server-impl]   cccc ff   xx  xx     rr rr    eee  
[ citizen-server-impl] cc     ffff   xx       rrr  r ee   e 
[ citizen-server-impl] cc     ff     xx   ... rr     eeeee  
[ citizen-server-impl]  ccccc ff   xx  xx ... rr      eeeee 
[ citizen-server-impl]                                      
[ citizen-server-impl] Authenticated with cfx.re Nucleus: https://nimaiso-3b9egb.users.cfx.re/
[ citizen-server-impl]         fff                          
[ citizen-server-impl]   cccc ff   xx  xx     rr rr    eee  
[ citizen-server-impl] cc     ffff   xx       rrr  r ee   e 
[ citizen-server-impl] cc     ff     xx   ... rr     eeeee  
[ citizen-server-impl]  ccccc ff   xx  xx ... rr      eeeee 
[ citizen-server-impl]                                      
[ citizen-server-impl] Authenticated with cfx.re Nucleus: https://nimaiso-3b9egb.users.cfx.re/
[ citizen-server-impl] -- [server notice: tebex_not_set]
[ citizen-server-impl] ================
[ citizen-server-impl] Monetize your server using Tebex! Visit https://tebex.io/fivem for more info.
[ citizen-server-impl] ================
[ citizen-server-impl] 
[ citizen-server-impl] -- [server notice: tebex_not_set]
[ citizen-server-impl] ================
[ citizen-server-impl] Monetize your server using Tebex! Visit https://tebex.io/fivem for more info.
[ citizen-server-impl] ================
[ citizen-server-impl] 
[ citizen-server-main] [0m-> Quitting: SIGHUP received
