
================================================================
======== txAdmin Starting - 12/26/2021, 2:41:32 AM              
================================================================

================================================================
======== Log Rotated - 12/26/2021, 2:41:32 AM                   
================================================================
[2:41:39 AM] txAdmin: Logger started

================================================================
======== txAdmin Starting - 12/26/2021, 2:43:19 AM              
================================================================
[2:43:24 AM] txAdmin: Logger started

================================================================
======== txAdmin Starting - 12/26/2021, 2:43:55 AM              
================================================================
[2:44:01 AM] txAdmin: Logger started

================================================================
======== txAdmin Starting - 12/26/2021, 2:45:45 AM              
================================================================
[2:45:50 AM] txAdmin: Logger started

================================================================
======== txAdmin Starting - 12/26/2021, 2:46:54 AM              
================================================================
[2:47:00 AM] txAdmin: Logger started

================================================================
======== txAdmin Starting - 12/26/2021, 3:03:06 AM              
================================================================
[3:03:11 AM] txAdmin: Logger started
[3:06:26 AM] [NrNQ7#1] Nima: joined with identifiers [steam:11000013ff94da8; license:1732760288d084491fad256f3cceed6f26b73262; fivem:634781; license2:1732760288d084491fad256f3cceed6f26b73262]
[3:09:15 AM] [NrNQ7#1] Nima: died from suicide (Falling)
[3:32:33 AM] [NrNQ7#1] Nima: disconnected

================================================================
======== txAdmin Starting - 12/26/2021, 4:00:56 AM              
================================================================
[4:01:10 AM] txAdmin: Logger started

================================================================
======== txAdmin Starting - 12/26/2021, 4:01:37 AM              
================================================================
[4:01:42 AM] txAdmin: Logger started
[4:02:06 AM] [jXxJG#1] BigDark: joined with identifiers [steam:11000013ff94da8; license:1732760288d084491fad256f3cceed6f26b73262; fivem:634781; license2:1732760288d084491fad256f3cceed6f26b73262]
[4:03:49 AM] [jXxJG#1] BigDark: disconnected

================================================================
======== txAdmin Starting - 12/26/2021, 4:04:47 AM              
================================================================
[4:04:52 AM] txAdmin: Logger started

================================================================
======== txAdmin Starting - 12/26/2021, 4:11:22 AM              
================================================================
[4:11:28 AM] txAdmin: Logger started
[4:12:03 AM] [JP8Kt#1] BigDark: joined with identifiers [steam:11000013ff94da8; license:1732760288d084491fad256f3cceed6f26b73262; fivem:634781; license2:1732760288d084491fad256f3cceed6f26b73262]
[4:13:43 AM] [JP8Kt#1] BigDark: said "/do test"
[4:13:59 AM] [JP8Kt#1] BigDark: said "/occ sad"
[4:14:04 AM] [JP8Kt#1] BigDark: said "/ooc sad"

================================================================
======== txAdmin Starting - 12/26/2021, 4:24:08 AM              
================================================================
[4:24:14 AM] txAdmin: Logger started

================================================================
======== txAdmin Starting - 12/26/2021, 4:24:37 AM              
================================================================
[4:24:42 AM] txAdmin: Logger started

================================================================
======== txAdmin Starting - 12/26/2021, 4:25:14 AM              
================================================================
[4:25:25 AM] txAdmin: Logger started
[4:27:21 AM] [w3Cmm#1] Nima: joined with identifiers [steam:11000013ff94da8; license:1732760288d084491fad256f3cceed6f26b73262; fivem:634781; license2:1732760288d084491fad256f3cceed6f26b73262]
[4:39:44 AM] [w3Cmm#1] Nima: caused an explosion (CAR)
[4:39:57 AM] [w3Cmm#1] Nima: caused an explosion (CAR)
[4:40:27 AM] [w3Cmm#1] Nima: caused an explosion (CAR)
[4:40:34 AM] [w3Cmm#1] Nima: died from suicide (Fire)
[4:43:20 AM] [w3Cmm#1] Nima: caused an explosion (GRENADE)
[4:43:26 AM] [w3Cmm#1] Nima: caused an explosion (GRENADE)
[4:43:27 AM] [w3Cmm#1] Nima: caused an explosion (GRENADE)
[4:43:29 AM] [w3Cmm#1] Nima: caused an explosion (GRENADE)
[4:43:39 AM] [w3Cmm#1] Nima: caused an explosion (GRENADELAUNCHER)
[4:43:51 AM] [w3Cmm#1] Nima: caused an explosion (GRENADELAUNCHER)
[4:43:51 AM] [w3Cmm#1] Nima: caused an explosion (GRENADELAUNCHER)
[4:43:53 AM] [w3Cmm#1] Nima: caused an explosion (GRENADELAUNCHER)
[4:43:54 AM] [w3Cmm#1] Nima: caused an explosion (GRENADELAUNCHER)
[4:43:55 AM] [w3Cmm#1] Nima: caused an explosion (GRENADELAUNCHER)
[4:43:58 AM] [w3Cmm#1] Nima: caused an explosion (GRENADELAUNCHER)
[4:43:58 AM] [w3Cmm#1] Nima: caused an explosion (CAR)
[4:44:00 AM] [w3Cmm#1] Nima: caused an explosion (GRENADELAUNCHER)
[4:44:22 AM] [w3Cmm#1] Nima: caused an explosion (GRENADELAUNCHER)
[4:44:27 AM] [w3Cmm#1] Nima: caused an explosion (ROCKET)
[4:44:27 AM] [w3Cmm#1] Nima: caused an explosion (CAR)
[4:44:27 AM] [w3Cmm#1] Nima: caused an explosion (CAR)
[4:44:32 AM] [w3Cmm#1] Nima: caused an explosion (CAR)
[4:44:32 AM] [w3Cmm#1] Nima: caused an explosion (CAR)
[4:44:35 AM] [w3Cmm#1] Nima: caused an explosion (ROCKET)
[4:44:35 AM] [w3Cmm#1] Nima: caused an explosion (CAR)
[4:44:39 AM] [w3Cmm#1] Nima: caused an explosion (ROCKET)
[4:44:41 AM] [w3Cmm#1] Nima: caused an explosion (CAR)
[4:44:41 AM] [w3Cmm#1] Nima: caused an explosion (CAR)
[4:44:45 AM] [w3Cmm#1] Nima: caused an explosion (ROCKET)
[4:44:45 AM] [w3Cmm#1] Nima: caused an explosion (CAR)
[4:44:52 AM] [w3Cmm#1] Nima: caused an explosion (ROCKET)
[4:44:52 AM] [w3Cmm#1] Nima: caused an explosion (CAR)
[4:44:55 AM] [w3Cmm#1] Nima: caused an explosion (CAR)
[4:44:55 AM] [w3Cmm#1] Nima: caused an explosion (CAR)
[4:44:59 AM] [w3Cmm#1] Nima: caused an explosion (ROCKET)
[4:44:59 AM] [w3Cmm#1] Nima: caused an explosion (CAR)
[4:45:02 AM] [w3Cmm#1] Nima: caused an explosion (ROCKET)
[4:45:02 AM] [w3Cmm#1] Nima: caused an explosion (CAR)
[4:45:04 AM] [w3Cmm#1] Nima: caused an explosion (ROCKET)
[4:45:04 AM] [w3Cmm#1] Nima: caused an explosion (CAR)
[4:45:23 AM] [w3Cmm#1] Nima: caused an explosion (CAR)
[4:45:41 AM] [w3Cmm#1] Nima: caused an explosion (CAR)
[4:45:47 AM] [w3Cmm#1] Nima: caused an explosion (CAR)
[4:45:48 AM] [w3Cmm#1] Nima: caused an explosion (CAR)
[4:45:52 AM] [w3Cmm#1] Nima: caused an explosion (CAR)
[4:45:59 AM] [w3Cmm#1] Nima: caused an explosion (CAR)
[4:46:03 AM] [w3Cmm#1] Nima: caused an explosion (CAR)
[4:46:09 AM] [w3Cmm#1] Nima: caused an explosion (CAR)
[4:46:11 AM] [w3Cmm#1] Nima: caused an explosion (CAR)
[4:46:43 AM] [w3Cmm#1] Nima: caused an explosion (CAR)
[4:49:24 AM] [w3Cmm#1] Nima: caused an explosion (CAR)
[5:09:44 AM] [w3Cmm#1] Nima: disconnected

================================================================
======== txAdmin Starting - 12/26/2021, 5:11:28 AM              
================================================================
[5:11:33 AM] txAdmin: Logger started
[5:12:02 AM] [wYTfJ#1] Nima: joined with identifiers [steam:11000013ff94da8; license:1732760288d084491fad256f3cceed6f26b73262; fivem:634781; license2:1732760288d084491fad256f3cceed6f26b73262]
[5:28:21 AM] [wYTfJ#1] Nima: disconnected

================================================================
======== txAdmin Starting - 12/26/2021, 5:29:34 AM              
================================================================
[5:29:41 AM] txAdmin: Logger started

================================================================
======== txAdmin Starting - 12/26/2021, 5:29:55 AM              
================================================================
[5:30:02 AM] txAdmin: Logger started

================================================================
======== txAdmin Starting - 12/26/2021, 5:31:01 AM              
================================================================
[5:31:07 AM] txAdmin: Logger started

================================================================
======== txAdmin Starting - 12/26/2021, 5:32:14 AM              
================================================================
[5:32:21 AM] txAdmin: Logger started

================================================================
======== txAdmin Starting - 12/26/2021, 5:32:49 AM              
================================================================
[5:32:56 AM] txAdmin: Logger started
[5:34:17 AM] [C6TcQ#1] Nima: joined with identifiers [steam:11000013ff94da8; license:1732760288d084491fad256f3cceed6f26b73262; fivem:634781; license2:1732760288d084491fad256f3cceed6f26b73262]
[5:37:10 AM] [C6TcQ#1] Nima: disconnected

================================================================
======== txAdmin Starting - 12/26/2021, 5:46:15 AM              
================================================================
[5:46:23 AM] txAdmin: Logger started
[5:46:42 AM] [epzdf#1] Nima: joined with identifiers [steam:11000013ff94da8; license:1732760288d084491fad256f3cceed6f26b73262; fivem:634781; license2:1732760288d084491fad256f3cceed6f26b73262]
[5:53:28 AM] [epzdf#1] Nima: disconnected

================================================================
======== txAdmin Starting - 12/26/2021, 6:20:58 AM              
================================================================
[6:21:07 AM] txAdmin: Logger started
[6:23:54 AM] [yzqMP#1] Nima: joined with identifiers [steam:11000013ff94da8; license:1732760288d084491fad256f3cceed6f26b73262; fivem:634781; license2:1732760288d084491fad256f3cceed6f26b73262]
[6:37:32 AM] [yzqMP#1] Nima: disconnected

================================================================
======== txAdmin Starting - 12/26/2021, 6:43:18 AM              
================================================================
[6:43:40 AM] txAdmin: Logger started

================================================================
======== txAdmin Starting - 12/26/2021, 6:43:43 AM              
================================================================
[6:43:59 AM] txAdmin: Logger started
[6:44:21 AM] [j8qne#1] BigDark: joined with identifiers [steam:11000013ff94da8; license:1732760288d084491fad256f3cceed6f26b73262; fivem:634781; license2:1732760288d084491fad256f3cceed6f26b73262]
[6:45:45 AM] [j8qne#1] BigDark: caused an explosion (CAR)
[6:46:15 AM] [j8qne#1] BigDark: caused an explosion (ROCKET)
[6:51:56 AM] [j8qne#1] BigDark: disconnected

================================================================
======== txAdmin Starting - 12/26/2021, 6:58:34 AM              
================================================================
[6:58:42 AM] txAdmin: Logger started

================================================================
======== txAdmin Starting - 12/26/2021, 7:00:41 AM              
================================================================
[7:00:48 AM] txAdmin: Logger started
[7:01:00 AM] [cxUHA#1] Nima: joined with identifiers [steam:11000013ff94da8; license:1732760288d084491fad256f3cceed6f26b73262; fivem:634781; license2:1732760288d084491fad256f3cceed6f26b73262]
[7:06:33 AM] [cxUHA#1] Nima: disconnected

================================================================
======== txAdmin Starting - 12/26/2021, 7:07:34 AM              
================================================================

================================================================
======== txAdmin Starting - 12/26/2021, 7:07:46 AM              
================================================================
[7:08:01 AM] txAdmin: Logger started
[7:08:44 AM] [467pF#1] BigDark: joined with identifiers [steam:11000013ff94da8; license:1732760288d084491fad256f3cceed6f26b73262; fivem:634781; license2:1732760288d084491fad256f3cceed6f26b73262]
[7:12:11 AM] [467pF#1] BigDark: disconnected

================================================================
======== txAdmin Starting - 12/26/2021, 7:12:13 AM              
================================================================
[7:12:19 AM] txAdmin: Logger started

================================================================
======== txAdmin Starting - 12/26/2021, 7:12:34 AM              
================================================================
[7:12:40 AM] txAdmin: Logger started
[7:12:54 AM] [jHmFP#1] Nima: joined with identifiers [steam:11000013ff94da8; license:1732760288d084491fad256f3cceed6f26b73262; fivem:634781; license2:1732760288d084491fad256f3cceed6f26b73262]
[7:15:33 AM] [jHmFP#1] Nima: disconnected

================================================================
======== txAdmin Starting - 12/26/2021, 7:15:36 AM              
================================================================
[7:15:44 AM] txAdmin: Logger started
[7:16:00 AM] [MtBrK#1] Nima: joined with identifiers [steam:11000013ff94da8; license:1732760288d084491fad256f3cceed6f26b73262; fivem:634781; license2:1732760288d084491fad256f3cceed6f26b73262]
[7:19:44 AM] [MtBrK#1] Nima: disconnected

================================================================
======== txAdmin Starting - 12/26/2021, 7:26:17 AM              
================================================================

================================================================
======== txAdmin Starting - 12/26/2021, 7:26:30 AM              
================================================================
[7:26:45 AM] txAdmin: Logger started

================================================================
======== txAdmin Starting - 12/26/2021, 7:26:59 AM              
================================================================
[7:27:07 AM] txAdmin: Logger started
[7:30:55 AM] [ipxcL#1] Nima: joined with identifiers [steam:11000013ff94da8; license:1732760288d084491fad256f3cceed6f26b73262; fivem:634781; license2:1732760288d084491fad256f3cceed6f26b73262]
[7:33:51 AM] [ipxcL#1] Nima: died from suicide
[7:40:16 AM] [ipxcL#1] Nima: disconnected

================================================================
======== txAdmin Starting - 12/26/2021, 7:41:51 AM              
================================================================

================================================================
======== txAdmin Starting - 12/26/2021, 7:42:17 AM              
================================================================
[7:42:33 AM] txAdmin: Logger started

================================================================
======== txAdmin Starting - 12/26/2021, 7:42:50 AM              
================================================================
[7:42:56 AM] txAdmin: Logger started
[7:43:33 AM] [nnyag#1] BigDark: joined with identifiers [steam:11000013ff94da8; license:1732760288d084491fad256f3cceed6f26b73262; fivem:634781; license2:1732760288d084491fad256f3cceed6f26b73262]
[7:54:37 AM] [nnyag#1] BigDark: caused an explosion (TRUCK)

================================================================
======== txAdmin Starting - 12/26/2021, 1:15:32 PM              
================================================================
[1:15:49 PM] txAdmin: Logger started

================================================================
======== txAdmin Starting - 12/26/2021, 1:15:52 PM              
================================================================
[1:15:57 PM] txAdmin: Logger started
[1:16:23 PM] [VaJEq#1] Nima: joined with identifiers [steam:11000013ff94da8; license:1732760288d084491fad256f3cceed6f26b73262; fivem:634781; license2:1732760288d084491fad256f3cceed6f26b73262]
[1:25:16 PM] [VaJEq#1] Nima: said "/reloadphone"
[1:27:52 PM] [VaJEq#1] Nima: said "/togglehud"
[1:32:55 PM] [VaJEq#1] Nima: caused an explosion (CAR)
[1:56:32 PM] [VaJEq#1] Nima: disconnected

================================================================
======== txAdmin Starting - 12/26/2021, 2:18:27 PM              
================================================================
[2:18:32 PM] txAdmin: Logger started
[2:18:56 PM] [VrPhH#1] BigDark: joined with identifiers [steam:11000013ff94da8; license:1732760288d084491fad256f3cceed6f26b73262; discord:631463369458843668; fivem:634781; license2:1732760288d084491fad256f3cceed6f26b73262]
[2:33:02 PM] [VrPhH#1] BigDark: disconnected

================================================================
======== txAdmin Starting - 12/26/2021, 3:18:51 PM              
================================================================
[3:18:56 PM] txAdmin: Logger started
[3:19:27 PM] [XhHG7#1] BigDark: joined with identifiers [steam:11000013ff94da8; license:1732760288d084491fad256f3cceed6f26b73262; discord:631463369458843668; fivem:634781; license2:1732760288d084491fad256f3cceed6f26b73262]
[3:39:51 PM] [XhHG7#1] BigDark: died from suicide
[4:03:45 PM] [XhHG7#1] BigDark: disconnected

================================================================
======== txAdmin Starting - 12/26/2021, 4:06:09 PM              
================================================================
[4:06:18 PM] txAdmin: Logger started
[4:08:56 PM] [X9Jjh#1] Nima: joined with identifiers [steam:11000013ff94da8; license:1732760288d084491fad256f3cceed6f26b73262; discord:631463369458843668; fivem:634781; license2:1732760288d084491fad256f3cceed6f26b73262]

================================================================
======== txAdmin Starting - 12/26/2021, 4:24:58 PM              
================================================================
[4:25:09 PM] txAdmin: Logger started
[4:25:21 PM] [qJDUM#1] Nima: joined with identifiers [steam:11000013ff94da8; license:1732760288d084491fad256f3cceed6f26b73262; discord:631463369458843668; fivem:634781; license2:1732760288d084491fad256f3cceed6f26b73262]
[4:29:08 PM] [qJDUM#1] Nima: disconnected

================================================================
======== txAdmin Starting - 12/26/2021, 4:29:10 PM              
================================================================
[4:29:17 PM] txAdmin: Logger started
[4:29:35 PM] [QDJRa#1] Nima: joined with identifiers [steam:11000013ff94da8; license:1732760288d084491fad256f3cceed6f26b73262; discord:631463369458843668; fivem:634781; license2:1732760288d084491fad256f3cceed6f26b73262]
[4:30:41 PM] [QDJRa#1] Nima: disconnected
[4:31:07 PM] [QDJRa#2] Nima: joined with identifiers [steam:11000013ff94da8; license:1732760288d084491fad256f3cceed6f26b73262; discord:631463369458843668; fivem:634781; license2:1732760288d084491fad256f3cceed6f26b73262]
[4:37:38 PM] [QDJRa#2] Nima: died from suicide (Falling)
[4:38:38 PM] [QDJRa#2] Nima: caused an explosion (CAR)
[4:38:45 PM] [QDJRa#2] Nima: caused an explosion (CAR)
[4:44:20 PM] [QDJRa#2] Nima: caused an explosion (CAR)
[4:44:20 PM] [QDJRa#2] Nima: caused an explosion (CAR)
[4:44:25 PM] [QDJRa#2] Nima: caused an explosion (CAR)
[4:44:28 PM] [QDJRa#2] Nima: caused an explosion (CAR)
[4:44:28 PM] [QDJRa#2] Nima: caused an explosion (CAR)
[4:44:29 PM] [QDJRa#2] Nima: caused an explosion (CAR)
[4:44:30 PM] [QDJRa#2] Nima: caused an explosion (CAR)
[4:44:30 PM] [QDJRa#2] Nima: caused an explosion (CAR)
[4:44:32 PM] [QDJRa#2] Nima: caused an explosion (CAR)
[4:44:32 PM] [QDJRa#2] Nima: caused an explosion (CAR)
[4:44:33 PM] [QDJRa#2] Nima: caused an explosion (CAR)
[4:44:33 PM] [QDJRa#2] Nima: caused an explosion (CAR)
[4:44:39 PM] [QDJRa#2] Nima: caused an explosion (CAR)
[4:44:41 PM] [QDJRa#2] Nima: caused an explosion (CAR)
[4:44:42 PM] [QDJRa#2] Nima: caused an explosion (CAR)
[4:44:43 PM] [QDJRa#2] Nima: caused an explosion (CAR)
[4:44:49 PM] [QDJRa#2] Nima: caused an explosion (CAR)
[4:52:25 PM] [QDJRa#2] Nima: said "/openreport"
[4:53:12 PM] [QDJRa#2] Nima: said "/repory"

================================================================
======== txAdmin Starting - 12/26/2021, 5:05:16 PM              
================================================================
[5:05:27 PM] txAdmin: Logger started
[5:05:43 PM] [eaxDq#1] Nima: joined with identifiers [steam:11000013ff94da8; license:1732760288d084491fad256f3cceed6f26b73262; discord:631463369458843668; fivem:634781; license2:1732760288d084491fad256f3cceed6f26b73262]
[5:16:47 PM] [eaxDq#1] Nima: disconnected

================================================================
======== txAdmin Starting - 12/26/2021, 5:16:59 PM              
================================================================
[5:17:06 PM] txAdmin: Logger started
[5:17:16 PM] [3xTfC#1] Nima: joined with identifiers [steam:11000013ff94da8; license:1732760288d084491fad256f3cceed6f26b73262; discord:631463369458843668; fivem:634781; license2:1732760288d084491fad256f3cceed6f26b73262]
