
================================================================
======== Log Rotated - 11/16/2021, 12:00:00 AM                  
================================================================

================================================================
======== txAdmin Starting - 11/16/2021, 12:07:44 AM             
================================================================
[12:07:55 AM] txAdmin: Logger started

================================================================
======== txAdmin Starting - 11/16/2021, 12:08:40 AM             
================================================================
[12:08:50 AM] txAdmin: Logger started

================================================================
======== txAdmin Starting - 11/16/2021, 12:12:43 AM             
================================================================
[12:12:54 AM] txAdmin: Logger started

================================================================
======== txAdmin Starting - 11/16/2021, 8:16:22 PM              
================================================================
[8:16:48 PM] txAdmin: Logger started

================================================================
======== txAdmin Starting - 11/16/2021, 8:17:39 PM              
================================================================

================================================================
======== txAdmin Starting - 11/16/2021, 8:18:07 PM              
================================================================

================================================================
======== txAdmin Starting - 11/16/2021, 8:18:36 PM              
================================================================

================================================================
======== txAdmin Starting - 11/16/2021, 8:19:10 PM              
================================================================
[8:19:20 PM] txAdmin: Logger started

================================================================
======== txAdmin Starting - 11/16/2021, 8:26:38 PM              
================================================================
[8:26:48 PM] txAdmin: Logger started

================================================================
======== txAdmin Starting - 11/16/2021, 8:29:17 PM              
================================================================
[8:29:27 PM] txAdmin: Logger started

================================================================
======== txAdmin Starting - 11/16/2021, 11:22:59 PM             
================================================================
[11:23:16 PM] txAdmin: Logger started

================================================================
======== txAdmin Starting - 11/16/2021, 11:24:05 PM             
================================================================
[11:24:15 PM] txAdmin: Logger started

================================================================
======== txAdmin Starting - 11/16/2021, 11:30:16 PM             
================================================================
[11:30:26 PM] txAdmin: Logger started

================================================================
======== txAdmin Starting - 11/16/2021, 11:39:24 PM             
================================================================
[11:39:35 PM] txAdmin: Logger started
[11:53:42 PM] [HwXnD#1] MohamadRZ: joined with identifiers [steam:1100001485d6303; license:c409b034eaf88b24e8834295a91cc3c2c1e16711; discord:823556244698169415; license2:634d2a62315a58f475595455c67a4526ff6b42c6]
