
================================================================
======== Log Rotated - 11/17/2021, 12:00:05 AM                  
================================================================
[12:00:19 AM] [HwXnD#1] MohamadRZ: disconnected

================================================================
======== txAdmin Starting - 11/17/2021, 12:01:08 AM             
================================================================
[12:01:19 AM] txAdmin: Logger started

================================================================
======== txAdmin Starting - 11/17/2021, 12:03:39 AM             
================================================================

================================================================
======== txAdmin Starting - 11/17/2021, 12:03:58 AM             
================================================================
[12:04:09 AM] txAdmin: Logger started
[12:04:16 AM] [98bnz#1] MohamadRZ: joined with identifiers [steam:1100001485d6303; license:c409b034eaf88b24e8834295a91cc3c2c1e16711; discord:823556244698169415; license2:634d2a62315a58f475595455c67a4526ff6b42c6]

================================================================
======== txAdmin Starting - 11/17/2021, 12:07:53 AM             
================================================================
[12:08:04 AM] txAdmin: Logger started
[12:18:18 AM] [MgUaX#1] MohamadRZ: joined with identifiers [steam:1100001485d6303; license:c409b034eaf88b24e8834295a91cc3c2c1e16711; discord:823556244698169415; license2:634d2a62315a58f475595455c67a4526ff6b42c6]
[12:21:55 AM] [MgUaX#1] MohamadRZ: disconnected

================================================================
======== txAdmin Starting - 11/17/2021, 1:57:28 PM              
================================================================
[1:57:58 PM] txAdmin: Logger started

================================================================
======== txAdmin Starting - 11/17/2021, 2:25:59 PM              
================================================================
[2:26:09 PM] txAdmin: Logger started
[2:28:56 PM] [aUfTa#1] MohamadRZ: joined with identifiers [steam:1100001485d6303; license:c409b034eaf88b24e8834295a91cc3c2c1e16711; discord:823556244698169415; license2:634d2a62315a58f475595455c67a4526ff6b42c6]
[2:36:20 PM] [aUfTa#2] Sycmojtaba: joined with identifiers [steam:1100001485e8a00; license:a8aad3bd2d2942a5db8eee6c39684c483deb820a; discord:835079290999537705; fivem:2386861; license2:ccab55aaef9090fa6d6a5cb2e7506af7e5a907c1]
[2:39:34 PM] [aUfTa#2] Sycmojtaba: said "/aduty"
[2:40:37 PM] [aUfTa#1] MohamadRZ: disconnected
[2:44:31 PM] [aUfTa#3] !    WyverN | Navid: joined with identifiers [steam:11000014932e87d; license:83cd0dfb306371008af1f17e7b1b5694bc2def19; discord:897446439448346655; license2:83cd0dfb306371008af1f17e7b1b5694bc2def19]
[2:45:49 PM] [aUfTa#4] MohamadRZ: joined with identifiers [steam:1100001485d6303; license:c409b034eaf88b24e8834295a91cc3c2c1e16711; discord:823556244698169415; license2:634d2a62315a58f475595455c67a4526ff6b42c6]
[2:47:33 PM] [aUfTa#2] Sycmojtaba: said "/tpw"
[2:48:51 PM] [aUfTa#2] Sycmojtaba: said "/custom"
[2:54:09 PM] txAdmin: ((Broadcast) arx_isox): said "salam be in server khosh amadid"
[2:55:00 PM] [aUfTa#5] moein: joined with identifiers [steam:1100001406195ca; license:9862d776d8905d840b35900a2b4268e6f19d9704; discord:704356984413093948; fivem:888305; license2:9862d776d8905d840b35900a2b4268e6f19d9704]
[3:00:05 PM] [aUfTa#5] moein: disconnected
[3:00:21 PM] [aUfTa#4] MohamadRZ: caused an explosion (GRENADE)
[3:00:22 PM] [aUfTa#2] Sycmojtaba: died from Grenade by MohamadRZ
[3:00:23 PM] [aUfTa#4] MohamadRZ: caused an explosion (GRENADE)
[3:00:24 PM] [aUfTa#4] MohamadRZ: caused an explosion (GRENADE)
[3:00:27 PM] [aUfTa#4] MohamadRZ: caused an explosion (GRENADE)
[3:00:28 PM] [aUfTa#4] MohamadRZ: caused an explosion (GRENADE)
[3:00:59 PM] [aUfTa#2] Sycmojtaba: said "\"
[3:01:25 PM] [aUfTa#4] MohamadRZ: disconnected
[3:01:31 PM] [aUfTa#2] Sycmojtaba: disconnected
[3:01:35 PM] [aUfTa#3] !    WyverN | Navid: disconnected

================================================================
======== txAdmin Starting - 11/17/2021, 3:03:57 PM              
================================================================
[3:04:07 PM] txAdmin: Logger started

================================================================
======== txAdmin Starting - 11/17/2021, 3:04:42 PM              
================================================================
[3:04:52 PM] txAdmin: Logger started
[3:05:37 PM] [g7hDW#1] Sycmojtaba: joined with identifiers [steam:1100001485e8a00; license:a8aad3bd2d2942a5db8eee6c39684c483deb820a; discord:835079290999537705; fivem:2386861; license2:ccab55aaef9090fa6d6a5cb2e7506af7e5a907c1]
[3:06:33 PM] [g7hDW#2] moein: joined with identifiers [steam:1100001406195ca; license:9862d776d8905d840b35900a2b4268e6f19d9704; discord:704356984413093948; fivem:888305; license2:9862d776d8905d840b35900a2b4268e6f19d9704]
[3:06:44 PM] [g7hDW#1] Sycmojtaba: died from suicide (Falling)
[3:08:06 PM] [g7hDW#1] Sycmojtaba: said "/slay 1"
[3:08:10 PM] [g7hDW#1] Sycmojtaba: died from suicide (Falling)
[3:10:08 PM] [g7hDW#1] Sycmojtaba: caused an explosion (FIREWORK)
[3:10:10 PM] [g7hDW#1] Sycmojtaba: caused an explosion (FIREWORK)
[3:10:13 PM] [g7hDW#1] Sycmojtaba: caused an explosion (FIREWORK)
[3:10:16 PM] [g7hDW#1] Sycmojtaba: caused an explosion (FIREWORK)
[3:10:18 PM] [g7hDW#1] Sycmojtaba: caused an explosion (FIREWORK)
[3:10:28 PM] [g7hDW#1] Sycmojtaba: caused an explosion (ROCKET)
[3:10:38 PM] [g7hDW#1] Sycmojtaba: caused an explosion (GRENADE)
[3:11:40 PM] [g7hDW#1] Sycmojtaba: said "car t20"
[3:12:19 PM] [g7hDW#1] Sycmojtaba: caused an explosion (GRENADELAUNCHER)
[3:12:22 PM] [g7hDW#1] Sycmojtaba: caused an explosion (ROCKET)
[3:13:07 PM] [g7hDW#2] moein: died from Snowball by Sycmojtaba
[3:13:57 PM] [g7hDW#1] Sycmojtaba: died from Fist by moein
[3:14:09 PM] [g7hDW#1] Sycmojtaba: died from Fire by moein
[3:14:18 PM] [g7hDW#1] Sycmojtaba: died from Fire by moein
[3:14:26 PM] [g7hDW#1] Sycmojtaba: died from Fire by moein
[3:14:32 PM] [g7hDW#1] Sycmojtaba: died from Fire by moein
[3:14:40 PM] [g7hDW#1] Sycmojtaba: died from Fire by moein
[3:14:47 PM] [g7hDW#1] Sycmojtaba: died from suicide
[3:15:02 PM] [g7hDW#2] moein: died from Advanced Rifle by Sycmojtaba
[3:18:14 PM] [g7hDW#2] moein: caused an explosion (GRENADELAUNCHER)
[3:18:15 PM] [g7hDW#2] moein: caused an explosion (GRENADELAUNCHER)
[3:18:16 PM] [g7hDW#2] moein: caused an explosion (GRENADELAUNCHER)
[3:18:19 PM] [g7hDW#2] moein: caused an explosion (GRENADELAUNCHER)
[3:18:26 PM] [g7hDW#2] moein: caused an explosion (GRENADELAUNCHER)
[3:18:55 PM] [g7hDW#2] moein: caused an explosion (RAILGUN)
[3:19:44 PM] [g7hDW#2] moein: caused an explosion (GRENADELAUNCHER)
[3:21:34 PM] [g7hDW#2] moein: caused an explosion (RAILGUN)
[3:21:34 PM] [g7hDW#1] Sycmojtaba: caused an explosion (CAR)
[3:21:34 PM] [g7hDW#1] Sycmojtaba: died from Railgun by moein
[3:21:43 PM] [g7hDW#2] moein: caused an explosion (RAILGUN)
[3:21:47 PM] [g7hDW#2] moein: caused an explosion (RAILGUN)
[3:21:50 PM] [g7hDW#2] moein: caused an explosion (RAILGUN)
[3:23:03 PM] [g7hDW#2] moein: died from Advanced Rifle by Sycmojtaba
[3:23:20 PM] [g7hDW#2] moein: died from Advanced Rifle by Sycmojtaba
[3:23:30 PM] [g7hDW#1] Sycmojtaba: died from Assault Rifle by moein
[3:23:40 PM] [g7hDW#2] moein: died from Advanced Rifle by Sycmojtaba
[3:23:49 PM] [g7hDW#1] Sycmojtaba: died from Minigun by moein
[3:23:54 PM] [g7hDW#2] moein: died from Advanced Rifle by Sycmojtaba
[3:24:05 PM] [g7hDW#1] Sycmojtaba: died from Compact Rifle by moein
[3:24:13 PM] [g7hDW#2] moein: died from Advanced Rifle by Sycmojtaba
[3:24:25 PM] [g7hDW#2] moein: died from Advanced Rifle by Sycmojtaba
[3:24:39 PM] [g7hDW#1] Sycmojtaba: died from Pool Cue by moein
[3:24:52 PM] [g7hDW#2] moein: disconnected
[3:27:09 PM] [g7hDW#3] moein: joined with identifiers [steam:1100001406195ca; license:9862d776d8905d840b35900a2b4268e6f19d9704; discord:704356984413093948; fivem:888305; license2:9862d776d8905d840b35900a2b4268e6f19d9704]
[3:27:26 PM] [g7hDW#1] Sycmojtaba: caused an explosion (PLANE)
[3:27:26 PM] [g7hDW#1] Sycmojtaba: caused an explosion (PLANE)
[3:44:36 PM] [g7hDW#1] Sycmojtaba: died from Ranover by Vehicle by moein
[3:46:30 PM] [g7hDW#1] Sycmojtaba: died from suicide (Falling)
[3:50:12 PM] [g7hDW#3] moein: caused an explosion (GRENADE)
[3:50:12 PM] [g7hDW#3] moein: caused an explosion (GRENADE)
[3:51:08 PM] [g7hDW#3] moein: caused an explosion (GRENADE)
[3:51:09 PM] [g7hDW#3] moein: caused an explosion (GRENADE)
[3:51:11 PM] [g7hDW#3] moein: caused an explosion (GRENADE)
[3:51:12 PM] [g7hDW#3] moein: caused an explosion (GRENADE)
[3:51:19 PM] [g7hDW#1] Sycmojtaba: caused an explosion (TANKSHELL)
[3:51:20 PM] [g7hDW#3] moein: caused an explosion (PLANE)
[3:51:20 PM] [g7hDW#3] moein: caused an explosion (PLANE)
[3:51:21 PM] [g7hDW#3] moein: died from suicide (Explosion)
[3:51:31 PM] [g7hDW#1] Sycmojtaba: said "/reviveal"
[3:51:43 PM] [g7hDW#3] moein: died from suicide (Fire)
[3:51:52 PM] [g7hDW#3] moein: died from suicide (Fire)
[3:52:02 PM] [g7hDW#1] Sycmojtaba: caused an explosion (TANKSHELL)
[3:52:40 PM] [g7hDW#1] Sycmojtaba: caused an explosion (TANKSHELL)
[3:52:42 PM] [g7hDW#1] Sycmojtaba: caused an explosion (TANKSHELL)
[3:52:45 PM] [g7hDW#1] Sycmojtaba: caused an explosion (TANKSHELL)
[3:52:46 PM] [g7hDW#1] Sycmojtaba: caused an explosion (TANKSHELL)
[3:52:48 PM] [g7hDW#1] Sycmojtaba: caused an explosion (TANKSHELL)
[3:52:49 PM] [g7hDW#1] Sycmojtaba: caused an explosion (TANKSHELL)
[3:52:52 PM] [g7hDW#1] Sycmojtaba: caused an explosion (TANKSHELL)
[3:53:13 PM] [g7hDW#1] Sycmojtaba: caused an explosion (TANKSHELL)
[3:53:16 PM] [g7hDW#3] moein: caused an explosion (RAILGUN)
[3:53:21 PM] [g7hDW#3] moein: caused an explosion (RAILGUN)
[3:53:32 PM] [g7hDW#3] moein: caused an explosion (RAILGUN)
[3:53:34 PM] [g7hDW#3] moein: caused an explosion (RAILGUN)
[3:53:34 PM] [g7hDW#1] Sycmojtaba: caused an explosion (CAR)
[3:53:34 PM] [g7hDW#1] Sycmojtaba: died from Railgun by moein
[3:53:42 PM] [g7hDW#3] moein: caused an explosion (RAILGUN)
[3:53:42 PM] [g7hDW#1] Sycmojtaba: died from Railgun by moein
[3:54:04 PM] [g7hDW#1] Sycmojtaba: died from Pump Shotgun by moein
[3:54:12 PM] [g7hDW#1] Sycmojtaba: died from Pump Shotgun by moein
[3:54:48 PM] [g7hDW#3] moein: died from Assault Rifle by Sycmojtaba
[3:54:58 PM] [g7hDW#1] Sycmojtaba: died from Sniper Rifle by moein
[3:55:04 PM] [g7hDW#1] Sycmojtaba: died from Pump Shotgun by moein
[3:55:13 PM] [g7hDW#3] moein: died from AP Pistol by Sycmojtaba
[3:55:21 PM] [g7hDW#3] moein: died from AP Pistol by Sycmojtaba
[3:55:31 PM] [g7hDW#3] moein: caused an explosion (RAILGUN)
[3:55:36 PM] [g7hDW#3] moein: caused an explosion (RAILGUN)
[3:55:38 PM] [g7hDW#3] moein: died from Assault Rifle by Sycmojtaba
[3:56:07 PM] [g7hDW#3] moein: died from Sniper Rifle by Sycmojtaba
[3:56:34 PM] [g7hDW#1] Sycmojtaba: died from Assault Rifle by moein
[3:57:02 PM] [g7hDW#3] moein: died from Assault Rifle by Sycmojtaba
[3:57:25 PM] [g7hDW#1] Sycmojtaba: died from Assault Rifle by moein
[3:57:34 PM] [g7hDW#3] moein: died from Assault Rifle by Sycmojtaba
[3:57:46 PM] [g7hDW#3] moein: died from Sniper Rifle by Sycmojtaba
[3:57:56 PM] [g7hDW#3] moein: caused an explosion (RAILGUN)
[3:57:58 PM] [g7hDW#3] moein: died from Micro SMG by Sycmojtaba
[3:58:09 PM] [g7hDW#3] moein: caused an explosion (RAILGUN)
[3:58:10 PM] [g7hDW#1] Sycmojtaba: died from Railgun by moein
[3:58:15 PM] [g7hDW#3] moein: died from unknown by Sycmojtaba
[3:58:22 PM] [g7hDW#3] moein: died from Assault Rifle by Sycmojtaba
[3:58:37 PM] [g7hDW#3] moein: died from Heavy Sniper by Sycmojtaba
[3:58:47 PM] [g7hDW#3] moein: died from Assault Rifle by Sycmojtaba
[3:59:29 PM] [g7hDW#3] moein: caused an explosion (RAILGUN)
[3:59:29 PM] [g7hDW#1] Sycmojtaba: caused an explosion (TRUCK)
[3:59:32 PM] [g7hDW#3] moein: caused an explosion (RAILGUN)
[3:59:40 PM] [g7hDW#1] Sycmojtaba: died from Minigun by moein
[4:01:34 PM] [g7hDW#3] moein: died from Assault Rifle by Sycmojtaba
[4:01:49 PM] [g7hDW#3] moein: died from Assault Rifle by Sycmojtaba
[4:02:22 PM] [g7hDW#3] moein: died from Assault Rifle by Sycmojtaba
[4:02:36 PM] [g7hDW#3] moein: died from Assault Rifle by Sycmojtaba
[4:02:45 PM] [g7hDW#1] Sycmojtaba: died from suicide (Falling)
[4:02:50 PM] [g7hDW#1] Sycmojtaba: died from Minigun by moein
[4:02:54 PM] [g7hDW#3] moein: died from Assault Rifle by Sycmojtaba
[4:03:23 PM] [g7hDW#3] moein: died from unknown by Sycmojtaba
[4:03:33 PM] [g7hDW#1] Sycmojtaba: died from Fist by moein
[4:03:45 PM] [g7hDW#3] moein: died from Switch Blade by Sycmojtaba
[4:04:21 PM] [g7hDW#1] Sycmojtaba: died from Minigun by moein
[4:04:26 PM] [g7hDW#3] moein: died from Advanced Rifle by Sycmojtaba
[4:04:37 PM] [g7hDW#3] moein: died from Advanced Rifle by Sycmojtaba
[4:04:49 PM] [g7hDW#3] moein: died from Advanced Rifle by Sycmojtaba
[4:05:25 PM] [g7hDW#1] Sycmojtaba: died from Minigun by moein
[4:05:34 PM] [g7hDW#1] Sycmojtaba: died from Minigun by moein
[4:05:58 PM] [g7hDW#3] moein: died from Advanced Rifle by Sycmojtaba
[4:06:11 PM] [g7hDW#1] Sycmojtaba: died from Assault Rifle by moein
[4:06:31 PM] [g7hDW#3] moein: said "/rivavall"
[4:07:12 PM] [g7hDW#1] Sycmojtaba: died from Assault Rifle by moein
[4:08:10 PM] [g7hDW#1] Sycmojtaba: disconnected
[4:08:20 PM] [g7hDW#3] moein: disconnected

================================================================
======== txAdmin Starting - 11/17/2021, 4:10:51 PM              
================================================================
[4:11:01 PM] txAdmin: Logger started

================================================================
======== txAdmin Starting - 11/17/2021, 8:13:50 PM              
================================================================
[8:14:06 PM] txAdmin: Logger started

================================================================
======== txAdmin Starting - 11/17/2021, 8:14:17 PM              
================================================================
[8:14:27 PM] txAdmin: Logger started
