
================================================================
======== txAdmin Starting - 12/28/2021, 2:39:15 AM              
================================================================

================================================================
======== Log Rotated - 12/28/2021, 2:39:15 AM                   
================================================================
[2:39:33 AM] txAdmin: Logger started

================================================================
======== txAdmin Starting - 12/28/2021, 2:40:51 AM              
================================================================
[2:40:56 AM] txAdmin: Logger started
[2:43:49 AM] [a776c#1] Nima: joined with identifiers [steam:11000013ff94da8; license:1732760288d084491fad256f3cceed6f26b73262; discord:631463369458843668; fivem:634781; license2:1732760288d084491fad256f3cceed6f26b73262]
[2:45:09 AM] [a776c#1] Nima: disconnected

================================================================
======== txAdmin Starting - 12/28/2021, 2:45:14 AM              
================================================================
[2:45:20 AM] txAdmin: Logger started
[2:45:33 AM] [nrEJe#1] Nima: joined with identifiers [steam:11000013ff94da8; license:1732760288d084491fad256f3cceed6f26b73262; discord:631463369458843668; fivem:634781; license2:1732760288d084491fad256f3cceed6f26b73262]
[2:46:11 AM] [nrEJe#1] Nima: died from suicide
[2:46:52 AM] [nrEJe#1] Nima: died from suicide (Falling)
[2:49:20 AM] [nrEJe#1] Nima: disconnected

================================================================
======== txAdmin Starting - 12/28/2021, 2:49:39 AM              
================================================================
[2:49:47 AM] txAdmin: Logger started
[2:50:03 AM] [bb9YU#1] Nima: joined with identifiers [steam:11000013ff94da8; license:1732760288d084491fad256f3cceed6f26b73262; discord:631463369458843668; fivem:634781; license2:1732760288d084491fad256f3cceed6f26b73262]
[3:00:20 AM] [bb9YU#1] Nima: disconnected

================================================================
======== txAdmin Starting - 12/28/2021, 3:34:46 AM              
================================================================
[3:34:52 AM] txAdmin: Logger started
[3:37:17 AM] [zDNA8#1] Nima: joined with identifiers [steam:11000013ff94da8; license:1732760288d084491fad256f3cceed6f26b73262; discord:631463369458843668; fivem:634781; license2:1732760288d084491fad256f3cceed6f26b73262]

================================================================
======== txAdmin Starting - 12/28/2021, 3:48:49 AM              
================================================================
[3:48:55 AM] txAdmin: Logger started
[3:49:13 AM] [NrWri#1] Nima: joined with identifiers [steam:11000013ff94da8; license:1732760288d084491fad256f3cceed6f26b73262; discord:631463369458843668; fivem:634781; license2:1732760288d084491fad256f3cceed6f26b73262]
[3:52:59 AM] [NrWri#1] Nima: disconnected

================================================================
======== txAdmin Starting - 12/28/2021, 1:25:41 PM              
================================================================
[1:25:57 PM] txAdmin: Logger started

================================================================
======== txAdmin Starting - 12/28/2021, 1:26:42 PM              
================================================================
[1:26:48 PM] txAdmin: Logger started

================================================================
======== txAdmin Starting - 12/28/2021, 1:26:58 PM              
================================================================
[1:27:03 PM] txAdmin: Logger started

================================================================
======== txAdmin Starting - 12/28/2021, 1:48:02 PM              
================================================================
[1:48:13 PM] txAdmin: Logger started
[1:48:52 PM] [tLwdW#1] Nima: joined with identifiers [steam:11000013ff94da8; license:1732760288d084491fad256f3cceed6f26b73262; discord:631463369458843668; fivem:634781; license2:1732760288d084491fad256f3cceed6f26b73262]
[1:59:11 PM] [tLwdW#1] Nima: caused an explosion (TRUCK)
[2:00:24 PM] [tLwdW#1] Nima: caused an explosion (CAR)
[2:15:31 PM] [tLwdW#1] Nima: disconnected

================================================================
======== txAdmin Starting - 12/28/2021, 2:23:15 PM              
================================================================
[2:23:21 PM] txAdmin: Logger started

================================================================
======== txAdmin Starting - 12/28/2021, 2:23:56 PM              
================================================================
[2:24:02 PM] txAdmin: Logger started
[2:24:11 PM] [3LJJ4#1] Nima: joined with identifiers [steam:11000013ff94da8; license:1732760288d084491fad256f3cceed6f26b73262; discord:631463369458843668; fivem:634781; license2:1732760288d084491fad256f3cceed6f26b73262]
[2:27:43 PM] [3LJJ4#1] Nima: disconnected

================================================================
======== txAdmin Starting - 12/28/2021, 2:28:48 PM              
================================================================
[2:28:54 PM] txAdmin: Logger started
[2:29:17 PM] [aMCf7#1] Nima: joined with identifiers [steam:11000013ff94da8; license:1732760288d084491fad256f3cceed6f26b73262; discord:631463369458843668; fivem:634781; license2:1732760288d084491fad256f3cceed6f26b73262]

================================================================
======== txAdmin Starting - 12/28/2021, 2:43:59 PM              
================================================================
[2:44:06 PM] txAdmin: Logger started
[2:44:25 PM] [xBmdQ#1] Nima: joined with identifiers [steam:11000013ff94da8; license:1732760288d084491fad256f3cceed6f26b73262; discord:631463369458843668; fivem:634781; license2:1732760288d084491fad256f3cceed6f26b73262]
[2:55:39 PM] [xBmdQ#1] Nima: said "/kir kardan mardom"
[3:07:25 PM] [xBmdQ#1] Nima: caused an explosion (CAR)
[3:14:05 PM] [xBmdQ#1] Nima: died from suicide
[3:23:27 PM] [xBmdQ#1] Nima: disconnected

================================================================
======== txAdmin Starting - 12/28/2021, 3:26:50 PM              
================================================================
[3:26:55 PM] txAdmin: Logger started

================================================================
======== txAdmin Starting - 12/28/2021, 3:27:33 PM              
================================================================
[3:27:40 PM] txAdmin: Logger started
[3:28:02 PM] [VkAzX#1] Nima: joined with identifiers [steam:11000013ff94da8; license:1732760288d084491fad256f3cceed6f26b73262; discord:631463369458843668; fivem:634781; license2:1732760288d084491fad256f3cceed6f26b73262]

================================================================
======== txAdmin Starting - 12/28/2021, 3:35:40 PM              
================================================================
[3:35:45 PM] txAdmin: Logger started
[3:36:20 PM] [khzHx#1] Nima: joined with identifiers [steam:11000013ff94da8; license:1732760288d084491fad256f3cceed6f26b73262; discord:631463369458843668; fivem:634781; license2:1732760288d084491fad256f3cceed6f26b73262]

================================================================
======== txAdmin Starting - 12/28/2021, 5:13:40 PM              
================================================================

================================================================
======== txAdmin Starting - 12/28/2021, 5:13:56 PM              
================================================================
[5:14:05 PM] txAdmin: Logger started

================================================================
======== txAdmin Starting - 12/28/2021, 5:15:26 PM              
================================================================
[5:15:31 PM] txAdmin: Logger started
[5:18:37 PM] [RJWH9#1] Nima: joined with identifiers [steam:11000013ff94da8; license:1732760288d084491fad256f3cceed6f26b73262; discord:631463369458843668; fivem:634781; license2:1732760288d084491fad256f3cceed6f26b73262]
[5:21:24 PM] [RJWH9#1] Nima: disconnected

================================================================
======== txAdmin Starting - 12/28/2021, 5:37:43 PM              
================================================================
[5:38:06 PM] txAdmin: Logger started

================================================================
======== txAdmin Starting - 12/28/2021, 5:38:11 PM              
================================================================
[5:38:16 PM] txAdmin: Logger started
[5:38:26 PM] [rBBt7#1] Nima: joined with identifiers [steam:11000013ff94da8; license:1732760288d084491fad256f3cceed6f26b73262; discord:631463369458843668; fivem:634781; license2:1732760288d084491fad256f3cceed6f26b73262]
[5:50:02 PM] [rBBt7#1] Nima: disconnected

================================================================
======== txAdmin Starting - 12/28/2021, 5:50:35 PM              
================================================================
[5:50:46 PM] txAdmin: Logger started
[5:50:54 PM] [qte7Y#1] Nima: joined with identifiers [steam:11000013ff94da8; license:1732760288d084491fad256f3cceed6f26b73262; discord:631463369458843668; fivem:634781; license2:1732760288d084491fad256f3cceed6f26b73262]
[6:08:43 PM] [qte7Y#1] Nima: died from suicide
[6:23:47 PM] [qte7Y#1] Nima: caused an explosion (GAS_CANISTER)
[6:23:49 PM] [qte7Y#1] Nima: caused an explosion (GRENADE)
[6:23:58 PM] [qte7Y#1] Nima: caused an explosion (PROPANE)
[6:23:59 PM] [qte7Y#1] Nima: caused an explosion (GAS_CANISTER)
[6:24:01 PM] [qte7Y#1] Nima: caused an explosion (GAS_CANISTER)
[6:51:04 PM] [qte7Y#1] Nima: disconnected
[6:51:27 PM] [qte7Y#2] Nima: joined with identifiers [steam:11000013ff94da8; license:1732760288d084491fad256f3cceed6f26b73262; discord:631463369458843668; fivem:634781; license2:1732760288d084491fad256f3cceed6f26b73262]

================================================================
======== txAdmin Starting - 12/28/2021, 7:14:21 PM              
================================================================
[7:14:27 PM] txAdmin: Logger started

================================================================
======== txAdmin Starting - 12/28/2021, 7:18:24 PM              
================================================================
[7:18:29 PM] txAdmin: Logger started
[7:19:02 PM] [AM8b4#1] Nima: joined with identifiers [steam:11000013ff94da8; license:1732760288d084491fad256f3cceed6f26b73262; discord:631463369458843668; fivem:634781; license2:1732760288d084491fad256f3cceed6f26b73262]
[8:03:10 PM] [AM8b4#1] Nima: disconnected
