
================================================================
======== txAdmin Starting - 10/30/2021, 10:34:27 AM             
================================================================

================================================================
======== txAdmin Starting - 10/30/2021, 10:42:03 AM             
================================================================

================================================================
======== txAdmin Starting - 10/30/2021, 10:50:10 AM             
================================================================

================================================================
======== txAdmin Starting - 10/30/2021, 11:02:43 AM             
================================================================

================================================================
======== txAdmin Starting - 10/30/2021, 12:01:32 PM             
================================================================
[12:02:05 PM] txAdmin: Logger started

================================================================
======== txAdmin Starting - 10/30/2021, 1:02:36 PM              
================================================================
[1:02:51 PM] txAdmin: Logger started

================================================================
======== txAdmin Starting - 10/30/2021, 1:05:41 PM              
================================================================
[1:05:50 PM] txAdmin: Logger started

================================================================
======== txAdmin Starting - 10/30/2021, 1:08:58 PM              
================================================================
[1:09:08 PM] txAdmin: Logger started

================================================================
======== txAdmin Starting - 10/30/2021, 1:12:31 PM              
================================================================
[1:12:41 PM] txAdmin: Logger started

================================================================
======== txAdmin Starting - 10/30/2021, 1:15:57 PM              
================================================================
[1:16:07 PM] txAdmin: Logger started

================================================================
======== txAdmin Starting - 10/30/2021, 1:17:36 PM              
================================================================
[1:17:47 PM] txAdmin: Logger started

================================================================
======== txAdmin Starting - 10/30/2021, 1:20:08 PM              
================================================================
[1:20:18 PM] txAdmin: Logger started

================================================================
======== txAdmin Starting - 10/30/2021, 1:21:32 PM              
================================================================
[1:21:42 PM] txAdmin: Logger started

================================================================
======== txAdmin Starting - 10/30/2021, 1:24:05 PM              
================================================================
[1:24:14 PM] txAdmin: Logger started

================================================================
======== txAdmin Starting - 10/30/2021, 1:29:25 PM              
================================================================

================================================================
======== txAdmin Starting - 10/30/2021, 1:29:52 PM              
================================================================

================================================================
======== txAdmin Starting - 10/30/2021, 1:30:38 PM              
================================================================
[1:30:47 PM] txAdmin: Logger started

================================================================
======== txAdmin Starting - 10/30/2021, 1:35:33 PM              
================================================================
[1:35:44 PM] txAdmin: Logger started

================================================================
======== txAdmin Starting - 10/30/2021, 1:39:53 PM              
================================================================
[1:40:03 PM] txAdmin: Logger started

================================================================
======== txAdmin Starting - 10/30/2021, 1:42:06 PM              
================================================================
[1:42:19 PM] txAdmin: Logger started

================================================================
======== txAdmin Starting - 10/30/2021, 11:01:15 PM             
================================================================

================================================================
======== txAdmin Starting - 10/30/2021, 11:01:57 PM             
================================================================
