
================================================================
======== txAdmin Starting - 1/1/2022, 12:37:42 PM               
================================================================

================================================================
======== Log Rotated - 1/1/2022, 12:37:42 PM                    
================================================================

================================================================
======== txAdmin Starting - 1/1/2022, 12:37:58 PM               
================================================================
[12:38:13 PM] txAdmin: Logger started

================================================================
======== txAdmin Starting - 1/1/2022, 12:38:23 PM               
================================================================
[12:38:28 PM] txAdmin: Logger started

================================================================
======== txAdmin Starting - 1/1/2022, 12:51:38 PM               
================================================================
[12:51:44 PM] txAdmin: Logger started
[12:52:08 PM] [BM4md#1] Nima: joined with identifiers [steam:11000013ff94da8; license:1732760288d084491fad256f3cceed6f26b73262; discord:631463369458843668; fivem:634781; license2:1732760288d084491fad256f3cceed6f26b73262]
[1:01:55 PM] [BM4md#1] Nima: said "/tpw"
[1:07:10 PM] [BM4md#1] Nima: disconnected

================================================================
======== txAdmin Starting - 1/1/2022, 1:08:19 PM                
================================================================
[1:08:24 PM] txAdmin: Logger started

================================================================
======== txAdmin Starting - 1/1/2022, 1:09:07 PM                
================================================================
[1:09:12 PM] txAdmin: Logger started
[1:10:04 PM] [eipd6#1] Nima: joined with identifiers [steam:11000013ff94da8; license:1732760288d084491fad256f3cceed6f26b73262; discord:631463369458843668; fivem:634781; license2:1732760288d084491fad256f3cceed6f26b73262]
[1:38:41 PM] [eipd6#1] Nima: disconnected
