
================================================================
======== txAdmin Starting - 12/27/2021, 2:24:32 PM              
================================================================

================================================================
======== Log Rotated - 12/27/2021, 2:24:32 PM                   
================================================================

================================================================
======== txAdmin Starting - 12/27/2021, 2:24:37 PM              
================================================================

================================================================
======== txAdmin Starting - 12/27/2021, 2:24:57 PM              
================================================================

================================================================
======== txAdmin Starting - 12/27/2021, 2:33:32 PM              
================================================================

================================================================
======== txAdmin Starting - 12/27/2021, 2:46:44 PM              
================================================================
[2:46:58 PM] txAdmin: Logger started

================================================================
======== txAdmin Starting - 12/27/2021, 2:47:04 PM              
================================================================
[2:47:09 PM] txAdmin: Logger started

================================================================
======== txAdmin Starting - 12/27/2021, 5:25:35 PM              
================================================================
[5:25:41 PM] txAdmin: Logger started

================================================================
======== txAdmin Starting - 12/27/2021, 5:31:19 PM              
================================================================
[5:31:26 PM] txAdmin: Logger started
[5:32:14 PM] [F7W7p#1] Nima: joined with identifiers [steam:11000013ff94da8; license:1732760288d084491fad256f3cceed6f26b73262; discord:631463369458843668; fivem:634781; license2:1732760288d084491fad256f3cceed6f26b73262]
[5:38:03 PM] [F7W7p#1] Nima: caused an explosion (TRUCK)
[5:38:14 PM] [F7W7p#1] Nima: caused an explosion (CAR)
[5:38:25 PM] [F7W7p#1] Nima: caused an explosion (TRUCK)
[6:13:30 PM] [F7W7p#1] Nima: died from suicide
[7:30:14 PM] [F7W7p#1] Nima: disconnected

================================================================
======== txAdmin Starting - 12/27/2021, 11:39:36 PM             
================================================================
[11:39:43 PM] txAdmin: Logger started
[11:40:43 PM] [7LxyD#1] Nima: joined with identifiers [steam:11000013ff94da8; license:1732760288d084491fad256f3cceed6f26b73262; discord:631463369458843668; fivem:634781; license2:1732760288d084491fad256f3cceed6f26b73262]
[11:42:13 PM] [7LxyD#1] Nima: died from suicide
[11:43:03 PM] [7LxyD#1] Nima: disconnected
