
================================================================
======== txAdmin Starting - 1/22/2022, 6:08:36 PM               
================================================================

================================================================
======== Log Rotated - 1/22/2022, 6:08:37 PM                    
================================================================
[6:09:10 PM] txAdmin: Logger started

================================================================
======== txAdmin Starting - 1/22/2022, 6:09:15 PM               
================================================================
[6:09:20 PM] txAdmin: Logger started
[6:10:11 PM] [wYUeb#1] Nima: joined with identifiers [steam:11000013ff94da8; license:1732760288d084491fad256f3cceed6f26b73262; discord:631463369458843668; fivem:634781; license2:1732760288d084491fad256f3cceed6f26b73262]
[6:11:44 PM] [wYUeb#1] Nima: said "/tpw"
[6:17:16 PM] [wYUeb#1] Nima: said "/tpw"
[6:32:35 PM] [wYUeb#1] Nima: said "/alldoors"
[6:36:40 PM] [wYUeb#1] Nima: disconnected

================================================================
======== txAdmin Starting - 1/22/2022, 6:47:59 PM               
================================================================

================================================================
======== txAdmin Starting - 1/22/2022, 6:49:30 PM               
================================================================
[6:49:54 PM] txAdmin: Logger started
[6:51:24 PM] txAdmin: Logger started

================================================================
======== txAdmin Starting - 1/22/2022, 6:52:52 PM               
================================================================
[6:53:17 PM] txAdmin: Logger started

================================================================
======== txAdmin Starting - 1/22/2022, 6:55:19 PM               
================================================================
[6:55:41 PM] txAdmin: Logger started

================================================================
======== txAdmin Starting - 1/22/2022, 6:56:18 PM               
================================================================
[6:56:41 PM] txAdmin: Logger started
[6:58:30 PM] [9YPVA#1] Nima: joined with identifiers [steam:11000013ff94da8; license:1732760288d084491fad256f3cceed6f26b73262; discord:631463369458843668; fivem:634781; license2:1732760288d084491fad256f3cceed6f26b73262]
[7:00:39 PM] [9YPVA#1] Nima: disconnected

================================================================
======== txAdmin Starting - 1/22/2022, 7:05:11 PM               
================================================================

================================================================
======== txAdmin Starting - 1/22/2022, 7:05:48 PM               
================================================================
[7:06:12 PM] txAdmin: Logger started
[7:07:12 PM] [8HBcY#1] Nima: joined with identifiers [steam:11000013ff94da8; license:1732760288d084491fad256f3cceed6f26b73262; discord:631463369458843668; fivem:634781; license2:1732760288d084491fad256f3cceed6f26b73262]

================================================================
======== txAdmin Starting - 1/22/2022, 7:14:54 PM               
================================================================
[7:15:17 PM] txAdmin: Logger started

================================================================
======== txAdmin Starting - 1/22/2022, 7:15:37 PM               
================================================================
[7:15:58 PM] txAdmin: Logger started
[7:16:12 PM] [BKy4c#1] Nima: joined with identifiers [steam:11000013ff94da8; license:1732760288d084491fad256f3cceed6f26b73262; discord:631463369458843668; fivem:634781; license2:1732760288d084491fad256f3cceed6f26b73262]

================================================================
======== txAdmin Starting - 1/22/2022, 7:21:47 PM               
================================================================
[7:22:10 PM] txAdmin: Logger started
[7:22:23 PM] [nYCQR#1] Nima: joined with identifiers [steam:11000013ff94da8; license:1732760288d084491fad256f3cceed6f26b73262; discord:631463369458843668; fivem:634781; license2:1732760288d084491fad256f3cceed6f26b73262]

================================================================
======== txAdmin Starting - 1/22/2022, 7:33:04 PM               
================================================================
[7:33:26 PM] txAdmin: Logger started
[7:33:48 PM] [CJkcw#1] Nima: joined with identifiers [steam:11000013ff94da8; license:1732760288d084491fad256f3cceed6f26b73262; discord:631463369458843668; fivem:634781; license2:1732760288d084491fad256f3cceed6f26b73262]
[7:35:05 PM] [CJkcw#1] Nima: disconnected

================================================================
======== txAdmin Starting - 1/22/2022, 7:38:54 PM               
================================================================
[7:39:17 PM] txAdmin: Logger started

================================================================
======== txAdmin Starting - 1/22/2022, 7:41:14 PM               
================================================================
[7:41:36 PM] txAdmin: Logger started
[7:42:14 PM] [3VTyb#1] Nima: joined with identifiers [steam:11000013ff94da8; license:1732760288d084491fad256f3cceed6f26b73262; discord:631463369458843668; fivem:634781; license2:1732760288d084491fad256f3cceed6f26b73262]

================================================================
======== txAdmin Starting - 1/22/2022, 7:43:35 PM               
================================================================
[7:43:56 PM] txAdmin: Logger started
[7:44:17 PM] [qe9kH#1] Nima: joined with identifiers [steam:11000013ff94da8; license:1732760288d084491fad256f3cceed6f26b73262; discord:631463369458843668; fivem:634781; license2:1732760288d084491fad256f3cceed6f26b73262]
[7:59:00 PM] [qe9kH#1] Nima: disconnected

================================================================
======== txAdmin Starting - 1/22/2022, 8:04:08 PM               
================================================================
[8:04:31 PM] txAdmin: Logger started
[8:04:45 PM] [EEzwW#1] Nima: joined with identifiers [steam:11000013ff94da8; license:1732760288d084491fad256f3cceed6f26b73262; discord:631463369458843668; fivem:634781; license2:1732760288d084491fad256f3cceed6f26b73262]
[8:08:57 PM] [EEzwW#1] Nima: disconnected

================================================================
======== txAdmin Starting - 1/22/2022, 8:10:17 PM               
================================================================
[8:10:40 PM] txAdmin: Logger started

================================================================
======== txAdmin Starting - 1/22/2022, 8:27:20 PM               
================================================================
[8:27:45 PM] txAdmin: Logger started
[8:29:11 PM] [pcart#1] Nima: joined with identifiers [steam:11000013ff94da8; license:1732760288d084491fad256f3cceed6f26b73262; discord:631463369458843668; fivem:634781; license2:1732760288d084491fad256f3cceed6f26b73262]

================================================================
======== txAdmin Starting - 1/22/2022, 8:31:29 PM               
================================================================
[8:31:52 PM] txAdmin: Logger started
[8:32:27 PM] [JgUpj#1] Nima: joined with identifiers [steam:11000013ff94da8; license:1732760288d084491fad256f3cceed6f26b73262; discord:631463369458843668; fivem:634781; license2:1732760288d084491fad256f3cceed6f26b73262]
[8:37:18 PM] [JgUpj#2] MohamadRZ: joined with identifiers [steam:1100001485d6303; license:c409b034eaf88b24e8834295a91cc3c2c1e16711; discord:823556244698169415; license2:634d2a62315a58f475595455c67a4526ff6b42c6]
[8:45:13 PM] [JgUpj#3] [HBK}: joined with identifiers [steam:11000014b5aa36a; license:3b2cb097b4bd318161df0d7ae1d51cf26c8d2f6c; xbl:2535471971936088; live:914798949907208; discord:876922430986289255; license2:3b2cb097b4bd318161df0d7ae1d51cf26c8d2f6c]
[8:46:04 PM] [JgUpj#2] MohamadRZ: said "/aduty"
[8:50:51 PM] [JgUpj#2] MohamadRZ: died from Sniper Rifle by [HBK}
[8:51:54 PM] [JgUpj#3] [HBK}: caused an explosion (GRENADELAUNCHER)
[8:51:58 PM] [JgUpj#3] [HBK}: caused an explosion (GRENADELAUNCHER)
[8:52:01 PM] [JgUpj#3] [HBK}: caused an explosion (GRENADELAUNCHER)
[8:52:02 PM] [JgUpj#3] [HBK}: caused an explosion (GRENADELAUNCHER)
[8:52:15 PM] [JgUpj#3] [HBK}: caused an explosion (GRENADELAUNCHER)
[8:55:16 PM] [JgUpj#3] [HBK}: said "/aduty"
[8:59:01 PM] [JgUpj#2] MohamadRZ: said "/goto1"
[8:59:54 PM] [JgUpj#3] [HBK}: caused an explosion (GRENADE)
[9:00:31 PM] [JgUpj#4] PsycMojtaba: joined with identifiers [steam:1100001485e8a00; license:a8aad3bd2d2942a5db8eee6c39684c483deb820a; discord:835079290999537705; license2:ccab55aaef9090fa6d6a5cb2e7506af7e5a907c1]
[9:03:27 PM] [JgUpj#4] PsycMojtaba: said "/aduty"
[9:04:32 PM] [JgUpj#4] PsycMojtaba: died from suicide (Falling)
[9:05:43 PM] [JgUpj#3] [HBK}: caused an explosion (GRENADELAUNCHER)
[9:05:43 PM] [JgUpj#3] [HBK}: caused an explosion (GRENADELAUNCHER)
[9:12:33 PM] [JgUpj#3] [HBK}: died from Assault Rifle by PsycMojtaba
[9:12:35 PM] [JgUpj#3] [HBK}: caused an explosion (GRENADE)
[9:12:43 PM] [JgUpj#4] PsycMojtaba: caused an explosion (GRENADE)
[9:12:43 PM] [JgUpj#4] PsycMojtaba: caused an explosion (GRENADE)
[9:12:44 PM] [JgUpj#4] PsycMojtaba: caused an explosion (GRENADE)
[9:12:45 PM] [JgUpj#4] PsycMojtaba: caused an explosion (GRENADE)
[9:12:46 PM] [JgUpj#4] PsycMojtaba: caused an explosion (GRENADE)
[9:12:47 PM] [JgUpj#4] PsycMojtaba: caused an explosion (GRENADE)
[9:12:47 PM] [JgUpj#4] PsycMojtaba: caused an explosion (GRENADELAUNCHER)
[9:13:42 PM] [JgUpj#3] [HBK}: died from Pistol by Nima
[9:14:25 PM] [JgUpj#3] [HBK}: died from Pistol by Nima
[9:14:45 PM] [JgUpj#4] PsycMojtaba: caused an explosion (GRENADE)
[9:14:52 PM] [JgUpj#4] PsycMojtaba: caused an explosion (GRENADE)
[9:14:54 PM] [JgUpj#4] PsycMojtaba: caused an explosion (GRENADE)
[9:14:55 PM] [JgUpj#4] PsycMojtaba: caused an explosion (GRENADE)
[9:15:14 PM] [JgUpj#4] PsycMojtaba: caused an explosion (ROCKET)
[9:20:38 PM] [JgUpj#4] PsycMojtaba: caused an explosion (PETROL_PUMP)
[9:20:38 PM] [JgUpj#4] PsycMojtaba: caused an explosion (PETROL_PUMP)
[9:20:38 PM] [JgUpj#4] PsycMojtaba: caused an explosion (PETROL_PUMP)
[9:20:39 PM] [JgUpj#2] MohamadRZ: caused an explosion (PETROL_PUMP)
[9:20:39 PM] [JgUpj#3] [HBK}: caused an explosion (PETROL_PUMP)
[9:20:39 PM] [JgUpj#2] MohamadRZ: caused an explosion (PETROL_PUMP)
[9:20:41 PM] [JgUpj#4] PsycMojtaba: caused an explosion (PETROL_PUMP)
[9:20:42 PM] [JgUpj#4] PsycMojtaba: caused an explosion (PETROL_PUMP)
[9:20:42 PM] [JgUpj#1] Nima: caused an explosion (CAR)
[9:20:43 PM] [JgUpj#4] PsycMojtaba: caused an explosion (PETROL_PUMP)
[9:20:44 PM] [JgUpj#4] PsycMojtaba: caused an explosion (PETROL_PUMP)
[9:20:46 PM] [JgUpj#1] Nima: caused an explosion (PETROL_PUMP)
[9:20:46 PM] [JgUpj#4] PsycMojtaba: caused an explosion (PETROL_PUMP)
[9:20:47 PM] [JgUpj#4] PsycMojtaba: caused an explosion (PETROL_PUMP)
[9:20:47 PM] [JgUpj#3] [HBK}: caused an explosion (PETROL_PUMP)
[9:20:48 PM] [JgUpj#2] MohamadRZ: caused an explosion (PETROL_PUMP)
[9:20:48 PM] [JgUpj#1] Nima: caused an explosion (PETROL_PUMP)
[9:20:48 PM] [JgUpj#2] MohamadRZ: caused an explosion (PETROL_PUMP)
[9:20:48 PM] [JgUpj#2] MohamadRZ: said "/fix"
[9:21:17 PM] [JgUpj#1] Nima: caused an explosion (PETROL_PUMP)
[9:21:17 PM] [JgUpj#3] [HBK}: caused an explosion (PETROL_PUMP)
[9:21:17 PM] [JgUpj#2] MohamadRZ: caused an explosion (PETROL_PUMP)
[9:21:17 PM] [JgUpj#1] Nima: caused an explosion (PETROL_PUMP)
[9:21:17 PM] [JgUpj#3] [HBK}: caused an explosion (PETROL_PUMP)
[9:21:17 PM] [JgUpj#4] PsycMojtaba: caused an explosion (PETROL_PUMP)
[9:21:17 PM] [JgUpj#2] MohamadRZ: caused an explosion (PETROL_PUMP)
[9:22:00 PM] [JgUpj#4] PsycMojtaba: caused an explosion (PETROL_PUMP)
[9:22:01 PM] [JgUpj#3] [HBK}: caused an explosion (PETROL_PUMP)
[9:22:02 PM] [JgUpj#2] MohamadRZ: caused an explosion (PETROL_PUMP)
[9:22:04 PM] [JgUpj#4] PsycMojtaba: caused an explosion (PETROL_PUMP)
[9:22:05 PM] [JgUpj#4] PsycMojtaba: caused an explosion (PETROL_PUMP)
[9:22:05 PM] [JgUpj#3] [HBK}: caused an explosion (PETROL_PUMP)
[9:22:24 PM] [JgUpj#4] PsycMojtaba: caused an explosion (RAYGUN)
[9:22:26 PM] [JgUpj#4] PsycMojtaba: caused an explosion (RAYGUN)
[9:22:30 PM] [JgUpj#4] PsycMojtaba: caused an explosion (RAYGUN)
[9:22:32 PM] [JgUpj#4] PsycMojtaba: caused an explosion (RAYGUN)
[9:22:34 PM] [JgUpj#4] PsycMojtaba: caused an explosion (RAYGUN)
[9:23:53 PM] [JgUpj#1] Nima: died from Pump Shotgun by PsycMojtaba
[9:26:44 PM] [JgUpj#4] PsycMojtaba: said "/یر"
[9:27:23 PM] [JgUpj#1] Nima: died from Pistol by MohamadRZ
[9:29:58 PM] [JgUpj#1] Nima: died from Ranover by Vehicle by PsycMojtaba
[9:32:32 PM] [JgUpj#3] [HBK}: caused an explosion (GRENADELAUNCHER)
[9:32:50 PM] [JgUpj#2] MohamadRZ: caused an explosion (GRENADE)
[9:32:52 PM] [JgUpj#2] MohamadRZ: caused an explosion (GRENADE)
[9:32:53 PM] [JgUpj#2] MohamadRZ: caused an explosion (GRENADE)
[9:32:56 PM] [JgUpj#2] MohamadRZ: caused an explosion (GRENADE)
[9:32:58 PM] [JgUpj#2] MohamadRZ: caused an explosion (GRENADE)
[9:34:09 PM] [JgUpj#3] [HBK}: caused an explosion (RAYGUN)
[9:34:12 PM] [JgUpj#3] [HBK}: caused an explosion (RAYGUN)
[9:34:14 PM] [JgUpj#3] [HBK}: caused an explosion (RAYGUN)
[9:34:17 PM] [JgUpj#3] [HBK}: caused an explosion (RAYGUN)
[9:34:34 PM] [JgUpj#2] MohamadRZ: caused an explosion (GRENADE)
[9:34:36 PM] [JgUpj#2] MohamadRZ: caused an explosion (GRENADE)
[9:34:37 PM] [JgUpj#2] MohamadRZ: caused an explosion (GRENADE)
[9:34:39 PM] [JgUpj#2] MohamadRZ: caused an explosion (GRENADE)
[9:34:56 PM] [JgUpj#3] [HBK}: caused an explosion (CAR)
[9:35:00 PM] [JgUpj#3] [HBK}: caused an explosion (CAR)
[9:35:03 PM] [JgUpj#3] [HBK}: caused an explosion (CAR)
[9:35:23 PM] [JgUpj#3] [HBK}: caused an explosion (FIREWORK)
[9:35:26 PM] [JgUpj#3] [HBK}: caused an explosion (FIREWORK)
[9:35:51 PM] [JgUpj#3] [HBK}: caused an explosion (FIREWORK)
[9:36:41 PM] [JgUpj#2] MohamadRZ: disconnected
[9:36:46 PM] [JgUpj#3] [HBK}: caused an explosion (FIREWORK)
[9:37:03 PM] [JgUpj#3] [HBK}: disconnected
[9:37:17 PM] [JgUpj#4] PsycMojtaba: disconnected
[9:37:58 PM] [JgUpj#1] Nima: disconnected

================================================================
======== txAdmin Starting - 1/22/2022, 9:38:01 PM               
================================================================
[9:38:24 PM] txAdmin: Logger started
[9:40:18 PM] [zjPKY#1] Nima: joined with identifiers [steam:11000013ff94da8; license:1732760288d084491fad256f3cceed6f26b73262; discord:631463369458843668; fivem:634781; license2:1732760288d084491fad256f3cceed6f26b73262]
