
================================================================
======== txAdmin Starting - 12/25/2021, 5:01:42 AM              
================================================================

================================================================
======== Log Rotated - 12/25/2021, 5:01:42 AM                   
================================================================
[5:01:51 AM] txAdmin: Logger started

================================================================
======== txAdmin Starting - 12/25/2021, 5:04:42 AM              
================================================================
[5:04:48 AM] txAdmin: Logger started

================================================================
======== txAdmin Starting - 12/25/2021, 5:05:50 AM              
================================================================
[5:05:56 AM] txAdmin: Logger started

================================================================
======== txAdmin Starting - 12/25/2021, 5:08:11 AM              
================================================================
[5:08:17 AM] txAdmin: Logger started

================================================================
======== txAdmin Starting - 12/25/2021, 5:09:07 AM              
================================================================
[5:09:12 AM] txAdmin: Logger started
[5:10:48 AM] [Gtw8i#1] Nima: joined with identifiers [steam:11000013ff94da8; license:1732760288d084491fad256f3cceed6f26b73262; discord:631463369458843668; fivem:634781; license2:1732760288d084491fad256f3cceed6f26b73262]
[5:14:30 AM] [Gtw8i#1] Nima: died from suicide (Falling)
[5:25:41 AM] [Gtw8i#1] Nima: disconnected

================================================================
======== txAdmin Starting - 12/25/2021, 9:43:37 AM              
================================================================
[9:43:54 AM] txAdmin: Logger started

================================================================
======== txAdmin Starting - 12/25/2021, 9:43:59 AM              
================================================================

================================================================
======== txAdmin Starting - 12/25/2021, 9:44:08 AM              
================================================================
[9:44:13 AM] txAdmin: Logger started
[9:46:45 AM] [eWFAq#1] BigDark: joined with identifiers [steam:11000013ff94da8; license:1732760288d084491fad256f3cceed6f26b73262; discord:631463369458843668; fivem:634781; license2:1732760288d084491fad256f3cceed6f26b73262]

================================================================
======== txAdmin Starting - 12/25/2021, 10:06:28 AM             
================================================================
[10:06:34 AM] txAdmin: Logger started
[10:06:54 AM] [U7mEH#1] BigDark: joined with identifiers [steam:11000013ff94da8; license:1732760288d084491fad256f3cceed6f26b73262; discord:631463369458843668; fivem:634781; license2:1732760288d084491fad256f3cceed6f26b73262]
[10:12:23 AM] [U7mEH#1] BigDark: said "/lock"
[10:13:27 AM] [U7mEH#1] BigDark: disconnected

================================================================
======== txAdmin Starting - 12/25/2021, 11:02:00 AM             
================================================================
[11:02:12 AM] txAdmin: Logger started
[11:03:10 AM] [CcQHT#1] BigDark: joined with identifiers [steam:11000013ff94da8; license:1732760288d084491fad256f3cceed6f26b73262; discord:631463369458843668; fivem:634781; license2:1732760288d084491fad256f3cceed6f26b73262]
[11:09:53 AM] [CcQHT#1] BigDark: disconnected

================================================================
======== txAdmin Starting - 12/25/2021, 11:15:39 AM             
================================================================
[11:15:45 AM] txAdmin: Logger started
[11:16:24 AM] [kAyzd#1] BigDark: joined with identifiers [steam:11000013ff94da8; license:1732760288d084491fad256f3cceed6f26b73262; discord:631463369458843668; fivem:634781; license2:1732760288d084491fad256f3cceed6f26b73262]

================================================================
======== txAdmin Starting - 12/25/2021, 12:04:52 PM             
================================================================
[12:04:59 PM] txAdmin: Logger started
