
================================================================
======== txAdmin Starting - 1/2/2022, 2:28:35 AM                
================================================================

================================================================
======== Log Rotated - 1/2/2022, 2:28:36 AM                     
================================================================
[2:28:53 AM] txAdmin: Logger started

================================================================
======== txAdmin Starting - 1/2/2022, 2:29:30 AM                
================================================================
[2:29:35 AM] txAdmin: Logger started
[2:32:30 AM] [fkyLa#1] Nima: joined with identifiers [steam:11000013ff94da8; license:1732760288d084491fad256f3cceed6f26b73262; discord:631463369458843668; fivem:634781; license2:1732760288d084491fad256f3cceed6f26b73262]
[2:37:07 AM] [fkyLa#1] Nima: disconnected

================================================================
======== txAdmin Starting - 1/2/2022, 2:37:37 AM                
================================================================
[2:37:45 AM] txAdmin: Logger started
[2:38:09 AM] [XURQ6#1] Nima: joined with identifiers [steam:11000013ff94da8; license:1732760288d084491fad256f3cceed6f26b73262; discord:631463369458843668; fivem:634781; license2:1732760288d084491fad256f3cceed6f26b73262]
[2:39:12 AM] [XURQ6#1] Nima: disconnected

================================================================
======== txAdmin Starting - 1/2/2022, 2:39:39 AM                
================================================================
[2:39:45 AM] txAdmin: Logger started
[2:39:57 AM] [ewNwU#1] Nima: joined with identifiers [steam:11000013ff94da8; license:1732760288d084491fad256f3cceed6f26b73262; discord:631463369458843668; fivem:634781; license2:1732760288d084491fad256f3cceed6f26b73262]
[2:40:20 AM] [ewNwU#1] Nima: disconnected

================================================================
======== txAdmin Starting - 1/2/2022, 2:41:12 AM                
================================================================
[2:41:27 AM] txAdmin: Logger started
[2:42:13 AM] [Yj4nn#1] Nima: joined with identifiers [steam:11000013ff94da8; license:1732760288d084491fad256f3cceed6f26b73262; discord:631463369458843668; fivem:634781; license2:1732760288d084491fad256f3cceed6f26b73262]
[2:44:57 AM] [Yj4nn#1] Nima: disconnected

================================================================
======== txAdmin Starting - 1/2/2022, 2:57:34 AM                
================================================================
[2:57:41 AM] txAdmin: Logger started
[2:57:54 AM] [F4krg#1] Nima: joined with identifiers [steam:11000013ff94da8; license:1732760288d084491fad256f3cceed6f26b73262; discord:631463369458843668; fivem:634781; license2:1732760288d084491fad256f3cceed6f26b73262]
[3:04:07 AM] [F4krg#1] Nima: disconnected

================================================================
======== txAdmin Starting - 1/2/2022, 3:16:31 AM                
================================================================
[3:16:39 AM] txAdmin: Logger started
[3:16:44 AM] [hxaNR#1] Nima: joined with identifiers [steam:11000013ff94da8; license:1732760288d084491fad256f3cceed6f26b73262; discord:631463369458843668; fivem:634781; license2:1732760288d084491fad256f3cceed6f26b73262]
[3:24:49 AM] [hxaNR#1] Nima: disconnected
